CRITICAL - 2021-01-27 13:24:35 --> Invalid file: {0}
#0 C:\xampp\htdocs\system\View\View.php(228): CodeIgniter\Exceptions\FrameworkException::forInvalidFile('pagers/signup.p...')
#1 C:\xampp\htdocs\system\Common.php(1119): CodeIgniter\View\View->render('pagers/signup', Array, true)
#2 C:\xampp\htdocs\app\Controllers\Web.php(15): view('pagers/signup')
#3 C:\xampp\htdocs\system\CodeIgniter.php(918): App\Controllers\Web->signup()
#4 C:\xampp\htdocs\system\CodeIgniter.php(404): CodeIgniter\CodeIgniter->runController(Object(App\Controllers\Web))
#5 C:\xampp\htdocs\system\CodeIgniter.php(312): CodeIgniter\CodeIgniter->handleRequest(NULL, Object(Config\Cache), false)
#6 C:\xampp\htdocs\index.php(45): CodeIgniter\CodeIgniter->run()
#7 {main}
CRITICAL - 2021-01-27 13:24:36 --> Invalid file: {0}
#0 C:\xampp\htdocs\system\View\View.php(228): CodeIgniter\Exceptions\FrameworkException::forInvalidFile('pagers/signup.p...')
#1 C:\xampp\htdocs\system\Common.php(1119): CodeIgniter\View\View->render('pagers/signup', Array, true)
#2 C:\xampp\htdocs\app\Controllers\Web.php(15): view('pagers/signup')
#3 C:\xampp\htdocs\system\CodeIgniter.php(918): App\Controllers\Web->signup()
#4 C:\xampp\htdocs\system\CodeIgniter.php(404): CodeIgniter\CodeIgniter->runController(Object(App\Controllers\Web))
#5 C:\xampp\htdocs\system\CodeIgniter.php(312): CodeIgniter\CodeIgniter->handleRequest(NULL, Object(Config\Cache), false)
#6 C:\xampp\htdocs\index.php(45): CodeIgniter\CodeIgniter->run()
#7 {main}
CRITICAL - 2021-01-27 13:24:39 --> Invalid file: {0}
#0 C:\xampp\htdocs\system\View\View.php(228): CodeIgniter\Exceptions\FrameworkException::forInvalidFile('pagers/signup.p...')
#1 C:\xampp\htdocs\system\Common.php(1119): CodeIgniter\View\View->render('pagers/signup', Array, true)
#2 C:\xampp\htdocs\app\Controllers\Web.php(15): view('pagers/signup')
#3 C:\xampp\htdocs\system\CodeIgniter.php(918): App\Controllers\Web->signup()
#4 C:\xampp\htdocs\system\CodeIgniter.php(404): CodeIgniter\CodeIgniter->runController(Object(App\Controllers\Web))
#5 C:\xampp\htdocs\system\CodeIgniter.php(312): CodeIgniter\CodeIgniter->handleRequest(NULL, Object(Config\Cache), false)
#6 C:\xampp\htdocs\index.php(45): CodeIgniter\CodeIgniter->run()
#7 {main}
CRITICAL - 2021-01-27 13:24:39 --> Invalid file: {0}
#0 C:\xampp\htdocs\system\View\View.php(228): CodeIgniter\Exceptions\FrameworkException::forInvalidFile('pagers/signup.p...')
#1 C:\xampp\htdocs\system\Common.php(1119): CodeIgniter\View\View->render('pagers/signup', Array, true)
#2 C:\xampp\htdocs\app\Controllers\Web.php(15): view('pagers/signup')
#3 C:\xampp\htdocs\system\CodeIgniter.php(918): App\Controllers\Web->signup()
#4 C:\xampp\htdocs\system\CodeIgniter.php(404): CodeIgniter\CodeIgniter->runController(Object(App\Controllers\Web))
#5 C:\xampp\htdocs\system\CodeIgniter.php(312): CodeIgniter\CodeIgniter->handleRequest(NULL, Object(Config\Cache), false)
#6 C:\xampp\htdocs\index.php(45): CodeIgniter\CodeIgniter->run()
#7 {main}
CRITICAL - 2021-01-27 13:24:40 --> Invalid file: {0}
#0 C:\xampp\htdocs\system\View\View.php(228): CodeIgniter\Exceptions\FrameworkException::forInvalidFile('pagers/signup.p...')
#1 C:\xampp\htdocs\system\Common.php(1119): CodeIgniter\View\View->render('pagers/signup', Array, true)
#2 C:\xampp\htdocs\app\Controllers\Web.php(15): view('pagers/signup')
#3 C:\xampp\htdocs\system\CodeIgniter.php(918): App\Controllers\Web->signup()
#4 C:\xampp\htdocs\system\CodeIgniter.php(404): CodeIgniter\CodeIgniter->runController(Object(App\Controllers\Web))
#5 C:\xampp\htdocs\system\CodeIgniter.php(312): CodeIgniter\CodeIgniter->handleRequest(NULL, Object(Config\Cache), false)
#6 C:\xampp\htdocs\index.php(45): CodeIgniter\CodeIgniter->run()
#7 {main}
CRITICAL - 2021-01-27 13:24:40 --> Invalid file: {0}
#0 C:\xampp\htdocs\system\View\View.php(228): CodeIgniter\Exceptions\FrameworkException::forInvalidFile('pagers/signup.p...')
#1 C:\xampp\htdocs\system\Common.php(1119): CodeIgniter\View\View->render('pagers/signup', Array, true)
#2 C:\xampp\htdocs\app\Controllers\Web.php(15): view('pagers/signup')
#3 C:\xampp\htdocs\system\CodeIgniter.php(918): App\Controllers\Web->signup()
#4 C:\xampp\htdocs\system\CodeIgniter.php(404): CodeIgniter\CodeIgniter->runController(Object(App\Controllers\Web))
#5 C:\xampp\htdocs\system\CodeIgniter.php(312): CodeIgniter\CodeIgniter->handleRequest(NULL, Object(Config\Cache), false)
#6 C:\xampp\htdocs\index.php(45): CodeIgniter\CodeIgniter->run()
#7 {main}
CRITICAL - 2021-01-27 13:24:40 --> Invalid file: {0}
#0 C:\xampp\htdocs\system\View\View.php(228): CodeIgniter\Exceptions\FrameworkException::forInvalidFile('pagers/signup.p...')
#1 C:\xampp\htdocs\system\Common.php(1119): CodeIgniter\View\View->render('pagers/signup', Array, true)
#2 C:\xampp\htdocs\app\Controllers\Web.php(15): view('pagers/signup')
#3 C:\xampp\htdocs\system\CodeIgniter.php(918): App\Controllers\Web->signup()
#4 C:\xampp\htdocs\system\CodeIgniter.php(404): CodeIgniter\CodeIgniter->runController(Object(App\Controllers\Web))
#5 C:\xampp\htdocs\system\CodeIgniter.php(312): CodeIgniter\CodeIgniter->handleRequest(NULL, Object(Config\Cache), false)
#6 C:\xampp\htdocs\index.php(45): CodeIgniter\CodeIgniter->run()
#7 {main}
CRITICAL - 2021-01-27 13:24:43 --> Invalid file: {0}
#0 C:\xampp\htdocs\system\View\View.php(228): CodeIgniter\Exceptions\FrameworkException::forInvalidFile('pagers/signup.p...')
#1 C:\xampp\htdocs\system\Common.php(1119): CodeIgniter\View\View->render('pagers/signup', Array, true)
#2 C:\xampp\htdocs\app\Controllers\Web.php(15): view('pagers/signup')
#3 C:\xampp\htdocs\system\CodeIgniter.php(918): App\Controllers\Web->signup()
#4 C:\xampp\htdocs\system\CodeIgniter.php(404): CodeIgniter\CodeIgniter->runController(Object(App\Controllers\Web))
#5 C:\xampp\htdocs\system\CodeIgniter.php(312): CodeIgniter\CodeIgniter->handleRequest(NULL, Object(Config\Cache), false)
#6 C:\xampp\htdocs\index.php(45): CodeIgniter\CodeIgniter->run()
#7 {main}
CRITICAL - 2021-01-27 13:24:43 --> Invalid file: {0}
#0 C:\xampp\htdocs\system\View\View.php(228): CodeIgniter\Exceptions\FrameworkException::forInvalidFile('pagers/signup.p...')
#1 C:\xampp\htdocs\system\Common.php(1119): CodeIgniter\View\View->render('pagers/signup', Array, true)
#2 C:\xampp\htdocs\app\Controllers\Web.php(15): view('pagers/signup')
#3 C:\xampp\htdocs\system\CodeIgniter.php(918): App\Controllers\Web->signup()
#4 C:\xampp\htdocs\system\CodeIgniter.php(404): CodeIgniter\CodeIgniter->runController(Object(App\Controllers\Web))
#5 C:\xampp\htdocs\system\CodeIgniter.php(312): CodeIgniter\CodeIgniter->handleRequest(NULL, Object(Config\Cache), false)
#6 C:\xampp\htdocs\index.php(45): CodeIgniter\CodeIgniter->run()
#7 {main}
CRITICAL - 2021-01-27 13:24:44 --> Invalid file: {0}
#0 C:\xampp\htdocs\system\View\View.php(228): CodeIgniter\Exceptions\FrameworkException::forInvalidFile('pagers/signup.p...')
#1 C:\xampp\htdocs\system\Common.php(1119): CodeIgniter\View\View->render('pagers/signup', Array, true)
#2 C:\xampp\htdocs\app\Controllers\Web.php(15): view('pagers/signup')
#3 C:\xampp\htdocs\system\CodeIgniter.php(918): App\Controllers\Web->signup()
#4 C:\xampp\htdocs\system\CodeIgniter.php(404): CodeIgniter\CodeIgniter->runController(Object(App\Controllers\Web))
#5 C:\xampp\htdocs\system\CodeIgniter.php(312): CodeIgniter\CodeIgniter->handleRequest(NULL, Object(Config\Cache), false)
#6 C:\xampp\htdocs\index.php(45): CodeIgniter\CodeIgniter->run()
#7 {main}
CRITICAL - 2021-01-27 13:24:44 --> Invalid file: {0}
#0 C:\xampp\htdocs\system\View\View.php(228): CodeIgniter\Exceptions\FrameworkException::forInvalidFile('pagers/signup.p...')
#1 C:\xampp\htdocs\system\Common.php(1119): CodeIgniter\View\View->render('pagers/signup', Array, true)
#2 C:\xampp\htdocs\app\Controllers\Web.php(15): view('pagers/signup')
#3 C:\xampp\htdocs\system\CodeIgniter.php(918): App\Controllers\Web->signup()
#4 C:\xampp\htdocs\system\CodeIgniter.php(404): CodeIgniter\CodeIgniter->runController(Object(App\Controllers\Web))
#5 C:\xampp\htdocs\system\CodeIgniter.php(312): CodeIgniter\CodeIgniter->handleRequest(NULL, Object(Config\Cache), false)
#6 C:\xampp\htdocs\index.php(45): CodeIgniter\CodeIgniter->run()
#7 {main}
CRITICAL - 2021-01-27 13:24:44 --> Invalid file: {0}
#0 C:\xampp\htdocs\system\View\View.php(228): CodeIgniter\Exceptions\FrameworkException::forInvalidFile('pagers/signup.p...')
#1 C:\xampp\htdocs\system\Common.php(1119): CodeIgniter\View\View->render('pagers/signup', Array, true)
#2 C:\xampp\htdocs\app\Controllers\Web.php(15): view('pagers/signup')
#3 C:\xampp\htdocs\system\CodeIgniter.php(918): App\Controllers\Web->signup()
#4 C:\xampp\htdocs\system\CodeIgniter.php(404): CodeIgniter\CodeIgniter->runController(Object(App\Controllers\Web))
#5 C:\xampp\htdocs\system\CodeIgniter.php(312): CodeIgniter\CodeIgniter->handleRequest(NULL, Object(Config\Cache), false)
#6 C:\xampp\htdocs\index.php(45): CodeIgniter\CodeIgniter->run()
#7 {main}
CRITICAL - 2021-01-27 13:25:23 --> Invalid file: {0}
#0 C:\xampp\htdocs\system\View\View.php(228): CodeIgniter\Exceptions\FrameworkException::forInvalidFile('pages/signup.ph...')
#1 C:\xampp\htdocs\system\Common.php(1119): CodeIgniter\View\View->render('pages/signup', Array, true)
#2 C:\xampp\htdocs\app\Controllers\Web.php(15): view('pages/signup')
#3 C:\xampp\htdocs\system\CodeIgniter.php(918): App\Controllers\Web->signup()
#4 C:\xampp\htdocs\system\CodeIgniter.php(404): CodeIgniter\CodeIgniter->runController(Object(App\Controllers\Web))
#5 C:\xampp\htdocs\system\CodeIgniter.php(312): CodeIgniter\CodeIgniter->handleRequest(NULL, Object(Config\Cache), false)
#6 C:\xampp\htdocs\index.php(45): CodeIgniter\CodeIgniter->run()
#7 {main}
CRITICAL - 2021-01-27 13:25:24 --> Invalid file: {0}
#0 C:\xampp\htdocs\system\View\View.php(228): CodeIgniter\Exceptions\FrameworkException::forInvalidFile('pages/signup.ph...')
#1 C:\xampp\htdocs\system\Common.php(1119): CodeIgniter\View\View->render('pages/signup', Array, true)
#2 C:\xampp\htdocs\app\Controllers\Web.php(15): view('pages/signup')
#3 C:\xampp\htdocs\system\CodeIgniter.php(918): App\Controllers\Web->signup()
#4 C:\xampp\htdocs\system\CodeIgniter.php(404): CodeIgniter\CodeIgniter->runController(Object(App\Controllers\Web))
#5 C:\xampp\htdocs\system\CodeIgniter.php(312): CodeIgniter\CodeIgniter->handleRequest(NULL, Object(Config\Cache), false)
#6 C:\xampp\htdocs\index.php(45): CodeIgniter\CodeIgniter->run()
#7 {main}
CRITICAL - 2021-01-27 13:25:24 --> Invalid file: {0}
#0 C:\xampp\htdocs\system\View\View.php(228): CodeIgniter\Exceptions\FrameworkException::forInvalidFile('pages/signup.ph...')
#1 C:\xampp\htdocs\system\Common.php(1119): CodeIgniter\View\View->render('pages/signup', Array, true)
#2 C:\xampp\htdocs\app\Controllers\Web.php(15): view('pages/signup')
#3 C:\xampp\htdocs\system\CodeIgniter.php(918): App\Controllers\Web->signup()
#4 C:\xampp\htdocs\system\CodeIgniter.php(404): CodeIgniter\CodeIgniter->runController(Object(App\Controllers\Web))
#5 C:\xampp\htdocs\system\CodeIgniter.php(312): CodeIgniter\CodeIgniter->handleRequest(NULL, Object(Config\Cache), false)
#6 C:\xampp\htdocs\index.php(45): CodeIgniter\CodeIgniter->run()
#7 {main}
CRITICAL - 2021-01-27 13:25:24 --> Invalid file: {0}
#0 C:\xampp\htdocs\system\View\View.php(228): CodeIgniter\Exceptions\FrameworkException::forInvalidFile('pages/signup.ph...')
#1 C:\xampp\htdocs\system\Common.php(1119): CodeIgniter\View\View->render('pages/signup', Array, true)
#2 C:\xampp\htdocs\app\Controllers\Web.php(15): view('pages/signup')
#3 C:\xampp\htdocs\system\CodeIgniter.php(918): App\Controllers\Web->signup()
#4 C:\xampp\htdocs\system\CodeIgniter.php(404): CodeIgniter\CodeIgniter->runController(Object(App\Controllers\Web))
#5 C:\xampp\htdocs\system\CodeIgniter.php(312): CodeIgniter\CodeIgniter->handleRequest(NULL, Object(Config\Cache), false)
#6 C:\xampp\htdocs\index.php(45): CodeIgniter\CodeIgniter->run()
#7 {main}
CRITICAL - 2021-01-27 13:25:24 --> Invalid file: {0}
#0 C:\xampp\htdocs\system\View\View.php(228): CodeIgniter\Exceptions\FrameworkException::forInvalidFile('pages/signup.ph...')
#1 C:\xampp\htdocs\system\Common.php(1119): CodeIgniter\View\View->render('pages/signup', Array, true)
#2 C:\xampp\htdocs\app\Controllers\Web.php(15): view('pages/signup')
#3 C:\xampp\htdocs\system\CodeIgniter.php(918): App\Controllers\Web->signup()
#4 C:\xampp\htdocs\system\CodeIgniter.php(404): CodeIgniter\CodeIgniter->runController(Object(App\Controllers\Web))
#5 C:\xampp\htdocs\system\CodeIgniter.php(312): CodeIgniter\CodeIgniter->handleRequest(NULL, Object(Config\Cache), false)
#6 C:\xampp\htdocs\index.php(45): CodeIgniter\CodeIgniter->run()
#7 {main}
CRITICAL - 2021-01-27 13:25:25 --> Invalid file: {0}
#0 C:\xampp\htdocs\system\View\View.php(228): CodeIgniter\Exceptions\FrameworkException::forInvalidFile('pages/signup.ph...')
#1 C:\xampp\htdocs\system\Common.php(1119): CodeIgniter\View\View->render('pages/signup', Array, true)
#2 C:\xampp\htdocs\app\Controllers\Web.php(15): view('pages/signup')
#3 C:\xampp\htdocs\system\CodeIgniter.php(918): App\Controllers\Web->signup()
#4 C:\xampp\htdocs\system\CodeIgniter.php(404): CodeIgniter\CodeIgniter->runController(Object(App\Controllers\Web))
#5 C:\xampp\htdocs\system\CodeIgniter.php(312): CodeIgniter\CodeIgniter->handleRequest(NULL, Object(Config\Cache), false)
#6 C:\xampp\htdocs\index.php(45): CodeIgniter\CodeIgniter->run()
#7 {main}
CRITICAL - 2021-01-27 13:25:25 --> Invalid file: {0}
#0 C:\xampp\htdocs\system\View\View.php(228): CodeIgniter\Exceptions\FrameworkException::forInvalidFile('pages/signup.ph...')
#1 C:\xampp\htdocs\system\Common.php(1119): CodeIgniter\View\View->render('pages/signup', Array, true)
#2 C:\xampp\htdocs\app\Controllers\Web.php(15): view('pages/signup')
#3 C:\xampp\htdocs\system\CodeIgniter.php(918): App\Controllers\Web->signup()
#4 C:\xampp\htdocs\system\CodeIgniter.php(404): CodeIgniter\CodeIgniter->runController(Object(App\Controllers\Web))
#5 C:\xampp\htdocs\system\CodeIgniter.php(312): CodeIgniter\CodeIgniter->handleRequest(NULL, Object(Config\Cache), false)
#6 C:\xampp\htdocs\index.php(45): CodeIgniter\CodeIgniter->run()
#7 {main}
CRITICAL - 2021-01-27 13:25:25 --> Invalid file: {0}
#0 C:\xampp\htdocs\system\View\View.php(228): CodeIgniter\Exceptions\FrameworkException::forInvalidFile('pages/signup.ph...')
#1 C:\xampp\htdocs\system\Common.php(1119): CodeIgniter\View\View->render('pages/signup', Array, true)
#2 C:\xampp\htdocs\app\Controllers\Web.php(15): view('pages/signup')
#3 C:\xampp\htdocs\system\CodeIgniter.php(918): App\Controllers\Web->signup()
#4 C:\xampp\htdocs\system\CodeIgniter.php(404): CodeIgniter\CodeIgniter->runController(Object(App\Controllers\Web))
#5 C:\xampp\htdocs\system\CodeIgniter.php(312): CodeIgniter\CodeIgniter->handleRequest(NULL, Object(Config\Cache), false)
#6 C:\xampp\htdocs\index.php(45): CodeIgniter\CodeIgniter->run()
#7 {main}
CRITICAL - 2021-01-27 13:25:25 --> Invalid file: {0}
#0 C:\xampp\htdocs\system\View\View.php(228): CodeIgniter\Exceptions\FrameworkException::forInvalidFile('pages/signup.ph...')
#1 C:\xampp\htdocs\system\Common.php(1119): CodeIgniter\View\View->render('pages/signup', Array, true)
#2 C:\xampp\htdocs\app\Controllers\Web.php(15): view('pages/signup')
#3 C:\xampp\htdocs\system\CodeIgniter.php(918): App\Controllers\Web->signup()
#4 C:\xampp\htdocs\system\CodeIgniter.php(404): CodeIgniter\CodeIgniter->runController(Object(App\Controllers\Web))
#5 C:\xampp\htdocs\system\CodeIgniter.php(312): CodeIgniter\CodeIgniter->handleRequest(NULL, Object(Config\Cache), false)
#6 C:\xampp\htdocs\index.php(45): CodeIgniter\CodeIgniter->run()
#7 {main}
CRITICAL - 2021-01-27 13:25:25 --> Invalid file: {0}
#0 C:\xampp\htdocs\system\View\View.php(228): CodeIgniter\Exceptions\FrameworkException::forInvalidFile('pages/signup.ph...')
#1 C:\xampp\htdocs\system\Common.php(1119): CodeIgniter\View\View->render('pages/signup', Array, true)
#2 C:\xampp\htdocs\app\Controllers\Web.php(15): view('pages/signup')
#3 C:\xampp\htdocs\system\CodeIgniter.php(918): App\Controllers\Web->signup()
#4 C:\xampp\htdocs\system\CodeIgniter.php(404): CodeIgniter\CodeIgniter->runController(Object(App\Controllers\Web))
#5 C:\xampp\htdocs\system\CodeIgniter.php(312): CodeIgniter\CodeIgniter->handleRequest(NULL, Object(Config\Cache), false)
#6 C:\xampp\htdocs\index.php(45): CodeIgniter\CodeIgniter->run()
#7 {main}
CRITICAL - 2021-01-27 13:25:26 --> Invalid file: {0}
#0 C:\xampp\htdocs\system\View\View.php(228): CodeIgniter\Exceptions\FrameworkException::forInvalidFile('pages/signup.ph...')
#1 C:\xampp\htdocs\system\Common.php(1119): CodeIgniter\View\View->render('pages/signup', Array, true)
#2 C:\xampp\htdocs\app\Controllers\Web.php(15): view('pages/signup')
#3 C:\xampp\htdocs\system\CodeIgniter.php(918): App\Controllers\Web->signup()
#4 C:\xampp\htdocs\system\CodeIgniter.php(404): CodeIgniter\CodeIgniter->runController(Object(App\Controllers\Web))
#5 C:\xampp\htdocs\system\CodeIgniter.php(312): CodeIgniter\CodeIgniter->handleRequest(NULL, Object(Config\Cache), false)
#6 C:\xampp\htdocs\index.php(45): CodeIgniter\CodeIgniter->run()
#7 {main}
CRITICAL - 2021-01-27 13:25:26 --> Invalid file: {0}
#0 C:\xampp\htdocs\system\View\View.php(228): CodeIgniter\Exceptions\FrameworkException::forInvalidFile('pages/signup.ph...')
#1 C:\xampp\htdocs\system\Common.php(1119): CodeIgniter\View\View->render('pages/signup', Array, true)
#2 C:\xampp\htdocs\app\Controllers\Web.php(15): view('pages/signup')
#3 C:\xampp\htdocs\system\CodeIgniter.php(918): App\Controllers\Web->signup()
#4 C:\xampp\htdocs\system\CodeIgniter.php(404): CodeIgniter\CodeIgniter->runController(Object(App\Controllers\Web))
#5 C:\xampp\htdocs\system\CodeIgniter.php(312): CodeIgniter\CodeIgniter->handleRequest(NULL, Object(Config\Cache), false)
#6 C:\xampp\htdocs\index.php(45): CodeIgniter\CodeIgniter->run()
#7 {main}
CRITICAL - 2021-01-27 13:25:26 --> Invalid file: {0}
#0 C:\xampp\htdocs\system\View\View.php(228): CodeIgniter\Exceptions\FrameworkException::forInvalidFile('pages/signup.ph...')
#1 C:\xampp\htdocs\system\Common.php(1119): CodeIgniter\View\View->render('pages/signup', Array, true)
#2 C:\xampp\htdocs\app\Controllers\Web.php(15): view('pages/signup')
#3 C:\xampp\htdocs\system\CodeIgniter.php(918): App\Controllers\Web->signup()
#4 C:\xampp\htdocs\system\CodeIgniter.php(404): CodeIgniter\CodeIgniter->runController(Object(App\Controllers\Web))
#5 C:\xampp\htdocs\system\CodeIgniter.php(312): CodeIgniter\CodeIgniter->handleRequest(NULL, Object(Config\Cache), false)
#6 C:\xampp\htdocs\index.php(45): CodeIgniter\CodeIgniter->run()
#7 {main}
CRITICAL - 2021-01-27 13:25:26 --> Invalid file: {0}
#0 C:\xampp\htdocs\system\View\View.php(228): CodeIgniter\Exceptions\FrameworkException::forInvalidFile('pages/signup.ph...')
#1 C:\xampp\htdocs\system\Common.php(1119): CodeIgniter\View\View->render('pages/signup', Array, true)
#2 C:\xampp\htdocs\app\Controllers\Web.php(15): view('pages/signup')
#3 C:\xampp\htdocs\system\CodeIgniter.php(918): App\Controllers\Web->signup()
#4 C:\xampp\htdocs\system\CodeIgniter.php(404): CodeIgniter\CodeIgniter->runController(Object(App\Controllers\Web))
#5 C:\xampp\htdocs\system\CodeIgniter.php(312): CodeIgniter\CodeIgniter->handleRequest(NULL, Object(Config\Cache), false)
#6 C:\xampp\htdocs\index.php(45): CodeIgniter\CodeIgniter->run()
#7 {main}
CRITICAL - 2021-01-27 13:25:26 --> Invalid file: {0}
#0 C:\xampp\htdocs\system\View\View.php(228): CodeIgniter\Exceptions\FrameworkException::forInvalidFile('pages/signup.ph...')
#1 C:\xampp\htdocs\system\Common.php(1119): CodeIgniter\View\View->render('pages/signup', Array, true)
#2 C:\xampp\htdocs\app\Controllers\Web.php(15): view('pages/signup')
#3 C:\xampp\htdocs\system\CodeIgniter.php(918): App\Controllers\Web->signup()
#4 C:\xampp\htdocs\system\CodeIgniter.php(404): CodeIgniter\CodeIgniter->runController(Object(App\Controllers\Web))
#5 C:\xampp\htdocs\system\CodeIgniter.php(312): CodeIgniter\CodeIgniter->handleRequest(NULL, Object(Config\Cache), false)
#6 C:\xampp\htdocs\index.php(45): CodeIgniter\CodeIgniter->run()
#7 {main}
