CRITICAL - 2021-09-09 01:11:18 --> Unable to connect to the database.
#0 /var/www/vhosts/39835675.servicio-online.net/danzefloor.com/system/Database/BaseConnection.php(646): CodeIgniter\Database\BaseConnection->initialize()
#1 /var/www/vhosts/39835675.servicio-online.net/danzefloor.com/system/Database/BaseBuilder.php(2853): CodeIgniter\Database\BaseConnection->query('DELETE FROM `ev...', Array, false)
#2 /var/www/vhosts/39835675.servicio-online.net/danzefloor.com/system/Model.php(977): CodeIgniter\Database\BaseBuilder->delete()
#3 /var/www/vhosts/39835675.servicio-online.net/danzefloor.com/app/Controllers/Web.php(235): CodeIgniter\Model->delete()
#4 /var/www/vhosts/39835675.servicio-online.net/danzefloor.com/system/CodeIgniter.php(918): App\Controllers\Web->main()
#5 /var/www/vhosts/39835675.servicio-online.net/danzefloor.com/system/CodeIgniter.php(404): CodeIgniter\CodeIgniter->runController(Object(App\Controllers\Web))
#6 /var/www/vhosts/39835675.servicio-online.net/danzefloor.com/system/CodeIgniter.php(312): CodeIgniter\CodeIgniter->handleRequest(NULL, Object(Config\Cache), false)
#7 /var/www/vhosts/39835675.servicio-online.net/danzefloor.com/index.php(45): CodeIgniter\CodeIgniter->run()
#8 {main}
CRITICAL - 2021-09-09 01:18:48 --> Unable to connect to the database.
#0 /var/www/vhosts/39835675.servicio-online.net/danzefloor.com/system/Database/BaseConnection.php(646): CodeIgniter\Database\BaseConnection->initialize()
#1 /var/www/vhosts/39835675.servicio-online.net/danzefloor.com/system/Database/BaseBuilder.php(2853): CodeIgniter\Database\BaseConnection->query('DELETE FROM `ev...', Array, false)
#2 /var/www/vhosts/39835675.servicio-online.net/danzefloor.com/system/Model.php(977): CodeIgniter\Database\BaseBuilder->delete()
#3 /var/www/vhosts/39835675.servicio-online.net/danzefloor.com/app/Controllers/Web.php(235): CodeIgniter\Model->delete()
#4 /var/www/vhosts/39835675.servicio-online.net/danzefloor.com/system/CodeIgniter.php(918): App\Controllers\Web->main()
#5 /var/www/vhosts/39835675.servicio-online.net/danzefloor.com/system/CodeIgniter.php(404): CodeIgniter\CodeIgniter->runController(Object(App\Controllers\Web))
#6 /var/www/vhosts/39835675.servicio-online.net/danzefloor.com/system/CodeIgniter.php(312): CodeIgniter\CodeIgniter->handleRequest(NULL, Object(Config\Cache), false)
#7 /var/www/vhosts/39835675.servicio-online.net/danzefloor.com/index.php(45): CodeIgniter\CodeIgniter->run()
#8 {main}
CRITICAL - 2021-09-09 01:32:53 --> Unable to connect to the database.
#0 /var/www/vhosts/39835675.servicio-online.net/danzefloor.com/system/Database/BaseConnection.php(646): CodeIgniter\Database\BaseConnection->initialize()
#1 /var/www/vhosts/39835675.servicio-online.net/danzefloor.com/system/Database/BaseBuilder.php(2853): CodeIgniter\Database\BaseConnection->query('DELETE FROM `ev...', Array, false)
#2 /var/www/vhosts/39835675.servicio-online.net/danzefloor.com/system/Model.php(977): CodeIgniter\Database\BaseBuilder->delete()
#3 /var/www/vhosts/39835675.servicio-online.net/danzefloor.com/app/Controllers/Web.php(235): CodeIgniter\Model->delete()
#4 /var/www/vhosts/39835675.servicio-online.net/danzefloor.com/system/CodeIgniter.php(918): App\Controllers\Web->main()
#5 /var/www/vhosts/39835675.servicio-online.net/danzefloor.com/system/CodeIgniter.php(404): CodeIgniter\CodeIgniter->runController(Object(App\Controllers\Web))
#6 /var/www/vhosts/39835675.servicio-online.net/danzefloor.com/system/CodeIgniter.php(312): CodeIgniter\CodeIgniter->handleRequest(NULL, Object(Config\Cache), false)
#7 /var/www/vhosts/39835675.servicio-online.net/danzefloor.com/index.php(45): CodeIgniter\CodeIgniter->run()
#8 {main}
CRITICAL - 2021-09-09 01:55:59 --> Unable to connect to the database.
#0 /var/www/vhosts/39835675.servicio-online.net/danzefloor.com/system/Database/BaseConnection.php(646): CodeIgniter\Database\BaseConnection->initialize()
#1 /var/www/vhosts/39835675.servicio-online.net/danzefloor.com/system/Database/BaseBuilder.php(2853): CodeIgniter\Database\BaseConnection->query('DELETE FROM `ev...', Array, false)
#2 /var/www/vhosts/39835675.servicio-online.net/danzefloor.com/system/Model.php(977): CodeIgniter\Database\BaseBuilder->delete()
#3 /var/www/vhosts/39835675.servicio-online.net/danzefloor.com/app/Controllers/Web.php(235): CodeIgniter\Model->delete()
#4 /var/www/vhosts/39835675.servicio-online.net/danzefloor.com/system/CodeIgniter.php(918): App\Controllers\Web->main()
#5 /var/www/vhosts/39835675.servicio-online.net/danzefloor.com/system/CodeIgniter.php(404): CodeIgniter\CodeIgniter->runController(Object(App\Controllers\Web))
#6 /var/www/vhosts/39835675.servicio-online.net/danzefloor.com/system/CodeIgniter.php(312): CodeIgniter\CodeIgniter->handleRequest(NULL, Object(Config\Cache), false)
#7 /var/www/vhosts/39835675.servicio-online.net/danzefloor.com/index.php(45): CodeIgniter\CodeIgniter->run()
#8 {main}
CRITICAL - 2021-09-09 11:41:14 --> Unable to connect to the database.
#0 /var/www/vhosts/39835675.servicio-online.net/danzefloor.com/system/Database/BaseConnection.php(646): CodeIgniter\Database\BaseConnection->initialize()
#1 /var/www/vhosts/39835675.servicio-online.net/danzefloor.com/system/Database/BaseBuilder.php(2853): CodeIgniter\Database\BaseConnection->query('DELETE FROM `ev...', Array, false)
#2 /var/www/vhosts/39835675.servicio-online.net/danzefloor.com/system/Model.php(977): CodeIgniter\Database\BaseBuilder->delete()
#3 /var/www/vhosts/39835675.servicio-online.net/danzefloor.com/app/Controllers/Web.php(235): CodeIgniter\Model->delete()
#4 /var/www/vhosts/39835675.servicio-online.net/danzefloor.com/system/CodeIgniter.php(918): App\Controllers\Web->main()
#5 /var/www/vhosts/39835675.servicio-online.net/danzefloor.com/system/CodeIgniter.php(404): CodeIgniter\CodeIgniter->runController(Object(App\Controllers\Web))
#6 /var/www/vhosts/39835675.servicio-online.net/danzefloor.com/system/CodeIgniter.php(312): CodeIgniter\CodeIgniter->handleRequest(NULL, Object(Config\Cache), false)
#7 /var/www/vhosts/39835675.servicio-online.net/danzefloor.com/index.php(45): CodeIgniter\CodeIgniter->run()
#8 {main}
CRITICAL - 2021-09-09 12:17:59 --> Unable to connect to the database.
#0 /var/www/vhosts/39835675.servicio-online.net/danzefloor.com/system/Database/BaseConnection.php(646): CodeIgniter\Database\BaseConnection->initialize()
#1 /var/www/vhosts/39835675.servicio-online.net/danzefloor.com/system/Database/BaseBuilder.php(2853): CodeIgniter\Database\BaseConnection->query('DELETE FROM `ev...', Array, false)
#2 /var/www/vhosts/39835675.servicio-online.net/danzefloor.com/system/Model.php(977): CodeIgniter\Database\BaseBuilder->delete()
#3 /var/www/vhosts/39835675.servicio-online.net/danzefloor.com/app/Controllers/Web.php(235): CodeIgniter\Model->delete()
#4 /var/www/vhosts/39835675.servicio-online.net/danzefloor.com/system/CodeIgniter.php(918): App\Controllers\Web->main()
#5 /var/www/vhosts/39835675.servicio-online.net/danzefloor.com/system/CodeIgniter.php(404): CodeIgniter\CodeIgniter->runController(Object(App\Controllers\Web))
#6 /var/www/vhosts/39835675.servicio-online.net/danzefloor.com/system/CodeIgniter.php(312): CodeIgniter\CodeIgniter->handleRequest(NULL, Object(Config\Cache), false)
#7 /var/www/vhosts/39835675.servicio-online.net/danzefloor.com/index.php(45): CodeIgniter\CodeIgniter->run()
#8 {main}
CRITICAL - 2021-09-09 12:59:47 --> Unable to connect to the database.
#0 /var/www/vhosts/39835675.servicio-online.net/danzefloor.com/system/Database/BaseConnection.php(646): CodeIgniter\Database\BaseConnection->initialize()
#1 /var/www/vhosts/39835675.servicio-online.net/danzefloor.com/system/Database/BaseBuilder.php(2853): CodeIgniter\Database\BaseConnection->query('DELETE FROM `ev...', Array, false)
#2 /var/www/vhosts/39835675.servicio-online.net/danzefloor.com/system/Model.php(977): CodeIgniter\Database\BaseBuilder->delete()
#3 /var/www/vhosts/39835675.servicio-online.net/danzefloor.com/app/Controllers/Web.php(235): CodeIgniter\Model->delete()
#4 /var/www/vhosts/39835675.servicio-online.net/danzefloor.com/system/CodeIgniter.php(918): App\Controllers\Web->main()
#5 /var/www/vhosts/39835675.servicio-online.net/danzefloor.com/system/CodeIgniter.php(404): CodeIgniter\CodeIgniter->runController(Object(App\Controllers\Web))
#6 /var/www/vhosts/39835675.servicio-online.net/danzefloor.com/system/CodeIgniter.php(312): CodeIgniter\CodeIgniter->handleRequest(NULL, Object(Config\Cache), false)
#7 /var/www/vhosts/39835675.servicio-online.net/danzefloor.com/index.php(45): CodeIgniter\CodeIgniter->run()
#8 {main}
CRITICAL - 2021-09-09 14:22:04 --> Unable to connect to the database.
#0 /var/www/vhosts/39835675.servicio-online.net/danzefloor.com/system/Database/BaseConnection.php(646): CodeIgniter\Database\BaseConnection->initialize()
#1 /var/www/vhosts/39835675.servicio-online.net/danzefloor.com/system/Database/BaseBuilder.php(2853): CodeIgniter\Database\BaseConnection->query('DELETE FROM `ev...', Array, false)
#2 /var/www/vhosts/39835675.servicio-online.net/danzefloor.com/system/Model.php(977): CodeIgniter\Database\BaseBuilder->delete()
#3 /var/www/vhosts/39835675.servicio-online.net/danzefloor.com/app/Controllers/Web.php(235): CodeIgniter\Model->delete()
#4 /var/www/vhosts/39835675.servicio-online.net/danzefloor.com/system/CodeIgniter.php(918): App\Controllers\Web->main()
#5 /var/www/vhosts/39835675.servicio-online.net/danzefloor.com/system/CodeIgniter.php(404): CodeIgniter\CodeIgniter->runController(Object(App\Controllers\Web))
#6 /var/www/vhosts/39835675.servicio-online.net/danzefloor.com/system/CodeIgniter.php(312): CodeIgniter\CodeIgniter->handleRequest(NULL, Object(Config\Cache), false)
#7 /var/www/vhosts/39835675.servicio-online.net/danzefloor.com/index.php(45): CodeIgniter\CodeIgniter->run()
#8 {main}
CRITICAL - 2021-09-09 17:08:25 --> Unable to connect to the database.
#0 /var/www/vhosts/39835675.servicio-online.net/danzefloor.com/system/Database/BaseConnection.php(646): CodeIgniter\Database\BaseConnection->initialize()
#1 /var/www/vhosts/39835675.servicio-online.net/danzefloor.com/system/Database/BaseBuilder.php(2853): CodeIgniter\Database\BaseConnection->query('DELETE FROM `ev...', Array, false)
#2 /var/www/vhosts/39835675.servicio-online.net/danzefloor.com/system/Model.php(977): CodeIgniter\Database\BaseBuilder->delete()
#3 /var/www/vhosts/39835675.servicio-online.net/danzefloor.com/app/Controllers/Web.php(235): CodeIgniter\Model->delete()
#4 /var/www/vhosts/39835675.servicio-online.net/danzefloor.com/system/CodeIgniter.php(918): App\Controllers\Web->main()
#5 /var/www/vhosts/39835675.servicio-online.net/danzefloor.com/system/CodeIgniter.php(404): CodeIgniter\CodeIgniter->runController(Object(App\Controllers\Web))
#6 /var/www/vhosts/39835675.servicio-online.net/danzefloor.com/system/CodeIgniter.php(312): CodeIgniter\CodeIgniter->handleRequest(NULL, Object(Config\Cache), false)
#7 /var/www/vhosts/39835675.servicio-online.net/danzefloor.com/index.php(45): CodeIgniter\CodeIgniter->run()
#8 {main}
CRITICAL - 2021-09-09 17:09:15 --> Unable to connect to the database.
#0 /var/www/vhosts/39835675.servicio-online.net/danzefloor.com/system/Database/BaseConnection.php(646): CodeIgniter\Database\BaseConnection->initialize()
#1 /var/www/vhosts/39835675.servicio-online.net/danzefloor.com/system/Database/BaseBuilder.php(2853): CodeIgniter\Database\BaseConnection->query('DELETE FROM `ev...', Array, false)
#2 /var/www/vhosts/39835675.servicio-online.net/danzefloor.com/system/Model.php(977): CodeIgniter\Database\BaseBuilder->delete()
#3 /var/www/vhosts/39835675.servicio-online.net/danzefloor.com/app/Controllers/Web.php(235): CodeIgniter\Model->delete()
#4 /var/www/vhosts/39835675.servicio-online.net/danzefloor.com/system/CodeIgniter.php(918): App\Controllers\Web->main()
#5 /var/www/vhosts/39835675.servicio-online.net/danzefloor.com/system/CodeIgniter.php(404): CodeIgniter\CodeIgniter->runController(Object(App\Controllers\Web))
#6 /var/www/vhosts/39835675.servicio-online.net/danzefloor.com/system/CodeIgniter.php(312): CodeIgniter\CodeIgniter->handleRequest(NULL, Object(Config\Cache), false)
#7 /var/www/vhosts/39835675.servicio-online.net/danzefloor.com/index.php(45): CodeIgniter\CodeIgniter->run()
#8 {main}
CRITICAL - 2021-09-09 17:10:26 --> Unable to connect to the database.
#0 /var/www/vhosts/39835675.servicio-online.net/danzefloor.com/system/Database/BaseConnection.php(646): CodeIgniter\Database\BaseConnection->initialize()
#1 /var/www/vhosts/39835675.servicio-online.net/danzefloor.com/system/Database/BaseBuilder.php(2853): CodeIgniter\Database\BaseConnection->query('DELETE FROM `ev...', Array, false)
#2 /var/www/vhosts/39835675.servicio-online.net/danzefloor.com/system/Model.php(977): CodeIgniter\Database\BaseBuilder->delete()
#3 /var/www/vhosts/39835675.servicio-online.net/danzefloor.com/app/Controllers/Web.php(235): CodeIgniter\Model->delete()
#4 /var/www/vhosts/39835675.servicio-online.net/danzefloor.com/system/CodeIgniter.php(918): App\Controllers\Web->main()
#5 /var/www/vhosts/39835675.servicio-online.net/danzefloor.com/system/CodeIgniter.php(404): CodeIgniter\CodeIgniter->runController(Object(App\Controllers\Web))
#6 /var/www/vhosts/39835675.servicio-online.net/danzefloor.com/system/CodeIgniter.php(312): CodeIgniter\CodeIgniter->handleRequest(NULL, Object(Config\Cache), false)
#7 /var/www/vhosts/39835675.servicio-online.net/danzefloor.com/index.php(45): CodeIgniter\CodeIgniter->run()
#8 {main}
CRITICAL - 2021-09-09 17:22:06 --> Undefined offset: 0
#0 /var/www/vhosts/39835675.servicio-online.net/danzefloor.com/app/Views/pages/profile.php(37): CodeIgniter\Debug\Exceptions->errorHandler(8, 'Undefined offse...', '/var/www/vhosts...', 37, Array)
#1 /var/www/vhosts/39835675.servicio-online.net/danzefloor.com/system/View/View.php(246): include('/var/www/vhosts...')
#2 /var/www/vhosts/39835675.servicio-online.net/danzefloor.com/system/Common.php(1119): CodeIgniter\View\View->render('pages/profile', Array, true)
#3 /var/www/vhosts/39835675.servicio-online.net/danzefloor.com/app/Controllers/Web.php(271): view('pages/profile', Array)
#4 /var/www/vhosts/39835675.servicio-online.net/danzefloor.com/system/CodeIgniter.php(918): App\Controllers\Web->profile()
#5 /var/www/vhosts/39835675.servicio-online.net/danzefloor.com/system/CodeIgniter.php(404): CodeIgniter\CodeIgniter->runController(Object(App\Controllers\Web))
#6 /var/www/vhosts/39835675.servicio-online.net/danzefloor.com/system/CodeIgniter.php(312): CodeIgniter\CodeIgniter->handleRequest(NULL, Object(Config\Cache), false)
#7 /var/www/vhosts/39835675.servicio-online.net/danzefloor.com/index.php(45): CodeIgniter\CodeIgniter->run()
#8 {main}
CRITICAL - 2021-09-09 17:22:07 --> Undefined offset: 0
#0 /var/www/vhosts/39835675.servicio-online.net/danzefloor.com/app/Views/pages/profile.php(37): CodeIgniter\Debug\Exceptions->errorHandler(8, 'Undefined offse...', '/var/www/vhosts...', 37, Array)
#1 /var/www/vhosts/39835675.servicio-online.net/danzefloor.com/system/View/View.php(246): include('/var/www/vhosts...')
#2 /var/www/vhosts/39835675.servicio-online.net/danzefloor.com/system/Common.php(1119): CodeIgniter\View\View->render('pages/profile', Array, true)
#3 /var/www/vhosts/39835675.servicio-online.net/danzefloor.com/app/Controllers/Web.php(271): view('pages/profile', Array)
#4 /var/www/vhosts/39835675.servicio-online.net/danzefloor.com/system/CodeIgniter.php(918): App\Controllers\Web->profile()
#5 /var/www/vhosts/39835675.servicio-online.net/danzefloor.com/system/CodeIgniter.php(404): CodeIgniter\CodeIgniter->runController(Object(App\Controllers\Web))
#6 /var/www/vhosts/39835675.servicio-online.net/danzefloor.com/system/CodeIgniter.php(312): CodeIgniter\CodeIgniter->handleRequest(NULL, Object(Config\Cache), false)
#7 /var/www/vhosts/39835675.servicio-online.net/danzefloor.com/index.php(45): CodeIgniter\CodeIgniter->run()
#8 {main}
CRITICAL - 2021-09-09 17:22:07 --> Undefined offset: 0
#0 /var/www/vhosts/39835675.servicio-online.net/danzefloor.com/app/Views/pages/profile.php(37): CodeIgniter\Debug\Exceptions->errorHandler(8, 'Undefined offse...', '/var/www/vhosts...', 37, Array)
#1 /var/www/vhosts/39835675.servicio-online.net/danzefloor.com/system/View/View.php(246): include('/var/www/vhosts...')
#2 /var/www/vhosts/39835675.servicio-online.net/danzefloor.com/system/Common.php(1119): CodeIgniter\View\View->render('pages/profile', Array, true)
#3 /var/www/vhosts/39835675.servicio-online.net/danzefloor.com/app/Controllers/Web.php(271): view('pages/profile', Array)
#4 /var/www/vhosts/39835675.servicio-online.net/danzefloor.com/system/CodeIgniter.php(918): App\Controllers\Web->profile()
#5 /var/www/vhosts/39835675.servicio-online.net/danzefloor.com/system/CodeIgniter.php(404): CodeIgniter\CodeIgniter->runController(Object(App\Controllers\Web))
#6 /var/www/vhosts/39835675.servicio-online.net/danzefloor.com/system/CodeIgniter.php(312): CodeIgniter\CodeIgniter->handleRequest(NULL, Object(Config\Cache), false)
#7 /var/www/vhosts/39835675.servicio-online.net/danzefloor.com/index.php(45): CodeIgniter\CodeIgniter->run()
#8 {main}
CRITICAL - 2021-09-09 19:31:27 --> Undefined offset: 0
#0 /var/www/vhosts/39835675.servicio-online.net/danzefloor.com/app/Views/pages/profile.php(37): CodeIgniter\Debug\Exceptions->errorHandler(8, 'Undefined offse...', '/var/www/vhosts...', 37, Array)
#1 /var/www/vhosts/39835675.servicio-online.net/danzefloor.com/system/View/View.php(246): include('/var/www/vhosts...')
#2 /var/www/vhosts/39835675.servicio-online.net/danzefloor.com/system/Common.php(1119): CodeIgniter\View\View->render('pages/profile', Array, true)
#3 /var/www/vhosts/39835675.servicio-online.net/danzefloor.com/app/Controllers/Web.php(277): view('pages/profile', Array)
#4 /var/www/vhosts/39835675.servicio-online.net/danzefloor.com/system/CodeIgniter.php(918): App\Controllers\Web->profile()
#5 /var/www/vhosts/39835675.servicio-online.net/danzefloor.com/system/CodeIgniter.php(404): CodeIgniter\CodeIgniter->runController(Object(App\Controllers\Web))
#6 /var/www/vhosts/39835675.servicio-online.net/danzefloor.com/system/CodeIgniter.php(312): CodeIgniter\CodeIgniter->handleRequest(NULL, Object(Config\Cache), false)
#7 /var/www/vhosts/39835675.servicio-online.net/danzefloor.com/index.php(45): CodeIgniter\CodeIgniter->run()
#8 {main}
CRITICAL - 2021-09-09 19:31:29 --> Undefined offset: 0
#0 /var/www/vhosts/39835675.servicio-online.net/danzefloor.com/app/Views/pages/profile.php(37): CodeIgniter\Debug\Exceptions->errorHandler(8, 'Undefined offse...', '/var/www/vhosts...', 37, Array)
#1 /var/www/vhosts/39835675.servicio-online.net/danzefloor.com/system/View/View.php(246): include('/var/www/vhosts...')
#2 /var/www/vhosts/39835675.servicio-online.net/danzefloor.com/system/Common.php(1119): CodeIgniter\View\View->render('pages/profile', Array, true)
#3 /var/www/vhosts/39835675.servicio-online.net/danzefloor.com/app/Controllers/Web.php(277): view('pages/profile', Array)
#4 /var/www/vhosts/39835675.servicio-online.net/danzefloor.com/system/CodeIgniter.php(918): App\Controllers\Web->profile()
#5 /var/www/vhosts/39835675.servicio-online.net/danzefloor.com/system/CodeIgniter.php(404): CodeIgniter\CodeIgniter->runController(Object(App\Controllers\Web))
#6 /var/www/vhosts/39835675.servicio-online.net/danzefloor.com/system/CodeIgniter.php(312): CodeIgniter\CodeIgniter->handleRequest(NULL, Object(Config\Cache), false)
#7 /var/www/vhosts/39835675.servicio-online.net/danzefloor.com/index.php(45): CodeIgniter\CodeIgniter->run()
#8 {main}
CRITICAL - 2021-09-09 19:47:43 --> Column 'id_user' in where clause is ambiguous
#0 /var/www/vhosts/39835675.servicio-online.net/danzefloor.com/system/Database/MySQLi/Connection.php(331): mysqli->query('SELECT `favorit...')
#1 /var/www/vhosts/39835675.servicio-online.net/danzefloor.com/system/Database/BaseConnection.php(741): CodeIgniter\Database\MySQLi\Connection->execute('SELECT `favorit...')
#2 /var/www/vhosts/39835675.servicio-online.net/danzefloor.com/system/Database/BaseConnection.php(669): CodeIgniter\Database\BaseConnection->simpleQuery('SELECT `favorit...')
#3 /var/www/vhosts/39835675.servicio-online.net/danzefloor.com/system/Database/BaseBuilder.php(1860): CodeIgniter\Database\BaseConnection->query('SELECT `favorit...', Array, false)
#4 /var/www/vhosts/39835675.servicio-online.net/danzefloor.com/system/Model.php(462): CodeIgniter\Database\BaseBuilder->get()
#5 /var/www/vhosts/39835675.servicio-online.net/danzefloor.com/app/Controllers/Web.php(244): CodeIgniter\Model->findAll()
#6 /var/www/vhosts/39835675.servicio-online.net/danzefloor.com/system/CodeIgniter.php(918): App\Controllers\Web->mysets()
#7 /var/www/vhosts/39835675.servicio-online.net/danzefloor.com/system/CodeIgniter.php(404): CodeIgniter\CodeIgniter->runController(Object(App\Controllers\Web))
#8 /var/www/vhosts/39835675.servicio-online.net/danzefloor.com/system/CodeIgniter.php(312): CodeIgniter\CodeIgniter->handleRequest(NULL, Object(Config\Cache), false)
#9 /var/www/vhosts/39835675.servicio-online.net/danzefloor.com/index.php(45): CodeIgniter\CodeIgniter->run()
#10 {main}
CRITICAL - 2021-09-09 19:47:44 --> Column 'id_user' in where clause is ambiguous
#0 /var/www/vhosts/39835675.servicio-online.net/danzefloor.com/system/Database/MySQLi/Connection.php(331): mysqli->query('SELECT `favorit...')
#1 /var/www/vhosts/39835675.servicio-online.net/danzefloor.com/system/Database/BaseConnection.php(741): CodeIgniter\Database\MySQLi\Connection->execute('SELECT `favorit...')
#2 /var/www/vhosts/39835675.servicio-online.net/danzefloor.com/system/Database/BaseConnection.php(669): CodeIgniter\Database\BaseConnection->simpleQuery('SELECT `favorit...')
#3 /var/www/vhosts/39835675.servicio-online.net/danzefloor.com/system/Database/BaseBuilder.php(1860): CodeIgniter\Database\BaseConnection->query('SELECT `favorit...', Array, false)
#4 /var/www/vhosts/39835675.servicio-online.net/danzefloor.com/system/Model.php(462): CodeIgniter\Database\BaseBuilder->get()
#5 /var/www/vhosts/39835675.servicio-online.net/danzefloor.com/app/Controllers/Web.php(244): CodeIgniter\Model->findAll()
#6 /var/www/vhosts/39835675.servicio-online.net/danzefloor.com/system/CodeIgniter.php(918): App\Controllers\Web->mysets()
#7 /var/www/vhosts/39835675.servicio-online.net/danzefloor.com/system/CodeIgniter.php(404): CodeIgniter\CodeIgniter->runController(Object(App\Controllers\Web))
#8 /var/www/vhosts/39835675.servicio-online.net/danzefloor.com/system/CodeIgniter.php(312): CodeIgniter\CodeIgniter->handleRequest(NULL, Object(Config\Cache), false)
#9 /var/www/vhosts/39835675.servicio-online.net/danzefloor.com/index.php(45): CodeIgniter\CodeIgniter->run()
#10 {main}
CRITICAL - 2021-09-09 19:47:44 --> Column 'id_user' in where clause is ambiguous
#0 /var/www/vhosts/39835675.servicio-online.net/danzefloor.com/system/Database/MySQLi/Connection.php(331): mysqli->query('SELECT `favorit...')
#1 /var/www/vhosts/39835675.servicio-online.net/danzefloor.com/system/Database/BaseConnection.php(741): CodeIgniter\Database\MySQLi\Connection->execute('SELECT `favorit...')
#2 /var/www/vhosts/39835675.servicio-online.net/danzefloor.com/system/Database/BaseConnection.php(669): CodeIgniter\Database\BaseConnection->simpleQuery('SELECT `favorit...')
#3 /var/www/vhosts/39835675.servicio-online.net/danzefloor.com/system/Database/BaseBuilder.php(1860): CodeIgniter\Database\BaseConnection->query('SELECT `favorit...', Array, false)
#4 /var/www/vhosts/39835675.servicio-online.net/danzefloor.com/system/Model.php(462): CodeIgniter\Database\BaseBuilder->get()
#5 /var/www/vhosts/39835675.servicio-online.net/danzefloor.com/app/Controllers/Web.php(244): CodeIgniter\Model->findAll()
#6 /var/www/vhosts/39835675.servicio-online.net/danzefloor.com/system/CodeIgniter.php(918): App\Controllers\Web->mysets()
#7 /var/www/vhosts/39835675.servicio-online.net/danzefloor.com/system/CodeIgniter.php(404): CodeIgniter\CodeIgniter->runController(Object(App\Controllers\Web))
#8 /var/www/vhosts/39835675.servicio-online.net/danzefloor.com/system/CodeIgniter.php(312): CodeIgniter\CodeIgniter->handleRequest(NULL, Object(Config\Cache), false)
#9 /var/www/vhosts/39835675.servicio-online.net/danzefloor.com/index.php(45): CodeIgniter\CodeIgniter->run()
#10 {main}
CRITICAL - 2021-09-09 19:47:44 --> Column 'id_user' in where clause is ambiguous
#0 /var/www/vhosts/39835675.servicio-online.net/danzefloor.com/system/Database/MySQLi/Connection.php(331): mysqli->query('SELECT `favorit...')
#1 /var/www/vhosts/39835675.servicio-online.net/danzefloor.com/system/Database/BaseConnection.php(741): CodeIgniter\Database\MySQLi\Connection->execute('SELECT `favorit...')
#2 /var/www/vhosts/39835675.servicio-online.net/danzefloor.com/system/Database/BaseConnection.php(669): CodeIgniter\Database\BaseConnection->simpleQuery('SELECT `favorit...')
#3 /var/www/vhosts/39835675.servicio-online.net/danzefloor.com/system/Database/BaseBuilder.php(1860): CodeIgniter\Database\BaseConnection->query('SELECT `favorit...', Array, false)
#4 /var/www/vhosts/39835675.servicio-online.net/danzefloor.com/system/Model.php(462): CodeIgniter\Database\BaseBuilder->get()
#5 /var/www/vhosts/39835675.servicio-online.net/danzefloor.com/app/Controllers/Web.php(244): CodeIgniter\Model->findAll()
#6 /var/www/vhosts/39835675.servicio-online.net/danzefloor.com/system/CodeIgniter.php(918): App\Controllers\Web->mysets()
#7 /var/www/vhosts/39835675.servicio-online.net/danzefloor.com/system/CodeIgniter.php(404): CodeIgniter\CodeIgniter->runController(Object(App\Controllers\Web))
#8 /var/www/vhosts/39835675.servicio-online.net/danzefloor.com/system/CodeIgniter.php(312): CodeIgniter\CodeIgniter->handleRequest(NULL, Object(Config\Cache), false)
#9 /var/www/vhosts/39835675.servicio-online.net/danzefloor.com/index.php(45): CodeIgniter\CodeIgniter->run()
#10 {main}
CRITICAL - 2021-09-09 19:47:45 --> Column 'id_user' in where clause is ambiguous
#0 /var/www/vhosts/39835675.servicio-online.net/danzefloor.com/system/Database/MySQLi/Connection.php(331): mysqli->query('SELECT `favorit...')
#1 /var/www/vhosts/39835675.servicio-online.net/danzefloor.com/system/Database/BaseConnection.php(741): CodeIgniter\Database\MySQLi\Connection->execute('SELECT `favorit...')
#2 /var/www/vhosts/39835675.servicio-online.net/danzefloor.com/system/Database/BaseConnection.php(669): CodeIgniter\Database\BaseConnection->simpleQuery('SELECT `favorit...')
#3 /var/www/vhosts/39835675.servicio-online.net/danzefloor.com/system/Database/BaseBuilder.php(1860): CodeIgniter\Database\BaseConnection->query('SELECT `favorit...', Array, false)
#4 /var/www/vhosts/39835675.servicio-online.net/danzefloor.com/system/Model.php(462): CodeIgniter\Database\BaseBuilder->get()
#5 /var/www/vhosts/39835675.servicio-online.net/danzefloor.com/app/Controllers/Web.php(250): CodeIgniter\Model->findAll()
#6 /var/www/vhosts/39835675.servicio-online.net/danzefloor.com/system/CodeIgniter.php(918): App\Controllers\Web->mytracks()
#7 /var/www/vhosts/39835675.servicio-online.net/danzefloor.com/system/CodeIgniter.php(404): CodeIgniter\CodeIgniter->runController(Object(App\Controllers\Web))
#8 /var/www/vhosts/39835675.servicio-online.net/danzefloor.com/system/CodeIgniter.php(312): CodeIgniter\CodeIgniter->handleRequest(NULL, Object(Config\Cache), false)
#9 /var/www/vhosts/39835675.servicio-online.net/danzefloor.com/index.php(45): CodeIgniter\CodeIgniter->run()
#10 {main}
CRITICAL - 2021-09-09 19:47:45 --> Column 'id_user' in where clause is ambiguous
#0 /var/www/vhosts/39835675.servicio-online.net/danzefloor.com/system/Database/MySQLi/Connection.php(331): mysqli->query('SELECT `favorit...')
#1 /var/www/vhosts/39835675.servicio-online.net/danzefloor.com/system/Database/BaseConnection.php(741): CodeIgniter\Database\MySQLi\Connection->execute('SELECT `favorit...')
#2 /var/www/vhosts/39835675.servicio-online.net/danzefloor.com/system/Database/BaseConnection.php(669): CodeIgniter\Database\BaseConnection->simpleQuery('SELECT `favorit...')
#3 /var/www/vhosts/39835675.servicio-online.net/danzefloor.com/system/Database/BaseBuilder.php(1860): CodeIgniter\Database\BaseConnection->query('SELECT `favorit...', Array, false)
#4 /var/www/vhosts/39835675.servicio-online.net/danzefloor.com/system/Model.php(462): CodeIgniter\Database\BaseBuilder->get()
#5 /var/www/vhosts/39835675.servicio-online.net/danzefloor.com/app/Controllers/Web.php(250): CodeIgniter\Model->findAll()
#6 /var/www/vhosts/39835675.servicio-online.net/danzefloor.com/system/CodeIgniter.php(918): App\Controllers\Web->mytracks()
#7 /var/www/vhosts/39835675.servicio-online.net/danzefloor.com/system/CodeIgniter.php(404): CodeIgniter\CodeIgniter->runController(Object(App\Controllers\Web))
#8 /var/www/vhosts/39835675.servicio-online.net/danzefloor.com/system/CodeIgniter.php(312): CodeIgniter\CodeIgniter->handleRequest(NULL, Object(Config\Cache), false)
#9 /var/www/vhosts/39835675.servicio-online.net/danzefloor.com/index.php(45): CodeIgniter\CodeIgniter->run()
#10 {main}
CRITICAL - 2021-09-09 19:48:19 --> Column 'id_user' in where clause is ambiguous
#0 /var/www/vhosts/39835675.servicio-online.net/danzefloor.com/system/Database/MySQLi/Connection.php(331): mysqli->query('SELECT `favorit...')
#1 /var/www/vhosts/39835675.servicio-online.net/danzefloor.com/system/Database/BaseConnection.php(741): CodeIgniter\Database\MySQLi\Connection->execute('SELECT `favorit...')
#2 /var/www/vhosts/39835675.servicio-online.net/danzefloor.com/system/Database/BaseConnection.php(669): CodeIgniter\Database\BaseConnection->simpleQuery('SELECT `favorit...')
#3 /var/www/vhosts/39835675.servicio-online.net/danzefloor.com/system/Database/BaseBuilder.php(1860): CodeIgniter\Database\BaseConnection->query('SELECT `favorit...', Array, false)
#4 /var/www/vhosts/39835675.servicio-online.net/danzefloor.com/system/Model.php(462): CodeIgniter\Database\BaseBuilder->get()
#5 /var/www/vhosts/39835675.servicio-online.net/danzefloor.com/app/Controllers/Web.php(250): CodeIgniter\Model->findAll()
#6 /var/www/vhosts/39835675.servicio-online.net/danzefloor.com/system/CodeIgniter.php(918): App\Controllers\Web->mytracks()
#7 /var/www/vhosts/39835675.servicio-online.net/danzefloor.com/system/CodeIgniter.php(404): CodeIgniter\CodeIgniter->runController(Object(App\Controllers\Web))
#8 /var/www/vhosts/39835675.servicio-online.net/danzefloor.com/system/CodeIgniter.php(312): CodeIgniter\CodeIgniter->handleRequest(NULL, Object(Config\Cache), false)
#9 /var/www/vhosts/39835675.servicio-online.net/danzefloor.com/index.php(45): CodeIgniter\CodeIgniter->run()
#10 {main}
