CRITICAL - 2021-09-08 19:08:48 --> Call to a member function delete() on null
#0 C:\xampp\htdocs\system\CodeIgniter.php(918): App\Controllers\Web->deleteEvent('11')
#1 C:\xampp\htdocs\system\CodeIgniter.php(404): CodeIgniter\CodeIgniter->runController(Object(App\Controllers\Web))
#2 C:\xampp\htdocs\system\CodeIgniter.php(312): CodeIgniter\CodeIgniter->handleRequest(NULL, Object(Config\Cache), false)
#3 C:\xampp\htdocs\index.php(45): CodeIgniter\CodeIgniter->run()
#4 {main}
CRITICAL - 2021-09-08 19:12:46 --> Call to a member function delete() on null
#0 C:\xampp\htdocs\system\CodeIgniter.php(918): App\Controllers\Web->deleteEvent('11')
#1 C:\xampp\htdocs\system\CodeIgniter.php(404): CodeIgniter\CodeIgniter->runController(Object(App\Controllers\Web))
#2 C:\xampp\htdocs\system\CodeIgniter.php(312): CodeIgniter\CodeIgniter->handleRequest(NULL, Object(Config\Cache), false)
#3 C:\xampp\htdocs\index.php(45): CodeIgniter\CodeIgniter->run()
#4 {main}
CRITICAL - 2021-09-08 19:13:08 --> Call to a member function delete() on null
#0 C:\xampp\htdocs\system\CodeIgniter.php(918): App\Controllers\Web->deleteEvent('11')
#1 C:\xampp\htdocs\system\CodeIgniter.php(404): CodeIgniter\CodeIgniter->runController(Object(App\Controllers\Web))
#2 C:\xampp\htdocs\system\CodeIgniter.php(312): CodeIgniter\CodeIgniter->handleRequest(NULL, Object(Config\Cache), false)
#3 C:\xampp\htdocs\index.php(45): CodeIgniter\CodeIgniter->run()
#4 {main}
CRITICAL - 2021-09-08 19:13:44 --> Call to a member function delete() on null
#0 C:\xampp\htdocs\system\CodeIgniter.php(918): App\Controllers\Web->deleteEvent('11')
#1 C:\xampp\htdocs\system\CodeIgniter.php(404): CodeIgniter\CodeIgniter->runController(Object(App\Controllers\Web))
#2 C:\xampp\htdocs\system\CodeIgniter.php(312): CodeIgniter\CodeIgniter->handleRequest(NULL, Object(Config\Cache), false)
#3 C:\xampp\htdocs\index.php(45): CodeIgniter\CodeIgniter->run()
#4 {main}
CRITICAL - 2021-09-08 21:47:23 --> Unable to connect to the database.
#0 /var/www/vhosts/39835675.servicio-online.net/danzefloor.com/system/Database/BaseConnection.php(646): CodeIgniter\Database\BaseConnection->initialize()
#1 /var/www/vhosts/39835675.servicio-online.net/danzefloor.com/system/Database/BaseBuilder.php(2853): CodeIgniter\Database\BaseConnection->query('DELETE FROM `ev...', Array, false)
#2 /var/www/vhosts/39835675.servicio-online.net/danzefloor.com/system/Model.php(977): CodeIgniter\Database\BaseBuilder->delete()
#3 /var/www/vhosts/39835675.servicio-online.net/danzefloor.com/app/Controllers/Web.php(235): CodeIgniter\Model->delete()
#4 /var/www/vhosts/39835675.servicio-online.net/danzefloor.com/system/CodeIgniter.php(918): App\Controllers\Web->main()
#5 /var/www/vhosts/39835675.servicio-online.net/danzefloor.com/system/CodeIgniter.php(404): CodeIgniter\CodeIgniter->runController(Object(App\Controllers\Web))
#6 /var/www/vhosts/39835675.servicio-online.net/danzefloor.com/system/CodeIgniter.php(312): CodeIgniter\CodeIgniter->handleRequest(NULL, Object(Config\Cache), false)
#7 /var/www/vhosts/39835675.servicio-online.net/danzefloor.com/index.php(45): CodeIgniter\CodeIgniter->run()
#8 {main}
