CRITICAL - 2021-09-20 19:16:13 --> ini_set(): Headers already sent. You cannot change the session module's ini settings at this time
#0 [internal function]: CodeIgniter\Debug\Exceptions->errorHandler(2, 'ini_set(): Head...', 'C:\\xampp\\htdocs...', 101, Array)
#1 C:\xampp\htdocs\system\Session\Handlers\FileHandler.php(101): ini_set('session.save_pa...', 'C:\\xampp\\htdocs...')
#2 C:\xampp\htdocs\system\Config\Services.php(780): CodeIgniter\Session\Handlers\FileHandler->__construct(Object(Config\App), '::1')
#3 C:\xampp\htdocs\system\Config\BaseService.php(123): CodeIgniter\Config\Services::session(Object(Config\App), false)
#4 C:\xampp\htdocs\system\Config\Services.php(769): CodeIgniter\Config\BaseService::getSharedInstance('session', NULL)
#5 C:\xampp\htdocs\app\Controllers\BaseController.php(43): CodeIgniter\Config\Services::session()
#6 C:\xampp\htdocs\system\CodeIgniter.php(891): App\Controllers\BaseController->initController(Object(CodeIgniter\HTTP\IncomingRequest), Object(CodeIgniter\HTTP\Response), Object(CodeIgniter\Log\Logger))
#7 C:\xampp\htdocs\system\CodeIgniter.php(399): CodeIgniter\CodeIgniter->createController()
#8 C:\xampp\htdocs\system\CodeIgniter.php(312): CodeIgniter\CodeIgniter->handleRequest(NULL, Object(Config\Cache), false)
#9 C:\xampp\htdocs\index.php(45): CodeIgniter\CodeIgniter->run()
#10 {main}
CRITICAL - 2021-09-20 19:16:13 --> Uncaught ErrorException: Cannot modify header information - headers already sent by (output started at C:\xampp\htdocs\app\Config\Events.php:33) in C:\xampp\htdocs\system\Debug\Exceptions.php:164
Stack trace:
#0 [internal function]: CodeIgniter\Debug\Exceptions->errorHandler(2, 'Cannot modify h...', 'C:\\xampp\\htdocs...', 164, Array)
#1 C:\xampp\htdocs\system\Debug\Exceptions.php(164): header('HTTP/1.1 500 In...', true, 500)
#2 [internal function]: CodeIgniter\Debug\Exceptions->exceptionHandler(Object(ErrorException))
#3 {main}
  thrown
#0 [internal function]: CodeIgniter\Debug\Exceptions->shutdownHandler()
#1 {main}
CRITICAL - 2021-09-20 19:16:55 --> ini_set(): Headers already sent. You cannot change the session module's ini settings at this time
#0 [internal function]: CodeIgniter\Debug\Exceptions->errorHandler(2, 'ini_set(): Head...', 'C:\\xampp\\htdocs...', 101, Array)
#1 C:\xampp\htdocs\system\Session\Handlers\FileHandler.php(101): ini_set('session.save_pa...', 'C:\\xampp\\htdocs...')
#2 C:\xampp\htdocs\system\Config\Services.php(780): CodeIgniter\Session\Handlers\FileHandler->__construct(Object(Config\App), '::1')
#3 C:\xampp\htdocs\system\Config\BaseService.php(123): CodeIgniter\Config\Services::session(Object(Config\App), false)
#4 C:\xampp\htdocs\system\Config\Services.php(769): CodeIgniter\Config\BaseService::getSharedInstance('session', NULL)
#5 C:\xampp\htdocs\app\Controllers\BaseController.php(43): CodeIgniter\Config\Services::session()
#6 C:\xampp\htdocs\system\CodeIgniter.php(891): App\Controllers\BaseController->initController(Object(CodeIgniter\HTTP\IncomingRequest), Object(CodeIgniter\HTTP\Response), Object(CodeIgniter\Log\Logger))
#7 C:\xampp\htdocs\system\CodeIgniter.php(399): CodeIgniter\CodeIgniter->createController()
#8 C:\xampp\htdocs\system\CodeIgniter.php(312): CodeIgniter\CodeIgniter->handleRequest(NULL, Object(Config\Cache), false)
#9 C:\xampp\htdocs\index.php(45): CodeIgniter\CodeIgniter->run()
#10 {main}
CRITICAL - 2021-09-20 19:16:55 --> Uncaught ErrorException: Cannot modify header information - headers already sent by (output started at C:\xampp\htdocs\app\Config\Events.php:33) in C:\xampp\htdocs\system\Debug\Exceptions.php:164
Stack trace:
#0 [internal function]: CodeIgniter\Debug\Exceptions->errorHandler(2, 'Cannot modify h...', 'C:\\xampp\\htdocs...', 164, Array)
#1 C:\xampp\htdocs\system\Debug\Exceptions.php(164): header('HTTP/1.1 500 In...', true, 500)
#2 [internal function]: CodeIgniter\Debug\Exceptions->exceptionHandler(Object(ErrorException))
#3 {main}
  thrown
#0 [internal function]: CodeIgniter\Debug\Exceptions->shutdownHandler()
#1 {main}
CRITICAL - 2021-09-20 19:23:01 --> ini_set(): Headers already sent. You cannot change the session module's ini settings at this time
#0 [internal function]: CodeIgniter\Debug\Exceptions->errorHandler(2, 'ini_set(): Head...', 'C:\\xampp\\htdocs...', 101, Array)
#1 C:\xampp\htdocs\system\Session\Handlers\FileHandler.php(101): ini_set('session.save_pa...', 'C:\\xampp\\htdocs...')
#2 C:\xampp\htdocs\system\Config\Services.php(780): CodeIgniter\Session\Handlers\FileHandler->__construct(Object(Config\App), '::1')
#3 C:\xampp\htdocs\system\Config\BaseService.php(123): CodeIgniter\Config\Services::session(Object(Config\App), false)
#4 C:\xampp\htdocs\system\Config\Services.php(769): CodeIgniter\Config\BaseService::getSharedInstance('session', NULL)
#5 C:\xampp\htdocs\app\Controllers\BaseController.php(43): CodeIgniter\Config\Services::session()
#6 C:\xampp\htdocs\system\CodeIgniter.php(891): App\Controllers\BaseController->initController(Object(CodeIgniter\HTTP\IncomingRequest), Object(CodeIgniter\HTTP\Response), Object(CodeIgniter\Log\Logger))
#7 C:\xampp\htdocs\system\CodeIgniter.php(399): CodeIgniter\CodeIgniter->createController()
#8 C:\xampp\htdocs\system\CodeIgniter.php(312): CodeIgniter\CodeIgniter->handleRequest(NULL, Object(Config\Cache), false)
#9 C:\xampp\htdocs\index.php(45): CodeIgniter\CodeIgniter->run()
#10 {main}
CRITICAL - 2021-09-20 19:23:01 --> Uncaught ErrorException: Cannot modify header information - headers already sent by (output started at C:\xampp\htdocs\app\Config\Events.php:33) in C:\xampp\htdocs\system\Debug\Exceptions.php:164
Stack trace:
#0 [internal function]: CodeIgniter\Debug\Exceptions->errorHandler(2, 'Cannot modify h...', 'C:\\xampp\\htdocs...', 164, Array)
#1 C:\xampp\htdocs\system\Debug\Exceptions.php(164): header('HTTP/1.1 500 In...', true, 500)
#2 [internal function]: CodeIgniter\Debug\Exceptions->exceptionHandler(Object(ErrorException))
#3 {main}
  thrown
#0 [internal function]: CodeIgniter\Debug\Exceptions->shutdownHandler()
#1 {main}
CRITICAL - 2021-09-20 19:39:20 --> Undefined variable: _file
#0 C:\xampp\htdocs\app\Controllers\Web.php(372): CodeIgniter\Debug\Exceptions->errorHandler(8, 'Undefined varia...', 'C:\\xampp\\htdocs...', 372, Array)
#1 C:\xampp\htdocs\system\CodeIgniter.php(918): App\Controllers\Web->saveset()
#2 C:\xampp\htdocs\system\CodeIgniter.php(404): CodeIgniter\CodeIgniter->runController(Object(App\Controllers\Web))
#3 C:\xampp\htdocs\system\CodeIgniter.php(312): CodeIgniter\CodeIgniter->handleRequest(NULL, Object(Config\Cache), false)
#4 C:\xampp\htdocs\index.php(45): CodeIgniter\CodeIgniter->run()
#5 {main}
