CRITICAL - 2021-09-21 19:01:17 --> Array to string conversion
#0 C:\xampp\htdocs\app\Views\pages\genres.php(2): CodeIgniter\Debug\Exceptions->errorHandler(8, 'Array to string...', 'C:\\xampp\\htdocs...', 2, Array)
#1 C:\xampp\htdocs\system\View\View.php(246): include('C:\\xampp\\htdocs...')
#2 C:\xampp\htdocs\system\Common.php(1119): CodeIgniter\View\View->render('pages/genres', Array, true)
#3 C:\xampp\htdocs\app\Controllers\Web.php(154): view('pages/genres', Array)
#4 C:\xampp\htdocs\system\CodeIgniter.php(918): App\Controllers\Web->genres('electro')
#5 C:\xampp\htdocs\system\CodeIgniter.php(404): CodeIgniter\CodeIgniter->runController(Object(App\Controllers\Web))
#6 C:\xampp\htdocs\system\CodeIgniter.php(312): CodeIgniter\CodeIgniter->handleRequest(NULL, Object(Config\Cache), false)
#7 C:\xampp\htdocs\index.php(45): CodeIgniter\CodeIgniter->run()
#8 {main}
CRITICAL - 2021-09-21 19:01:17 --> Array to string conversion
#0 C:\xampp\htdocs\app\Views\pages\genres.php(2): CodeIgniter\Debug\Exceptions->errorHandler(8, 'Array to string...', 'C:\\xampp\\htdocs...', 2, Array)
#1 C:\xampp\htdocs\system\View\View.php(246): include('C:\\xampp\\htdocs...')
#2 C:\xampp\htdocs\system\Common.php(1119): CodeIgniter\View\View->render('pages/genres', Array, true)
#3 C:\xampp\htdocs\app\Controllers\Web.php(154): view('pages/genres', Array)
#4 C:\xampp\htdocs\system\CodeIgniter.php(918): App\Controllers\Web->genres('electro')
#5 C:\xampp\htdocs\system\CodeIgniter.php(404): CodeIgniter\CodeIgniter->runController(Object(App\Controllers\Web))
#6 C:\xampp\htdocs\system\CodeIgniter.php(312): CodeIgniter\CodeIgniter->handleRequest(NULL, Object(Config\Cache), false)
#7 C:\xampp\htdocs\index.php(45): CodeIgniter\CodeIgniter->run()
#8 {main}
CRITICAL - 2021-09-21 19:01:19 --> Array to string conversion
#0 C:\xampp\htdocs\app\Views\pages\genres.php(2): CodeIgniter\Debug\Exceptions->errorHandler(8, 'Array to string...', 'C:\\xampp\\htdocs...', 2, Array)
#1 C:\xampp\htdocs\system\View\View.php(246): include('C:\\xampp\\htdocs...')
#2 C:\xampp\htdocs\system\Common.php(1119): CodeIgniter\View\View->render('pages/genres', Array, true)
#3 C:\xampp\htdocs\app\Controllers\Web.php(154): view('pages/genres', Array)
#4 C:\xampp\htdocs\system\CodeIgniter.php(918): App\Controllers\Web->genres('dubstep')
#5 C:\xampp\htdocs\system\CodeIgniter.php(404): CodeIgniter\CodeIgniter->runController(Object(App\Controllers\Web))
#6 C:\xampp\htdocs\system\CodeIgniter.php(312): CodeIgniter\CodeIgniter->handleRequest(NULL, Object(Config\Cache), false)
#7 C:\xampp\htdocs\index.php(45): CodeIgniter\CodeIgniter->run()
#8 {main}
CRITICAL - 2021-09-21 19:01:20 --> Array to string conversion
#0 C:\xampp\htdocs\app\Views\pages\genres.php(2): CodeIgniter\Debug\Exceptions->errorHandler(8, 'Array to string...', 'C:\\xampp\\htdocs...', 2, Array)
#1 C:\xampp\htdocs\system\View\View.php(246): include('C:\\xampp\\htdocs...')
#2 C:\xampp\htdocs\system\Common.php(1119): CodeIgniter\View\View->render('pages/genres', Array, true)
#3 C:\xampp\htdocs\app\Controllers\Web.php(154): view('pages/genres', Array)
#4 C:\xampp\htdocs\system\CodeIgniter.php(918): App\Controllers\Web->genres('italodisco')
#5 C:\xampp\htdocs\system\CodeIgniter.php(404): CodeIgniter\CodeIgniter->runController(Object(App\Controllers\Web))
#6 C:\xampp\htdocs\system\CodeIgniter.php(312): CodeIgniter\CodeIgniter->handleRequest(NULL, Object(Config\Cache), false)
#7 C:\xampp\htdocs\index.php(45): CodeIgniter\CodeIgniter->run()
#8 {main}
CRITICAL - 2021-09-21 19:01:21 --> Array to string conversion
#0 C:\xampp\htdocs\app\Views\pages\genres.php(2): CodeIgniter\Debug\Exceptions->errorHandler(8, 'Array to string...', 'C:\\xampp\\htdocs...', 2, Array)
#1 C:\xampp\htdocs\system\View\View.php(246): include('C:\\xampp\\htdocs...')
#2 C:\xampp\htdocs\system\Common.php(1119): CodeIgniter\View\View->render('pages/genres', Array, true)
#3 C:\xampp\htdocs\app\Controllers\Web.php(154): view('pages/genres', Array)
#4 C:\xampp\htdocs\system\CodeIgniter.php(918): App\Controllers\Web->genres('hiphop')
#5 C:\xampp\htdocs\system\CodeIgniter.php(404): CodeIgniter\CodeIgniter->runController(Object(App\Controllers\Web))
#6 C:\xampp\htdocs\system\CodeIgniter.php(312): CodeIgniter\CodeIgniter->handleRequest(NULL, Object(Config\Cache), false)
#7 C:\xampp\htdocs\index.php(45): CodeIgniter\CodeIgniter->run()
#8 {main}
CRITICAL - 2021-09-21 19:01:21 --> Array to string conversion
#0 C:\xampp\htdocs\app\Views\pages\genres.php(2): CodeIgniter\Debug\Exceptions->errorHandler(8, 'Array to string...', 'C:\\xampp\\htdocs...', 2, Array)
#1 C:\xampp\htdocs\system\View\View.php(246): include('C:\\xampp\\htdocs...')
#2 C:\xampp\htdocs\system\Common.php(1119): CodeIgniter\View\View->render('pages/genres', Array, true)
#3 C:\xampp\htdocs\app\Controllers\Web.php(154): view('pages/genres', Array)
#4 C:\xampp\htdocs\system\CodeIgniter.php(918): App\Controllers\Web->genres('house')
#5 C:\xampp\htdocs\system\CodeIgniter.php(404): CodeIgniter\CodeIgniter->runController(Object(App\Controllers\Web))
#6 C:\xampp\htdocs\system\CodeIgniter.php(312): CodeIgniter\CodeIgniter->handleRequest(NULL, Object(Config\Cache), false)
#7 C:\xampp\htdocs\index.php(45): CodeIgniter\CodeIgniter->run()
#8 {main}
CRITICAL - 2021-09-21 19:02:38 --> Array to string conversion
#0 C:\xampp\htdocs\app\Views\pages\genres.php(2): CodeIgniter\Debug\Exceptions->errorHandler(8, 'Array to string...', 'C:\\xampp\\htdocs...', 2, Array)
#1 C:\xampp\htdocs\system\View\View.php(246): include('C:\\xampp\\htdocs...')
#2 C:\xampp\htdocs\system\Common.php(1119): CodeIgniter\View\View->render('pages/genres', Array, true)
#3 C:\xampp\htdocs\app\Controllers\Web.php(154): view('pages/genres', Array)
#4 C:\xampp\htdocs\system\CodeIgniter.php(918): App\Controllers\Web->genres('electro')
#5 C:\xampp\htdocs\system\CodeIgniter.php(404): CodeIgniter\CodeIgniter->runController(Object(App\Controllers\Web))
#6 C:\xampp\htdocs\system\CodeIgniter.php(312): CodeIgniter\CodeIgniter->handleRequest(NULL, Object(Config\Cache), false)
#7 C:\xampp\htdocs\index.php(45): CodeIgniter\CodeIgniter->run()
#8 {main}
CRITICAL - 2021-09-21 19:02:39 --> Array to string conversion
#0 C:\xampp\htdocs\app\Views\pages\genres.php(2): CodeIgniter\Debug\Exceptions->errorHandler(8, 'Array to string...', 'C:\\xampp\\htdocs...', 2, Array)
#1 C:\xampp\htdocs\system\View\View.php(246): include('C:\\xampp\\htdocs...')
#2 C:\xampp\htdocs\system\Common.php(1119): CodeIgniter\View\View->render('pages/genres', Array, true)
#3 C:\xampp\htdocs\app\Controllers\Web.php(154): view('pages/genres', Array)
#4 C:\xampp\htdocs\system\CodeIgniter.php(918): App\Controllers\Web->genres('electro')
#5 C:\xampp\htdocs\system\CodeIgniter.php(404): CodeIgniter\CodeIgniter->runController(Object(App\Controllers\Web))
#6 C:\xampp\htdocs\system\CodeIgniter.php(312): CodeIgniter\CodeIgniter->handleRequest(NULL, Object(Config\Cache), false)
#7 C:\xampp\htdocs\index.php(45): CodeIgniter\CodeIgniter->run()
#8 {main}
CRITICAL - 2021-09-21 19:02:40 --> Array to string conversion
#0 C:\xampp\htdocs\app\Views\pages\genres.php(2): CodeIgniter\Debug\Exceptions->errorHandler(8, 'Array to string...', 'C:\\xampp\\htdocs...', 2, Array)
#1 C:\xampp\htdocs\system\View\View.php(246): include('C:\\xampp\\htdocs...')
#2 C:\xampp\htdocs\system\Common.php(1119): CodeIgniter\View\View->render('pages/genres', Array, true)
#3 C:\xampp\htdocs\app\Controllers\Web.php(154): view('pages/genres', Array)
#4 C:\xampp\htdocs\system\CodeIgniter.php(918): App\Controllers\Web->genres('dubstep')
#5 C:\xampp\htdocs\system\CodeIgniter.php(404): CodeIgniter\CodeIgniter->runController(Object(App\Controllers\Web))
#6 C:\xampp\htdocs\system\CodeIgniter.php(312): CodeIgniter\CodeIgniter->handleRequest(NULL, Object(Config\Cache), false)
#7 C:\xampp\htdocs\index.php(45): CodeIgniter\CodeIgniter->run()
#8 {main}
CRITICAL - 2021-09-21 19:02:41 --> Array to string conversion
#0 C:\xampp\htdocs\app\Views\pages\genres.php(2): CodeIgniter\Debug\Exceptions->errorHandler(8, 'Array to string...', 'C:\\xampp\\htdocs...', 2, Array)
#1 C:\xampp\htdocs\system\View\View.php(246): include('C:\\xampp\\htdocs...')
#2 C:\xampp\htdocs\system\Common.php(1119): CodeIgniter\View\View->render('pages/genres', Array, true)
#3 C:\xampp\htdocs\app\Controllers\Web.php(154): view('pages/genres', Array)
#4 C:\xampp\htdocs\system\CodeIgniter.php(918): App\Controllers\Web->genres('italodisco')
#5 C:\xampp\htdocs\system\CodeIgniter.php(404): CodeIgniter\CodeIgniter->runController(Object(App\Controllers\Web))
#6 C:\xampp\htdocs\system\CodeIgniter.php(312): CodeIgniter\CodeIgniter->handleRequest(NULL, Object(Config\Cache), false)
#7 C:\xampp\htdocs\index.php(45): CodeIgniter\CodeIgniter->run()
#8 {main}
CRITICAL - 2021-09-21 19:02:41 --> Array to string conversion
#0 C:\xampp\htdocs\app\Views\pages\genres.php(2): CodeIgniter\Debug\Exceptions->errorHandler(8, 'Array to string...', 'C:\\xampp\\htdocs...', 2, Array)
#1 C:\xampp\htdocs\system\View\View.php(246): include('C:\\xampp\\htdocs...')
#2 C:\xampp\htdocs\system\Common.php(1119): CodeIgniter\View\View->render('pages/genres', Array, true)
#3 C:\xampp\htdocs\app\Controllers\Web.php(154): view('pages/genres', Array)
#4 C:\xampp\htdocs\system\CodeIgniter.php(918): App\Controllers\Web->genres('hiphop')
#5 C:\xampp\htdocs\system\CodeIgniter.php(404): CodeIgniter\CodeIgniter->runController(Object(App\Controllers\Web))
#6 C:\xampp\htdocs\system\CodeIgniter.php(312): CodeIgniter\CodeIgniter->handleRequest(NULL, Object(Config\Cache), false)
#7 C:\xampp\htdocs\index.php(45): CodeIgniter\CodeIgniter->run()
#8 {main}
CRITICAL - 2021-09-21 19:02:47 --> Array to string conversion
#0 C:\xampp\htdocs\app\Views\pages\genres.php(2): CodeIgniter\Debug\Exceptions->errorHandler(8, 'Array to string...', 'C:\\xampp\\htdocs...', 2, Array)
#1 C:\xampp\htdocs\system\View\View.php(246): include('C:\\xampp\\htdocs...')
#2 C:\xampp\htdocs\system\Common.php(1119): CodeIgniter\View\View->render('pages/genres', Array, true)
#3 C:\xampp\htdocs\app\Controllers\Web.php(154): view('pages/genres', Array)
#4 C:\xampp\htdocs\system\CodeIgniter.php(918): App\Controllers\Web->genres('hiphop')
#5 C:\xampp\htdocs\system\CodeIgniter.php(404): CodeIgniter\CodeIgniter->runController(Object(App\Controllers\Web))
#6 C:\xampp\htdocs\system\CodeIgniter.php(312): CodeIgniter\CodeIgniter->handleRequest(NULL, Object(Config\Cache), false)
#7 C:\xampp\htdocs\index.php(45): CodeIgniter\CodeIgniter->run()
#8 {main}
CRITICAL - 2021-09-21 19:03:41 --> Array to string conversion
#0 C:\xampp\htdocs\app\Views\pages\genres.php(2): CodeIgniter\Debug\Exceptions->errorHandler(8, 'Array to string...', 'C:\\xampp\\htdocs...', 2, Array)
#1 C:\xampp\htdocs\system\View\View.php(246): include('C:\\xampp\\htdocs...')
#2 C:\xampp\htdocs\system\Common.php(1119): CodeIgniter\View\View->render('pages/genres', Array, true)
#3 C:\xampp\htdocs\app\Controllers\Web.php(154): view('pages/genres', Array)
#4 C:\xampp\htdocs\system\CodeIgniter.php(918): App\Controllers\Web->genres('electro')
#5 C:\xampp\htdocs\system\CodeIgniter.php(404): CodeIgniter\CodeIgniter->runController(Object(App\Controllers\Web))
#6 C:\xampp\htdocs\system\CodeIgniter.php(312): CodeIgniter\CodeIgniter->handleRequest(NULL, Object(Config\Cache), false)
#7 C:\xampp\htdocs\index.php(45): CodeIgniter\CodeIgniter->run()
#8 {main}
CRITICAL - 2021-09-21 19:04:04 --> Array to string conversion
#0 C:\xampp\htdocs\app\Views\pages\genres.php(2): CodeIgniter\Debug\Exceptions->errorHandler(8, 'Array to string...', 'C:\\xampp\\htdocs...', 2, Array)
#1 C:\xampp\htdocs\system\View\View.php(246): include('C:\\xampp\\htdocs...')
#2 C:\xampp\htdocs\system\Common.php(1119): CodeIgniter\View\View->render('pages/genres', Array, true)
#3 C:\xampp\htdocs\app\Controllers\Web.php(154): view('pages/genres', Array)
#4 C:\xampp\htdocs\system\CodeIgniter.php(918): App\Controllers\Web->genres('electro')
#5 C:\xampp\htdocs\system\CodeIgniter.php(404): CodeIgniter\CodeIgniter->runController(Object(App\Controllers\Web))
#6 C:\xampp\htdocs\system\CodeIgniter.php(312): CodeIgniter\CodeIgniter->handleRequest(NULL, Object(Config\Cache), false)
#7 C:\xampp\htdocs\index.php(45): CodeIgniter\CodeIgniter->run()
#8 {main}
