CRITICAL - 2021-02-16 12:57:41 --> There is no data to {0}.
#0 C:\xampp\htdocs\system\Model.php(834): CodeIgniter\Database\Exceptions\DataException::forEmptyDataset('update')
#1 C:\xampp\htdocs\app\Controllers\Web.php(181): CodeIgniter\Model->update(Array, NULL)
#2 C:\xampp\htdocs\system\CodeIgniter.php(918): App\Controllers\Web->saveprofile()
#3 C:\xampp\htdocs\system\CodeIgniter.php(404): CodeIgniter\CodeIgniter->runController(Object(App\Controllers\Web))
#4 C:\xampp\htdocs\system\CodeIgniter.php(312): CodeIgniter\CodeIgniter->handleRequest(NULL, Object(Config\Cache), false)
#5 C:\xampp\htdocs\index.php(45): CodeIgniter\CodeIgniter->run()
#6 {main}
CRITICAL - 2021-02-16 13:00:48 --> There is no data to {0}.
#0 C:\xampp\htdocs\system\Model.php(834): CodeIgniter\Database\Exceptions\DataException::forEmptyDataset('update')
#1 C:\xampp\htdocs\app\Controllers\Web.php(181): CodeIgniter\Model->update(Array, NULL)
#2 C:\xampp\htdocs\system\CodeIgniter.php(918): App\Controllers\Web->saveprofile()
#3 C:\xampp\htdocs\system\CodeIgniter.php(404): CodeIgniter\CodeIgniter->runController(Object(App\Controllers\Web))
#4 C:\xampp\htdocs\system\CodeIgniter.php(312): CodeIgniter\CodeIgniter->handleRequest(NULL, Object(Config\Cache), false)
#5 C:\xampp\htdocs\index.php(45): CodeIgniter\CodeIgniter->run()
#6 {main}
CRITICAL - 2021-02-16 13:01:18 --> There is no data to {0}.
#0 C:\xampp\htdocs\system\Model.php(834): CodeIgniter\Database\Exceptions\DataException::forEmptyDataset('update')
#1 C:\xampp\htdocs\app\Controllers\Web.php(181): CodeIgniter\Model->update(Array, NULL)
#2 C:\xampp\htdocs\system\CodeIgniter.php(918): App\Controllers\Web->saveprofile()
#3 C:\xampp\htdocs\system\CodeIgniter.php(404): CodeIgniter\CodeIgniter->runController(Object(App\Controllers\Web))
#4 C:\xampp\htdocs\system\CodeIgniter.php(312): CodeIgniter\CodeIgniter->handleRequest(NULL, Object(Config\Cache), false)
#5 C:\xampp\htdocs\index.php(45): CodeIgniter\CodeIgniter->run()
#6 {main}
CRITICAL - 2021-02-16 13:02:28 --> There is no data to {0}.
#0 C:\xampp\htdocs\system\Model.php(834): CodeIgniter\Database\Exceptions\DataException::forEmptyDataset('update')
#1 C:\xampp\htdocs\app\Controllers\Web.php(181): CodeIgniter\Model->update(Array, NULL)
#2 C:\xampp\htdocs\system\CodeIgniter.php(918): App\Controllers\Web->saveprofile()
#3 C:\xampp\htdocs\system\CodeIgniter.php(404): CodeIgniter\CodeIgniter->runController(Object(App\Controllers\Web))
#4 C:\xampp\htdocs\system\CodeIgniter.php(312): CodeIgniter\CodeIgniter->handleRequest(NULL, Object(Config\Cache), false)
#5 C:\xampp\htdocs\index.php(45): CodeIgniter\CodeIgniter->run()
#6 {main}
CRITICAL - 2021-02-16 13:12:22 --> There is no data to {0}.
#0 C:\xampp\htdocs\system\Model.php(834): CodeIgniter\Database\Exceptions\DataException::forEmptyDataset('update')
#1 C:\xampp\htdocs\app\Controllers\Web.php(181): CodeIgniter\Model->update(Array, NULL)
#2 C:\xampp\htdocs\system\CodeIgniter.php(918): App\Controllers\Web->saveprofile()
#3 C:\xampp\htdocs\system\CodeIgniter.php(404): CodeIgniter\CodeIgniter->runController(Object(App\Controllers\Web))
#4 C:\xampp\htdocs\system\CodeIgniter.php(312): CodeIgniter\CodeIgniter->handleRequest(NULL, Object(Config\Cache), false)
#5 C:\xampp\htdocs\index.php(45): CodeIgniter\CodeIgniter->run()
#6 {main}
CRITICAL - 2021-02-16 13:14:38 --> There is no data to {0}.
#0 C:\xampp\htdocs\system\Model.php(834): CodeIgniter\Database\Exceptions\DataException::forEmptyDataset('update')
#1 C:\xampp\htdocs\app\Controllers\Web.php(181): CodeIgniter\Model->update(Array, NULL)
#2 C:\xampp\htdocs\system\CodeIgniter.php(918): App\Controllers\Web->saveprofile()
#3 C:\xampp\htdocs\system\CodeIgniter.php(404): CodeIgniter\CodeIgniter->runController(Object(App\Controllers\Web))
#4 C:\xampp\htdocs\system\CodeIgniter.php(312): CodeIgniter\CodeIgniter->handleRequest(NULL, Object(Config\Cache), false)
#5 C:\xampp\htdocs\index.php(45): CodeIgniter\CodeIgniter->run()
#6 {main}
