CRITICAL - 2021-07-16 23:02:06 --> Unable to connect to the database.
#0 C:\xampp\htdocs\system\Database\BaseConnection.php(646): CodeIgniter\Database\BaseConnection->initialize()
#1 C:\xampp\htdocs\system\Database\BaseBuilder.php(1860): CodeIgniter\Database\BaseConnection->query('SELECT *\nFROM `...', Array, false)
#2 C:\xampp\htdocs\system\Model.php(462): CodeIgniter\Database\BaseBuilder->get()
#3 C:\xampp\htdocs\app\Controllers\Web.php(94): CodeIgniter\Model->findAll()
#4 C:\xampp\htdocs\system\CodeIgniter.php(918): App\Controllers\Web->getTags()
#5 C:\xampp\htdocs\system\CodeIgniter.php(404): CodeIgniter\CodeIgniter->runController(Object(App\Controllers\Web))
#6 C:\xampp\htdocs\system\CodeIgniter.php(312): CodeIgniter\CodeIgniter->handleRequest(NULL, Object(Config\Cache), false)
#7 C:\xampp\htdocs\index.php(45): CodeIgniter\CodeIgniter->run()
#8 {main}
CRITICAL - 2021-07-16 23:02:06 --> Unable to connect to the database.
#0 C:\xampp\htdocs\system\Database\BaseConnection.php(646): CodeIgniter\Database\BaseConnection->initialize()
#1 C:\xampp\htdocs\system\Database\BaseBuilder.php(1860): CodeIgniter\Database\BaseConnection->query('SELECT *\nFROM `...', Array, false)
#2 C:\xampp\htdocs\system\Model.php(462): CodeIgniter\Database\BaseBuilder->get()
#3 C:\xampp\htdocs\app\Controllers\Web.php(94): CodeIgniter\Model->findAll()
#4 C:\xampp\htdocs\system\CodeIgniter.php(918): App\Controllers\Web->getTags()
#5 C:\xampp\htdocs\system\CodeIgniter.php(404): CodeIgniter\CodeIgniter->runController(Object(App\Controllers\Web))
#6 C:\xampp\htdocs\system\CodeIgniter.php(312): CodeIgniter\CodeIgniter->handleRequest(NULL, Object(Config\Cache), false)
#7 C:\xampp\htdocs\index.php(45): CodeIgniter\CodeIgniter->run()
#8 {main}
CRITICAL - 2021-07-16 23:02:08 --> Unable to connect to the database.
#0 C:\xampp\htdocs\system\Database\BaseConnection.php(646): CodeIgniter\Database\BaseConnection->initialize()
#1 C:\xampp\htdocs\system\Database\BaseBuilder.php(1860): CodeIgniter\Database\BaseConnection->query('SELECT *\nFROM `...', Array, false)
#2 C:\xampp\htdocs\system\Model.php(462): CodeIgniter\Database\BaseBuilder->get()
#3 C:\xampp\htdocs\app\Controllers\Web.php(94): CodeIgniter\Model->findAll()
#4 C:\xampp\htdocs\system\CodeIgniter.php(918): App\Controllers\Web->getTags()
#5 C:\xampp\htdocs\system\CodeIgniter.php(404): CodeIgniter\CodeIgniter->runController(Object(App\Controllers\Web))
#6 C:\xampp\htdocs\system\CodeIgniter.php(312): CodeIgniter\CodeIgniter->handleRequest(NULL, Object(Config\Cache), false)
#7 C:\xampp\htdocs\index.php(45): CodeIgniter\CodeIgniter->run()
#8 {main}
CRITICAL - 2021-07-16 23:02:18 --> Unable to connect to the database.
#0 C:\xampp\htdocs\system\Database\BaseConnection.php(646): CodeIgniter\Database\BaseConnection->initialize()
#1 C:\xampp\htdocs\system\Database\BaseBuilder.php(1860): CodeIgniter\Database\BaseConnection->query('SELECT *\nFROM `...', Array, false)
#2 C:\xampp\htdocs\system\Model.php(462): CodeIgniter\Database\BaseBuilder->get()
#3 C:\xampp\htdocs\app\Controllers\Web.php(325): CodeIgniter\Model->findAll()
#4 C:\xampp\htdocs\system\CodeIgniter.php(918): App\Controllers\Web->validateUser()
#5 C:\xampp\htdocs\system\CodeIgniter.php(404): CodeIgniter\CodeIgniter->runController(Object(App\Controllers\Web))
#6 C:\xampp\htdocs\system\CodeIgniter.php(312): CodeIgniter\CodeIgniter->handleRequest(NULL, Object(Config\Cache), false)
#7 C:\xampp\htdocs\index.php(45): CodeIgniter\CodeIgniter->run()
#8 {main}
CRITICAL - 2021-07-16 23:02:20 --> Unable to connect to the database.
#0 C:\xampp\htdocs\system\Database\BaseConnection.php(646): CodeIgniter\Database\BaseConnection->initialize()
#1 C:\xampp\htdocs\system\Database\BaseBuilder.php(1860): CodeIgniter\Database\BaseConnection->query('SELECT *\nFROM `...', Array, false)
#2 C:\xampp\htdocs\system\Model.php(462): CodeIgniter\Database\BaseBuilder->get()
#3 C:\xampp\htdocs\app\Controllers\Web.php(325): CodeIgniter\Model->findAll()
#4 C:\xampp\htdocs\system\CodeIgniter.php(918): App\Controllers\Web->validateUser()
#5 C:\xampp\htdocs\system\CodeIgniter.php(404): CodeIgniter\CodeIgniter->runController(Object(App\Controllers\Web))
#6 C:\xampp\htdocs\system\CodeIgniter.php(312): CodeIgniter\CodeIgniter->handleRequest(NULL, Object(Config\Cache), false)
#7 C:\xampp\htdocs\index.php(45): CodeIgniter\CodeIgniter->run()
#8 {main}
CRITICAL - 2021-07-16 23:02:26 --> Unable to connect to the database.
#0 C:\xampp\htdocs\system\Database\BaseConnection.php(646): CodeIgniter\Database\BaseConnection->initialize()
#1 C:\xampp\htdocs\system\Database\BaseBuilder.php(1860): CodeIgniter\Database\BaseConnection->query('SELECT *\nFROM `...', Array, false)
#2 C:\xampp\htdocs\system\Model.php(462): CodeIgniter\Database\BaseBuilder->get()
#3 C:\xampp\htdocs\app\Controllers\Web.php(325): CodeIgniter\Model->findAll()
#4 C:\xampp\htdocs\system\CodeIgniter.php(918): App\Controllers\Web->validateUser()
#5 C:\xampp\htdocs\system\CodeIgniter.php(404): CodeIgniter\CodeIgniter->runController(Object(App\Controllers\Web))
#6 C:\xampp\htdocs\system\CodeIgniter.php(312): CodeIgniter\CodeIgniter->handleRequest(NULL, Object(Config\Cache), false)
#7 C:\xampp\htdocs\index.php(45): CodeIgniter\CodeIgniter->run()
#8 {main}
CRITICAL - 2021-07-16 23:02:40 --> Unable to connect to the database.
#0 C:\xampp\htdocs\system\Database\BaseConnection.php(646): CodeIgniter\Database\BaseConnection->initialize()
#1 C:\xampp\htdocs\system\Database\BaseBuilder.php(1860): CodeIgniter\Database\BaseConnection->query('SELECT *\nFROM `...', Array, false)
#2 C:\xampp\htdocs\system\Model.php(462): CodeIgniter\Database\BaseBuilder->get()
#3 C:\xampp\htdocs\app\Controllers\Web.php(325): CodeIgniter\Model->findAll()
#4 C:\xampp\htdocs\system\CodeIgniter.php(918): App\Controllers\Web->validateUser()
#5 C:\xampp\htdocs\system\CodeIgniter.php(404): CodeIgniter\CodeIgniter->runController(Object(App\Controllers\Web))
#6 C:\xampp\htdocs\system\CodeIgniter.php(312): CodeIgniter\CodeIgniter->handleRequest(NULL, Object(Config\Cache), false)
#7 C:\xampp\htdocs\index.php(45): CodeIgniter\CodeIgniter->run()
#8 {main}
CRITICAL - 2021-07-16 23:02:41 --> Unable to connect to the database.
#0 C:\xampp\htdocs\system\Database\BaseConnection.php(646): CodeIgniter\Database\BaseConnection->initialize()
#1 C:\xampp\htdocs\system\Database\BaseBuilder.php(1860): CodeIgniter\Database\BaseConnection->query('SELECT *\nFROM `...', Array, false)
#2 C:\xampp\htdocs\system\Model.php(462): CodeIgniter\Database\BaseBuilder->get()
#3 C:\xampp\htdocs\app\Controllers\Web.php(325): CodeIgniter\Model->findAll()
#4 C:\xampp\htdocs\system\CodeIgniter.php(918): App\Controllers\Web->validateUser()
#5 C:\xampp\htdocs\system\CodeIgniter.php(404): CodeIgniter\CodeIgniter->runController(Object(App\Controllers\Web))
#6 C:\xampp\htdocs\system\CodeIgniter.php(312): CodeIgniter\CodeIgniter->handleRequest(NULL, Object(Config\Cache), false)
#7 C:\xampp\htdocs\index.php(45): CodeIgniter\CodeIgniter->run()
#8 {main}
CRITICAL - 2021-07-16 23:02:41 --> Unable to connect to the database.
#0 C:\xampp\htdocs\system\Database\BaseConnection.php(646): CodeIgniter\Database\BaseConnection->initialize()
#1 C:\xampp\htdocs\system\Database\BaseBuilder.php(1860): CodeIgniter\Database\BaseConnection->query('SELECT *\nFROM `...', Array, false)
#2 C:\xampp\htdocs\system\Model.php(462): CodeIgniter\Database\BaseBuilder->get()
#3 C:\xampp\htdocs\app\Controllers\Web.php(325): CodeIgniter\Model->findAll()
#4 C:\xampp\htdocs\system\CodeIgniter.php(918): App\Controllers\Web->validateUser()
#5 C:\xampp\htdocs\system\CodeIgniter.php(404): CodeIgniter\CodeIgniter->runController(Object(App\Controllers\Web))
#6 C:\xampp\htdocs\system\CodeIgniter.php(312): CodeIgniter\CodeIgniter->handleRequest(NULL, Object(Config\Cache), false)
#7 C:\xampp\htdocs\index.php(45): CodeIgniter\CodeIgniter->run()
#8 {main}
CRITICAL - 2021-07-16 23:03:06 --> Unable to connect to the database.
#0 C:\xampp\htdocs\system\Database\BaseConnection.php(646): CodeIgniter\Database\BaseConnection->initialize()
#1 C:\xampp\htdocs\system\Database\BaseBuilder.php(1860): CodeIgniter\Database\BaseConnection->query('SELECT *\nFROM `...', Array, false)
#2 C:\xampp\htdocs\system\Model.php(462): CodeIgniter\Database\BaseBuilder->get()
#3 C:\xampp\htdocs\app\Controllers\Web.php(94): CodeIgniter\Model->findAll()
#4 C:\xampp\htdocs\system\CodeIgniter.php(918): App\Controllers\Web->getTags()
#5 C:\xampp\htdocs\system\CodeIgniter.php(404): CodeIgniter\CodeIgniter->runController(Object(App\Controllers\Web))
#6 C:\xampp\htdocs\system\CodeIgniter.php(312): CodeIgniter\CodeIgniter->handleRequest(NULL, Object(Config\Cache), false)
#7 C:\xampp\htdocs\index.php(45): CodeIgniter\CodeIgniter->run()
#8 {main}
CRITICAL - 2021-07-16 23:03:07 --> Unable to connect to the database.
#0 C:\xampp\htdocs\system\Database\BaseConnection.php(646): CodeIgniter\Database\BaseConnection->initialize()
#1 C:\xampp\htdocs\system\Database\BaseBuilder.php(1860): CodeIgniter\Database\BaseConnection->query('SELECT *\nFROM `...', Array, false)
#2 C:\xampp\htdocs\system\Model.php(462): CodeIgniter\Database\BaseBuilder->get()
#3 C:\xampp\htdocs\app\Controllers\Web.php(94): CodeIgniter\Model->findAll()
#4 C:\xampp\htdocs\system\CodeIgniter.php(918): App\Controllers\Web->getTags()
#5 C:\xampp\htdocs\system\CodeIgniter.php(404): CodeIgniter\CodeIgniter->runController(Object(App\Controllers\Web))
#6 C:\xampp\htdocs\system\CodeIgniter.php(312): CodeIgniter\CodeIgniter->handleRequest(NULL, Object(Config\Cache), false)
#7 C:\xampp\htdocs\index.php(45): CodeIgniter\CodeIgniter->run()
#8 {main}
CRITICAL - 2021-07-16 23:03:08 --> Unable to connect to the database.
#0 C:\xampp\htdocs\system\Database\BaseConnection.php(646): CodeIgniter\Database\BaseConnection->initialize()
#1 C:\xampp\htdocs\system\Database\BaseBuilder.php(1860): CodeIgniter\Database\BaseConnection->query('SELECT *\nFROM `...', Array, false)
#2 C:\xampp\htdocs\system\Model.php(462): CodeIgniter\Database\BaseBuilder->get()
#3 C:\xampp\htdocs\app\Controllers\Web.php(94): CodeIgniter\Model->findAll()
#4 C:\xampp\htdocs\system\CodeIgniter.php(918): App\Controllers\Web->getTags()
#5 C:\xampp\htdocs\system\CodeIgniter.php(404): CodeIgniter\CodeIgniter->runController(Object(App\Controllers\Web))
#6 C:\xampp\htdocs\system\CodeIgniter.php(312): CodeIgniter\CodeIgniter->handleRequest(NULL, Object(Config\Cache), false)
#7 C:\xampp\htdocs\index.php(45): CodeIgniter\CodeIgniter->run()
#8 {main}
CRITICAL - 2021-07-16 23:03:16 --> Unable to connect to the database.
#0 C:\xampp\htdocs\system\Database\BaseConnection.php(646): CodeIgniter\Database\BaseConnection->initialize()
#1 C:\xampp\htdocs\system\Database\BaseBuilder.php(1860): CodeIgniter\Database\BaseConnection->query('SELECT *\nFROM `...', Array, false)
#2 C:\xampp\htdocs\system\Model.php(462): CodeIgniter\Database\BaseBuilder->get()
#3 C:\xampp\htdocs\app\Controllers\Web.php(325): CodeIgniter\Model->findAll()
#4 C:\xampp\htdocs\system\CodeIgniter.php(918): App\Controllers\Web->validateUser()
#5 C:\xampp\htdocs\system\CodeIgniter.php(404): CodeIgniter\CodeIgniter->runController(Object(App\Controllers\Web))
#6 C:\xampp\htdocs\system\CodeIgniter.php(312): CodeIgniter\CodeIgniter->handleRequest(NULL, Object(Config\Cache), false)
#7 C:\xampp\htdocs\index.php(45): CodeIgniter\CodeIgniter->run()
#8 {main}
CRITICAL - 2021-07-16 23:03:18 --> Unable to connect to the database.
#0 C:\xampp\htdocs\system\Database\BaseConnection.php(646): CodeIgniter\Database\BaseConnection->initialize()
#1 C:\xampp\htdocs\system\Database\BaseBuilder.php(1860): CodeIgniter\Database\BaseConnection->query('SELECT *\nFROM `...', Array, false)
#2 C:\xampp\htdocs\system\Model.php(462): CodeIgniter\Database\BaseBuilder->get()
#3 C:\xampp\htdocs\app\Controllers\Web.php(325): CodeIgniter\Model->findAll()
#4 C:\xampp\htdocs\system\CodeIgniter.php(918): App\Controllers\Web->validateUser()
#5 C:\xampp\htdocs\system\CodeIgniter.php(404): CodeIgniter\CodeIgniter->runController(Object(App\Controllers\Web))
#6 C:\xampp\htdocs\system\CodeIgniter.php(312): CodeIgniter\CodeIgniter->handleRequest(NULL, Object(Config\Cache), false)
#7 C:\xampp\htdocs\index.php(45): CodeIgniter\CodeIgniter->run()
#8 {main}
CRITICAL - 2021-07-16 23:03:19 --> Unable to connect to the database.
#0 C:\xampp\htdocs\system\Database\BaseConnection.php(646): CodeIgniter\Database\BaseConnection->initialize()
#1 C:\xampp\htdocs\system\Database\BaseBuilder.php(1860): CodeIgniter\Database\BaseConnection->query('SELECT *\nFROM `...', Array, false)
#2 C:\xampp\htdocs\system\Model.php(462): CodeIgniter\Database\BaseBuilder->get()
#3 C:\xampp\htdocs\app\Controllers\Web.php(325): CodeIgniter\Model->findAll()
#4 C:\xampp\htdocs\system\CodeIgniter.php(918): App\Controllers\Web->validateUser()
#5 C:\xampp\htdocs\system\CodeIgniter.php(404): CodeIgniter\CodeIgniter->runController(Object(App\Controllers\Web))
#6 C:\xampp\htdocs\system\CodeIgniter.php(312): CodeIgniter\CodeIgniter->handleRequest(NULL, Object(Config\Cache), false)
#7 C:\xampp\htdocs\index.php(45): CodeIgniter\CodeIgniter->run()
#8 {main}
CRITICAL - 2021-07-16 23:05:14 --> mkdir(): No such file or directory
#0 [internal function]: CodeIgniter\Debug\Exceptions->errorHandler(2, 'mkdir(): No suc...', 'C:\\xampp\\htdocs...', 183, Array)
#1 C:\xampp\htdocs\app\Controllers\Web.php(183): mkdir('/public/img/art...', 511)
#2 C:\xampp\htdocs\system\CodeIgniter.php(918): App\Controllers\Web->saveprofile()
#3 C:\xampp\htdocs\system\CodeIgniter.php(404): CodeIgniter\CodeIgniter->runController(Object(App\Controllers\Web))
#4 C:\xampp\htdocs\system\CodeIgniter.php(312): CodeIgniter\CodeIgniter->handleRequest(NULL, Object(Config\Cache), false)
#5 C:\xampp\htdocs\index.php(45): CodeIgniter\CodeIgniter->run()
#6 {main}
CRITICAL - 2021-07-16 23:09:27 --> mkdir(): No such file or directory
#0 [internal function]: CodeIgniter\Debug\Exceptions->errorHandler(2, 'mkdir(): No suc...', 'C:\\xampp\\htdocs...', 185, Array)
#1 C:\xampp\htdocs\app\Controllers\Web.php(185): mkdir('/public/img/art...', 511)
#2 C:\xampp\htdocs\system\CodeIgniter.php(918): App\Controllers\Web->saveprofile()
#3 C:\xampp\htdocs\system\CodeIgniter.php(404): CodeIgniter\CodeIgniter->runController(Object(App\Controllers\Web))
#4 C:\xampp\htdocs\system\CodeIgniter.php(312): CodeIgniter\CodeIgniter->handleRequest(NULL, Object(Config\Cache), false)
#5 C:\xampp\htdocs\index.php(45): CodeIgniter\CodeIgniter->run()
#6 {main}
CRITICAL - 2021-07-16 23:14:50 --> syntax error, unexpected 'public' (T_PUBLIC)
#0 C:\xampp\htdocs\system\Autoloader\Autoloader.php(296): CodeIgniter\Autoloader\Autoloader->requireFile('C:\\xampp\\htdocs...')
#1 C:\xampp\htdocs\system\Autoloader\Autoloader.php(258): CodeIgniter\Autoloader\Autoloader->loadInNamespace('App\\Controllers...')
#2 [internal function]: CodeIgniter\Autoloader\Autoloader->loadClass('App\\Controllers...')
#3 [internal function]: spl_autoload_call('App\\Controllers...')
#4 C:\xampp\htdocs\system\CodeIgniter.php(869): class_exists('\\App\\Controller...', true)
#5 C:\xampp\htdocs\system\CodeIgniter.php(394): CodeIgniter\CodeIgniter->startController()
#6 C:\xampp\htdocs\system\CodeIgniter.php(312): CodeIgniter\CodeIgniter->handleRequest(NULL, Object(Config\Cache), false)
#7 C:\xampp\htdocs\index.php(45): CodeIgniter\CodeIgniter->run()
#8 {main}
CRITICAL - 2021-07-16 23:18:26 --> mkdir(): No such file or directory
#0 [internal function]: CodeIgniter\Debug\Exceptions->errorHandler(2, 'mkdir(): No suc...', 'C:\\xampp\\htdocs...', 185, Array)
#1 C:\xampp\htdocs\app\Controllers\Web.php(185): mkdir('/public/img/art...', 511)
#2 C:\xampp\htdocs\system\CodeIgniter.php(918): App\Controllers\Web->saveprofile()
#3 C:\xampp\htdocs\system\CodeIgniter.php(404): CodeIgniter\CodeIgniter->runController(Object(App\Controllers\Web))
#4 C:\xampp\htdocs\system\CodeIgniter.php(312): CodeIgniter\CodeIgniter->handleRequest(NULL, Object(Config\Cache), false)
#5 C:\xampp\htdocs\index.php(45): CodeIgniter\CodeIgniter->run()
#6 {main}
CRITICAL - 2021-07-16 23:27:50 --> mkdir(): No such file or directory
#0 [internal function]: CodeIgniter\Debug\Exceptions->errorHandler(2, 'mkdir(): No suc...', 'C:\\xampp\\htdocs...', 185, Array)
#1 C:\xampp\htdocs\app\Controllers\Web.php(185): mkdir('/public/img/art...', 511)
#2 C:\xampp\htdocs\system\CodeIgniter.php(918): App\Controllers\Web->saveprofile()
#3 C:\xampp\htdocs\system\CodeIgniter.php(404): CodeIgniter\CodeIgniter->runController(Object(App\Controllers\Web))
#4 C:\xampp\htdocs\system\CodeIgniter.php(312): CodeIgniter\CodeIgniter->handleRequest(NULL, Object(Config\Cache), false)
#5 C:\xampp\htdocs\index.php(45): CodeIgniter\CodeIgniter->run()
#6 {main}
CRITICAL - 2021-07-16 23:28:12 --> mkdir(): No such file or directory
#0 [internal function]: CodeIgniter\Debug\Exceptions->errorHandler(2, 'mkdir(): No suc...', 'C:\\xampp\\htdocs...', 185, Array)
#1 C:\xampp\htdocs\app\Controllers\Web.php(185): mkdir('/public/img/art...', 511)
#2 C:\xampp\htdocs\system\CodeIgniter.php(918): App\Controllers\Web->saveprofile()
#3 C:\xampp\htdocs\system\CodeIgniter.php(404): CodeIgniter\CodeIgniter->runController(Object(App\Controllers\Web))
#4 C:\xampp\htdocs\system\CodeIgniter.php(312): CodeIgniter\CodeIgniter->handleRequest(NULL, Object(Config\Cache), false)
#5 C:\xampp\htdocs\index.php(45): CodeIgniter\CodeIgniter->run()
#6 {main}
CRITICAL - 2021-07-16 23:36:57 --> mkdir(): No such file or directory
#0 [internal function]: CodeIgniter\Debug\Exceptions->errorHandler(2, 'mkdir(): No suc...', 'C:\\xampp\\htdocs...', 185, Array)
#1 C:\xampp\htdocs\app\Controllers\Web.php(185): mkdir('/public/img/art...', 511)
#2 C:\xampp\htdocs\system\CodeIgniter.php(918): App\Controllers\Web->saveprofile()
#3 C:\xampp\htdocs\system\CodeIgniter.php(404): CodeIgniter\CodeIgniter->runController(Object(App\Controllers\Web))
#4 C:\xampp\htdocs\system\CodeIgniter.php(312): CodeIgniter\CodeIgniter->handleRequest(NULL, Object(Config\Cache), false)
#5 C:\xampp\htdocs\index.php(45): CodeIgniter\CodeIgniter->run()
#6 {main}
CRITICAL - 2021-07-16 23:38:09 --> mkdir(): No such file or directory
#0 [internal function]: CodeIgniter\Debug\Exceptions->errorHandler(2, 'mkdir(): No suc...', 'C:\\xampp\\htdocs...', 185, Array)
#1 C:\xampp\htdocs\app\Controllers\Web.php(185): mkdir('/public/img/art...', 493)
#2 C:\xampp\htdocs\system\CodeIgniter.php(918): App\Controllers\Web->saveprofile()
#3 C:\xampp\htdocs\system\CodeIgniter.php(404): CodeIgniter\CodeIgniter->runController(Object(App\Controllers\Web))
#4 C:\xampp\htdocs\system\CodeIgniter.php(312): CodeIgniter\CodeIgniter->handleRequest(NULL, Object(Config\Cache), false)
#5 C:\xampp\htdocs\index.php(45): CodeIgniter\CodeIgniter->run()
#6 {main}
CRITICAL - 2021-07-16 23:38:31 --> mkdir(): No such file or directory
#0 [internal function]: CodeIgniter\Debug\Exceptions->errorHandler(2, 'mkdir(): No suc...', 'C:\\xampp\\htdocs...', 185, Array)
#1 C:\xampp\htdocs\app\Controllers\Web.php(185): mkdir('/public/img/art...', 493)
#2 C:\xampp\htdocs\system\CodeIgniter.php(918): App\Controllers\Web->saveprofile()
#3 C:\xampp\htdocs\system\CodeIgniter.php(404): CodeIgniter\CodeIgniter->runController(Object(App\Controllers\Web))
#4 C:\xampp\htdocs\system\CodeIgniter.php(312): CodeIgniter\CodeIgniter->handleRequest(NULL, Object(Config\Cache), false)
#5 C:\xampp\htdocs\index.php(45): CodeIgniter\CodeIgniter->run()
#6 {main}
CRITICAL - 2021-07-16 23:56:29 --> opendir(http://localhost:73/public/img/artists/11): failed to open dir: not implemented
#0 [internal function]: CodeIgniter\Debug\Exceptions->errorHandler(2, 'opendir(http://...', 'C:\\xampp\\htdocs...', 185, Array)
#1 C:\xampp\htdocs\app\Controllers\Web.php(185): opendir('http://localhos...')
#2 C:\xampp\htdocs\system\CodeIgniter.php(918): App\Controllers\Web->saveprofile()
#3 C:\xampp\htdocs\system\CodeIgniter.php(404): CodeIgniter\CodeIgniter->runController(Object(App\Controllers\Web))
#4 C:\xampp\htdocs\system\CodeIgniter.php(312): CodeIgniter\CodeIgniter->handleRequest(NULL, Object(Config\Cache), false)
#5 C:\xampp\htdocs\index.php(45): CodeIgniter\CodeIgniter->run()
#6 {main}
CRITICAL - 2021-07-16 23:57:18 --> opendir(http://localhost:73/public/img/artists/11): failed to open dir: not implemented
#0 [internal function]: CodeIgniter\Debug\Exceptions->errorHandler(2, 'opendir(http://...', 'C:\\xampp\\htdocs...', 185, Array)
#1 C:\xampp\htdocs\app\Controllers\Web.php(185): opendir('http://localhos...')
#2 C:\xampp\htdocs\system\CodeIgniter.php(918): App\Controllers\Web->saveprofile()
#3 C:\xampp\htdocs\system\CodeIgniter.php(404): CodeIgniter\CodeIgniter->runController(Object(App\Controllers\Web))
#4 C:\xampp\htdocs\system\CodeIgniter.php(312): CodeIgniter\CodeIgniter->handleRequest(NULL, Object(Config\Cache), false)
#5 C:\xampp\htdocs\index.php(45): CodeIgniter\CodeIgniter->run()
#6 {main}
CRITICAL - 2021-07-16 23:59:04 --> opendir(http://localhost:73/public/img/artists/11): failed to open dir: not implemented
#0 [internal function]: CodeIgniter\Debug\Exceptions->errorHandler(2, 'opendir(http://...', 'C:\\xampp\\htdocs...', 185, Array)
#1 C:\xampp\htdocs\app\Controllers\Web.php(185): opendir('http://localhos...')
#2 C:\xampp\htdocs\system\CodeIgniter.php(918): App\Controllers\Web->saveprofile()
#3 C:\xampp\htdocs\system\CodeIgniter.php(404): CodeIgniter\CodeIgniter->runController(Object(App\Controllers\Web))
#4 C:\xampp\htdocs\system\CodeIgniter.php(312): CodeIgniter\CodeIgniter->handleRequest(NULL, Object(Config\Cache), false)
#5 C:\xampp\htdocs\index.php(45): CodeIgniter\CodeIgniter->run()
#6 {main}
CRITICAL - 2021-07-16 23:59:38 --> opendir(http://localhost:73/public/img/artists/11): failed to open dir: not implemented
#0 [internal function]: CodeIgniter\Debug\Exceptions->errorHandler(2, 'opendir(http://...', 'C:\\xampp\\htdocs...', 185, Array)
#1 C:\xampp\htdocs\app\Controllers\Web.php(185): opendir('http://localhos...')
#2 C:\xampp\htdocs\system\CodeIgniter.php(918): App\Controllers\Web->saveprofile()
#3 C:\xampp\htdocs\system\CodeIgniter.php(404): CodeIgniter\CodeIgniter->runController(Object(App\Controllers\Web))
#4 C:\xampp\htdocs\system\CodeIgniter.php(312): CodeIgniter\CodeIgniter->handleRequest(NULL, Object(Config\Cache), false)
#5 C:\xampp\htdocs\index.php(45): CodeIgniter\CodeIgniter->run()
#6 {main}
