CRITICAL - 2021-07-17 00:03:54 --> opendir(http://localhost:73/public/img/artists/11): failed to open dir: not implemented
#0 [internal function]: CodeIgniter\Debug\Exceptions->errorHandler(2, 'opendir(http://...', 'C:\\xampp\\htdocs...', 185, Array)
#1 C:\xampp\htdocs\app\Controllers\Web.php(185): opendir('http://localhos...')
#2 C:\xampp\htdocs\system\CodeIgniter.php(918): App\Controllers\Web->saveprofile()
#3 C:\xampp\htdocs\system\CodeIgniter.php(404): CodeIgniter\CodeIgniter->runController(Object(App\Controllers\Web))
#4 C:\xampp\htdocs\system\CodeIgniter.php(312): CodeIgniter\CodeIgniter->handleRequest(NULL, Object(Config\Cache), false)
#5 C:\xampp\htdocs\index.php(45): CodeIgniter\CodeIgniter->run()
#6 {main}
CRITICAL - 2021-07-17 00:06:02 --> opendir(http://localhost:73/public/img/artists/11): failed to open dir: not implemented
#0 [internal function]: CodeIgniter\Debug\Exceptions->errorHandler(2, 'opendir(http://...', 'C:\\xampp\\htdocs...', 185, Array)
#1 C:\xampp\htdocs\app\Controllers\Web.php(185): opendir('http://localhos...')
#2 C:\xampp\htdocs\system\CodeIgniter.php(918): App\Controllers\Web->saveprofile()
#3 C:\xampp\htdocs\system\CodeIgniter.php(404): CodeIgniter\CodeIgniter->runController(Object(App\Controllers\Web))
#4 C:\xampp\htdocs\system\CodeIgniter.php(312): CodeIgniter\CodeIgniter->handleRequest(NULL, Object(Config\Cache), false)
#5 C:\xampp\htdocs\index.php(45): CodeIgniter\CodeIgniter->run()
#6 {main}
CRITICAL - 2021-07-17 00:07:05 --> opendir(http://localhost:73/public/img/artists/11/): failed to open dir: not implemented
#0 [internal function]: CodeIgniter\Debug\Exceptions->errorHandler(2, 'opendir(http://...', 'C:\\xampp\\htdocs...', 185, Array)
#1 C:\xampp\htdocs\app\Controllers\Web.php(185): opendir('http://localhos...')
#2 C:\xampp\htdocs\system\CodeIgniter.php(918): App\Controllers\Web->saveprofile()
#3 C:\xampp\htdocs\system\CodeIgniter.php(404): CodeIgniter\CodeIgniter->runController(Object(App\Controllers\Web))
#4 C:\xampp\htdocs\system\CodeIgniter.php(312): CodeIgniter\CodeIgniter->handleRequest(NULL, Object(Config\Cache), false)
#5 C:\xampp\htdocs\index.php(45): CodeIgniter\CodeIgniter->run()
#6 {main}
CRITICAL - 2021-07-17 22:17:50 --> opendir(http://localhost:73/public/img/artists/11/): failed to open dir: not implemented
#0 [internal function]: CodeIgniter\Debug\Exceptions->errorHandler(2, 'opendir(http://...', 'C:\\xampp\\htdocs...', 185, Array)
#1 C:\xampp\htdocs\app\Controllers\Web.php(185): opendir('http://localhos...')
#2 C:\xampp\htdocs\system\CodeIgniter.php(918): App\Controllers\Web->saveprofile()
#3 C:\xampp\htdocs\system\CodeIgniter.php(404): CodeIgniter\CodeIgniter->runController(Object(App\Controllers\Web))
#4 C:\xampp\htdocs\system\CodeIgniter.php(312): CodeIgniter\CodeIgniter->handleRequest(NULL, Object(Config\Cache), false)
#5 C:\xampp\htdocs\index.php(45): CodeIgniter\CodeIgniter->run()
#6 {main}
CRITICAL - 2021-07-17 22:21:40 --> scandir(http://localhost:73/public/img/artists/11/): failed to open dir: not implemented
#0 [internal function]: CodeIgniter\Debug\Exceptions->errorHandler(2, 'scandir(http://...', 'C:\\xampp\\htdocs...', 185, Array)
#1 C:\xampp\htdocs\app\Controllers\Web.php(185): scandir('http://localhos...')
#2 C:\xampp\htdocs\system\CodeIgniter.php(918): App\Controllers\Web->saveprofile()
#3 C:\xampp\htdocs\system\CodeIgniter.php(404): CodeIgniter\CodeIgniter->runController(Object(App\Controllers\Web))
#4 C:\xampp\htdocs\system\CodeIgniter.php(312): CodeIgniter\CodeIgniter->handleRequest(NULL, Object(Config\Cache), false)
#5 C:\xampp\htdocs\index.php(45): CodeIgniter\CodeIgniter->run()
#6 {main}
CRITICAL - 2021-07-17 22:22:44 --> scandir(http://localhost:73/public/img/artists/11): failed to open dir: not implemented
#0 [internal function]: CodeIgniter\Debug\Exceptions->errorHandler(2, 'scandir(http://...', 'C:\\xampp\\htdocs...', 185, Array)
#1 C:\xampp\htdocs\app\Controllers\Web.php(185): scandir('http://localhos...')
#2 C:\xampp\htdocs\system\CodeIgniter.php(918): App\Controllers\Web->saveprofile()
#3 C:\xampp\htdocs\system\CodeIgniter.php(404): CodeIgniter\CodeIgniter->runController(Object(App\Controllers\Web))
#4 C:\xampp\htdocs\system\CodeIgniter.php(312): CodeIgniter\CodeIgniter->handleRequest(NULL, Object(Config\Cache), false)
#5 C:\xampp\htdocs\index.php(45): CodeIgniter\CodeIgniter->run()
#6 {main}
CRITICAL - 2021-07-17 22:23:25 --> opendir(http://localhost:73/public/img/artists/11): failed to open dir: not implemented
#0 [internal function]: CodeIgniter\Debug\Exceptions->errorHandler(2, 'opendir(http://...', 'C:\\xampp\\htdocs...', 185, Array)
#1 C:\xampp\htdocs\app\Controllers\Web.php(185): opendir('http://localhos...')
#2 C:\xampp\htdocs\system\CodeIgniter.php(918): App\Controllers\Web->saveprofile()
#3 C:\xampp\htdocs\system\CodeIgniter.php(404): CodeIgniter\CodeIgniter->runController(Object(App\Controllers\Web))
#4 C:\xampp\htdocs\system\CodeIgniter.php(312): CodeIgniter\CodeIgniter->handleRequest(NULL, Object(Config\Cache), false)
#5 C:\xampp\htdocs\index.php(45): CodeIgniter\CodeIgniter->run()
#6 {main}
CRITICAL - 2021-07-17 22:25:40 --> opendir(/public,/public): El sistema no puede encontrar el archivo especificado. (code: 2)
#0 [internal function]: CodeIgniter\Debug\Exceptions->errorHandler(2, 'opendir(/public...', 'C:\\xampp\\htdocs...', 185, Array)
#1 C:\xampp\htdocs\app\Controllers\Web.php(185): opendir('/public')
#2 C:\xampp\htdocs\system\CodeIgniter.php(918): App\Controllers\Web->saveprofile()
#3 C:\xampp\htdocs\system\CodeIgniter.php(404): CodeIgniter\CodeIgniter->runController(Object(App\Controllers\Web))
#4 C:\xampp\htdocs\system\CodeIgniter.php(312): CodeIgniter\CodeIgniter->handleRequest(NULL, Object(Config\Cache), false)
#5 C:\xampp\htdocs\index.php(45): CodeIgniter\CodeIgniter->run()
#6 {main}
CRITICAL - 2021-07-17 22:28:55 --> opendir(http://localhost:73/): failed to open dir: not implemented
#0 [internal function]: CodeIgniter\Debug\Exceptions->errorHandler(2, 'opendir(http://...', 'C:\\xampp\\htdocs...', 185, Array)
#1 C:\xampp\htdocs\app\Controllers\Web.php(185): opendir('http://localhos...')
#2 C:\xampp\htdocs\system\CodeIgniter.php(918): App\Controllers\Web->saveprofile()
#3 C:\xampp\htdocs\system\CodeIgniter.php(404): CodeIgniter\CodeIgniter->runController(Object(App\Controllers\Web))
#4 C:\xampp\htdocs\system\CodeIgniter.php(312): CodeIgniter\CodeIgniter->handleRequest(NULL, Object(Config\Cache), false)
#5 C:\xampp\htdocs\index.php(45): CodeIgniter\CodeIgniter->run()
#6 {main}
CRITICAL - 2021-07-17 22:32:37 --> scandir(/public,/public): El sistema no puede encontrar el archivo especificado. (code: 2)
#0 [internal function]: CodeIgniter\Debug\Exceptions->errorHandler(2, 'scandir(/public...', 'C:\\xampp\\htdocs...', 185, Array)
#1 C:\xampp\htdocs\app\Controllers\Web.php(185): scandir('/public')
#2 C:\xampp\htdocs\system\CodeIgniter.php(918): App\Controllers\Web->saveprofile()
#3 C:\xampp\htdocs\system\CodeIgniter.php(404): CodeIgniter\CodeIgniter->runController(Object(App\Controllers\Web))
#4 C:\xampp\htdocs\system\CodeIgniter.php(312): CodeIgniter\CodeIgniter->handleRequest(NULL, Object(Config\Cache), false)
#5 C:\xampp\htdocs\index.php(45): CodeIgniter\CodeIgniter->run()
#6 {main}
CRITICAL - 2021-07-17 23:08:02 --> move_uploaded_file(http://localhost:73/public/img/artists/11/perfil.jpeg): failed to open stream: HTTP wrapper does not support writeable connections
#0 [internal function]: CodeIgniter\Debug\Exceptions->errorHandler(2, 'move_uploaded_f...', 'C:\\xampp\\htdocs...', 185, Array)
#1 C:\xampp\htdocs\app\Controllers\Web.php(185): move_uploaded_file('C:\\xampp\\tmp\\ph...', 'http://localhos...')
#2 C:\xampp\htdocs\system\CodeIgniter.php(918): App\Controllers\Web->saveprofile()
#3 C:\xampp\htdocs\system\CodeIgniter.php(404): CodeIgniter\CodeIgniter->runController(Object(App\Controllers\Web))
#4 C:\xampp\htdocs\system\CodeIgniter.php(312): CodeIgniter\CodeIgniter->handleRequest(NULL, Object(Config\Cache), false)
#5 C:\xampp\htdocs\index.php(45): CodeIgniter\CodeIgniter->run()
#6 {main}
CRITICAL - 2021-07-17 23:08:28 --> move_uploaded_file(http://localhost:73/public/img/artists/11/perfil.jpg): failed to open stream: HTTP wrapper does not support writeable connections
#0 [internal function]: CodeIgniter\Debug\Exceptions->errorHandler(2, 'move_uploaded_f...', 'C:\\xampp\\htdocs...', 185, Array)
#1 C:\xampp\htdocs\app\Controllers\Web.php(185): move_uploaded_file('C:\\xampp\\tmp\\ph...', 'http://localhos...')
#2 C:\xampp\htdocs\system\CodeIgniter.php(918): App\Controllers\Web->saveprofile()
#3 C:\xampp\htdocs\system\CodeIgniter.php(404): CodeIgniter\CodeIgniter->runController(Object(App\Controllers\Web))
#4 C:\xampp\htdocs\system\CodeIgniter.php(312): CodeIgniter\CodeIgniter->handleRequest(NULL, Object(Config\Cache), false)
#5 C:\xampp\htdocs\index.php(45): CodeIgniter\CodeIgniter->run()
#6 {main}
CRITICAL - 2021-07-17 23:08:57 --> move_uploaded_file(http://localhost:73/public/img/artists/11/images.jpg): failed to open stream: HTTP wrapper does not support writeable connections
#0 [internal function]: CodeIgniter\Debug\Exceptions->errorHandler(2, 'move_uploaded_f...', 'C:\\xampp\\htdocs...', 185, Array)
#1 C:\xampp\htdocs\app\Controllers\Web.php(185): move_uploaded_file('C:\\xampp\\tmp\\ph...', 'http://localhos...')
#2 C:\xampp\htdocs\system\CodeIgniter.php(918): App\Controllers\Web->saveprofile()
#3 C:\xampp\htdocs\system\CodeIgniter.php(404): CodeIgniter\CodeIgniter->runController(Object(App\Controllers\Web))
#4 C:\xampp\htdocs\system\CodeIgniter.php(312): CodeIgniter\CodeIgniter->handleRequest(NULL, Object(Config\Cache), false)
#5 C:\xampp\htdocs\index.php(45): CodeIgniter\CodeIgniter->run()
#6 {main}
CRITICAL - 2021-07-17 23:11:03 --> mkdir(): No such file or directory
#0 [internal function]: CodeIgniter\Debug\Exceptions->errorHandler(2, 'mkdir(): No suc...', 'C:\\xampp\\htdocs...', 183, Array)
#1 C:\xampp\htdocs\app\Controllers\Web.php(183): mkdir('/public/img/art...', 511)
#2 C:\xampp\htdocs\system\CodeIgniter.php(918): App\Controllers\Web->saveprofile()
#3 C:\xampp\htdocs\system\CodeIgniter.php(404): CodeIgniter\CodeIgniter->runController(Object(App\Controllers\Web))
#4 C:\xampp\htdocs\system\CodeIgniter.php(312): CodeIgniter\CodeIgniter->handleRequest(NULL, Object(Config\Cache), false)
#5 C:\xampp\htdocs\index.php(45): CodeIgniter\CodeIgniter->run()
#6 {main}
CRITICAL - 2021-07-17 23:11:26 --> mkdir(): No such file or directory
#0 [internal function]: CodeIgniter\Debug\Exceptions->errorHandler(2, 'mkdir(): No suc...', 'C:\\xampp\\htdocs...', 183, Array)
#1 C:\xampp\htdocs\app\Controllers\Web.php(183): mkdir('/public/img/art...', 511)
#2 C:\xampp\htdocs\system\CodeIgniter.php(918): App\Controllers\Web->saveprofile()
#3 C:\xampp\htdocs\system\CodeIgniter.php(404): CodeIgniter\CodeIgniter->runController(Object(App\Controllers\Web))
#4 C:\xampp\htdocs\system\CodeIgniter.php(312): CodeIgniter\CodeIgniter->handleRequest(NULL, Object(Config\Cache), false)
#5 C:\xampp\htdocs\index.php(45): CodeIgniter\CodeIgniter->run()
#6 {main}
CRITICAL - 2021-07-17 23:17:11 --> move_uploaded_file(http://localhost:73/public/img/artists/11/images.jpg): failed to open stream: HTTP wrapper does not support writeable connections
#0 [internal function]: CodeIgniter\Debug\Exceptions->errorHandler(2, 'move_uploaded_f...', 'C:\\xampp\\htdocs...', 185, Array)
#1 C:\xampp\htdocs\app\Controllers\Web.php(185): move_uploaded_file('C:\\xampp\\tmp\\ph...', 'http://localhos...')
#2 C:\xampp\htdocs\system\CodeIgniter.php(918): App\Controllers\Web->saveprofile()
#3 C:\xampp\htdocs\system\CodeIgniter.php(404): CodeIgniter\CodeIgniter->runController(Object(App\Controllers\Web))
#4 C:\xampp\htdocs\system\CodeIgniter.php(312): CodeIgniter\CodeIgniter->handleRequest(NULL, Object(Config\Cache), false)
#5 C:\xampp\htdocs\index.php(45): CodeIgniter\CodeIgniter->run()
#6 {main}
CRITICAL - 2021-07-17 23:17:36 --> move_uploaded_file(http://localhost:73/public/img/artists/11/images.jpg): failed to open stream: HTTP wrapper does not support writeable connections
#0 [internal function]: CodeIgniter\Debug\Exceptions->errorHandler(2, 'move_uploaded_f...', 'C:\\xampp\\htdocs...', 185, Array)
#1 C:\xampp\htdocs\app\Controllers\Web.php(185): move_uploaded_file('C:\\xampp\\tmp\\ph...', 'http://localhos...')
#2 C:\xampp\htdocs\system\CodeIgniter.php(918): App\Controllers\Web->saveprofile()
#3 C:\xampp\htdocs\system\CodeIgniter.php(404): CodeIgniter\CodeIgniter->runController(Object(App\Controllers\Web))
#4 C:\xampp\htdocs\system\CodeIgniter.php(312): CodeIgniter\CodeIgniter->handleRequest(NULL, Object(Config\Cache), false)
#5 C:\xampp\htdocs\index.php(45): CodeIgniter\CodeIgniter->run()
#6 {main}
CRITICAL - 2021-07-17 23:19:40 --> move_uploaded_file(): The second argument to copy() function cannot be a directory
#0 [internal function]: CodeIgniter\Debug\Exceptions->errorHandler(2, 'move_uploaded_f...', 'C:\\xampp\\htdocs...', 186, Array)
#1 C:\xampp\htdocs\app\Controllers\Web.php(186): move_uploaded_file('C:\\xampp\\tmp\\ph...', '/')
#2 C:\xampp\htdocs\system\CodeIgniter.php(918): App\Controllers\Web->saveprofile()
#3 C:\xampp\htdocs\system\CodeIgniter.php(404): CodeIgniter\CodeIgniter->runController(Object(App\Controllers\Web))
#4 C:\xampp\htdocs\system\CodeIgniter.php(312): CodeIgniter\CodeIgniter->handleRequest(NULL, Object(Config\Cache), false)
#5 C:\xampp\htdocs\index.php(45): CodeIgniter\CodeIgniter->run()
#6 {main}
CRITICAL - 2021-07-17 23:24:39 --> move_uploaded_file(): The second argument to copy() function cannot be a directory
#0 [internal function]: CodeIgniter\Debug\Exceptions->errorHandler(2, 'move_uploaded_f...', 'C:\\xampp\\htdocs...', 186, Array)
#1 C:\xampp\htdocs\app\Controllers\Web.php(186): move_uploaded_file('C:\\xampp\\tmp\\ph...', 'C:\\xampp\\htdocs...')
#2 C:\xampp\htdocs\system\CodeIgniter.php(918): App\Controllers\Web->saveprofile()
#3 C:\xampp\htdocs\system\CodeIgniter.php(404): CodeIgniter\CodeIgniter->runController(Object(App\Controllers\Web))
#4 C:\xampp\htdocs\system\CodeIgniter.php(312): CodeIgniter\CodeIgniter->handleRequest(NULL, Object(Config\Cache), false)
#5 C:\xampp\htdocs\index.php(45): CodeIgniter\CodeIgniter->run()
#6 {main}
CRITICAL - 2021-07-17 23:29:44 --> move_uploaded_file(): The second argument to copy() function cannot be a directory
#0 [internal function]: CodeIgniter\Debug\Exceptions->errorHandler(2, 'move_uploaded_f...', 'C:\\xampp\\htdocs...', 186, Array)
#1 C:\xampp\htdocs\app\Controllers\Web.php(186): move_uploaded_file('C:\\xampp\\tmp\\ph...', 'C:\\xampp\\htdocs...')
#2 C:\xampp\htdocs\system\CodeIgniter.php(918): App\Controllers\Web->saveprofile()
#3 C:\xampp\htdocs\system\CodeIgniter.php(404): CodeIgniter\CodeIgniter->runController(Object(App\Controllers\Web))
#4 C:\xampp\htdocs\system\CodeIgniter.php(312): CodeIgniter\CodeIgniter->handleRequest(NULL, Object(Config\Cache), false)
#5 C:\xampp\htdocs\index.php(45): CodeIgniter\CodeIgniter->run()
#6 {main}
CRITICAL - 2021-07-17 23:34:28 --> move_uploaded_file(): The second argument to copy() function cannot be a directory
#0 [internal function]: CodeIgniter\Debug\Exceptions->errorHandler(2, 'move_uploaded_f...', 'C:\\xampp\\htdocs...', 186, Array)
#1 C:\xampp\htdocs\app\Controllers\Web.php(186): move_uploaded_file('C:\\xampp\\tmp\\ph...', 'C:\\xampp\\htdocs...')
#2 C:\xampp\htdocs\system\CodeIgniter.php(918): App\Controllers\Web->saveprofile()
#3 C:\xampp\htdocs\system\CodeIgniter.php(404): CodeIgniter\CodeIgniter->runController(Object(App\Controllers\Web))
#4 C:\xampp\htdocs\system\CodeIgniter.php(312): CodeIgniter\CodeIgniter->handleRequest(NULL, Object(Config\Cache), false)
#5 C:\xampp\htdocs\index.php(45): CodeIgniter\CodeIgniter->run()
#6 {main}
CRITICAL - 2021-07-17 23:35:37 --> move_uploaded_file(http://localhost:73/public/img/artists/11/images.jpg): failed to open stream: HTTP wrapper does not support writeable connections
#0 [internal function]: CodeIgniter\Debug\Exceptions->errorHandler(2, 'move_uploaded_f...', 'C:\\xampp\\htdocs...', 186, Array)
#1 C:\xampp\htdocs\app\Controllers\Web.php(186): move_uploaded_file('C:\\xampp\\tmp\\ph...', 'http://localhos...')
#2 C:\xampp\htdocs\system\CodeIgniter.php(918): App\Controllers\Web->saveprofile()
#3 C:\xampp\htdocs\system\CodeIgniter.php(404): CodeIgniter\CodeIgniter->runController(Object(App\Controllers\Web))
#4 C:\xampp\htdocs\system\CodeIgniter.php(312): CodeIgniter\CodeIgniter->handleRequest(NULL, Object(Config\Cache), false)
#5 C:\xampp\htdocs\index.php(45): CodeIgniter\CodeIgniter->run()
#6 {main}
CRITICAL - 2021-07-17 23:39:17 --> mkdir(): No such file or directory
#0 [internal function]: CodeIgniter\Debug\Exceptions->errorHandler(2, 'mkdir(): No suc...', 'C:\\xampp\\htdocs...', 183, Array)
#1 C:\xampp\htdocs\app\Controllers\Web.php(183): mkdir('/public/img/art...', 511)
#2 C:\xampp\htdocs\system\CodeIgniter.php(918): App\Controllers\Web->saveprofile()
#3 C:\xampp\htdocs\system\CodeIgniter.php(404): CodeIgniter\CodeIgniter->runController(Object(App\Controllers\Web))
#4 C:\xampp\htdocs\system\CodeIgniter.php(312): CodeIgniter\CodeIgniter->handleRequest(NULL, Object(Config\Cache), false)
#5 C:\xampp\htdocs\index.php(45): CodeIgniter\CodeIgniter->run()
#6 {main}
