CRITICAL - 2021-08-09 23:25:30 --> Undefined index: user
#0 C:\xampp\htdocs\app\Views\pages\main.php(31): CodeIgniter\Debug\Exceptions->errorHandler(8, 'Undefined index...', 'C:\\xampp\\htdocs...', 31, Array)
#1 C:\xampp\htdocs\system\View\View.php(246): include('C:\\xampp\\htdocs...')
#2 C:\xampp\htdocs\system\Common.php(1119): CodeIgniter\View\View->render('pages/main', Array, true)
#3 C:\xampp\htdocs\app\Controllers\Web.php(161): view('pages/main')
#4 C:\xampp\htdocs\system\CodeIgniter.php(918): App\Controllers\Web->main()
#5 C:\xampp\htdocs\system\CodeIgniter.php(404): CodeIgniter\CodeIgniter->runController(Object(App\Controllers\Web))
#6 C:\xampp\htdocs\system\CodeIgniter.php(312): CodeIgniter\CodeIgniter->handleRequest(NULL, Object(Config\Cache), false)
#7 C:\xampp\htdocs\index.php(45): CodeIgniter\CodeIgniter->run()
#8 {main}
CRITICAL - 2021-08-09 23:25:30 --> Undefined index: user
#0 C:\xampp\htdocs\app\Views\pages\main.php(31): CodeIgniter\Debug\Exceptions->errorHandler(8, 'Undefined index...', 'C:\\xampp\\htdocs...', 31, Array)
#1 C:\xampp\htdocs\system\View\View.php(246): include('C:\\xampp\\htdocs...')
#2 C:\xampp\htdocs\system\Common.php(1119): CodeIgniter\View\View->render('pages/main', Array, true)
#3 C:\xampp\htdocs\app\Controllers\Web.php(161): view('pages/main')
#4 C:\xampp\htdocs\system\CodeIgniter.php(918): App\Controllers\Web->main()
#5 C:\xampp\htdocs\system\CodeIgniter.php(404): CodeIgniter\CodeIgniter->runController(Object(App\Controllers\Web))
#6 C:\xampp\htdocs\system\CodeIgniter.php(312): CodeIgniter\CodeIgniter->handleRequest(NULL, Object(Config\Cache), false)
#7 C:\xampp\htdocs\index.php(45): CodeIgniter\CodeIgniter->run()
#8 {main}
