CRITICAL - 2021-09-06 18:07:41 --> Unknown column 'tye' in 'field list'
#0 C:\xampp\htdocs\system\Database\MySQLi\Connection.php(331): mysqli->query('SELECT `id_user...')
#1 C:\xampp\htdocs\system\Database\BaseConnection.php(741): CodeIgniter\Database\MySQLi\Connection->execute('SELECT `id_user...')
#2 C:\xampp\htdocs\system\Database\BaseConnection.php(669): CodeIgniter\Database\BaseConnection->simpleQuery('SELECT `id_user...')
#3 C:\xampp\htdocs\system\Database\BaseBuilder.php(1860): CodeIgniter\Database\BaseConnection->query('SELECT `id_user...', Array, false)
#4 C:\xampp\htdocs\system\Model.php(462): CodeIgniter\Database\BaseBuilder->get()
#5 C:\xampp\htdocs\app\Controllers\Web.php(237): CodeIgniter\Model->findAll()
#6 C:\xampp\htdocs\system\CodeIgniter.php(918): App\Controllers\Web->mysets()
#7 C:\xampp\htdocs\system\CodeIgniter.php(404): CodeIgniter\CodeIgniter->runController(Object(App\Controllers\Web))
#8 C:\xampp\htdocs\system\CodeIgniter.php(312): CodeIgniter\CodeIgniter->handleRequest(NULL, Object(Config\Cache), false)
#9 C:\xampp\htdocs\index.php(45): CodeIgniter\CodeIgniter->run()
#10 {main}
CRITICAL - 2021-09-06 18:07:55 --> Unknown column 'tye' in 'field list'
#0 C:\xampp\htdocs\system\Database\MySQLi\Connection.php(331): mysqli->query('SELECT `id_user...')
#1 C:\xampp\htdocs\system\Database\BaseConnection.php(741): CodeIgniter\Database\MySQLi\Connection->execute('SELECT `id_user...')
#2 C:\xampp\htdocs\system\Database\BaseConnection.php(669): CodeIgniter\Database\BaseConnection->simpleQuery('SELECT `id_user...')
#3 C:\xampp\htdocs\system\Database\BaseBuilder.php(1860): CodeIgniter\Database\BaseConnection->query('SELECT `id_user...', Array, false)
#4 C:\xampp\htdocs\system\Model.php(462): CodeIgniter\Database\BaseBuilder->get()
#5 C:\xampp\htdocs\app\Controllers\Web.php(237): CodeIgniter\Model->findAll()
#6 C:\xampp\htdocs\system\CodeIgniter.php(918): App\Controllers\Web->mysets()
#7 C:\xampp\htdocs\system\CodeIgniter.php(404): CodeIgniter\CodeIgniter->runController(Object(App\Controllers\Web))
#8 C:\xampp\htdocs\system\CodeIgniter.php(312): CodeIgniter\CodeIgniter->handleRequest(NULL, Object(Config\Cache), false)
#9 C:\xampp\htdocs\index.php(45): CodeIgniter\CodeIgniter->run()
#10 {main}
CRITICAL - 2021-09-06 18:08:04 --> Unknown column 'tye' in 'field list'
#0 C:\xampp\htdocs\system\Database\MySQLi\Connection.php(331): mysqli->query('SELECT `id_user...')
#1 C:\xampp\htdocs\system\Database\BaseConnection.php(741): CodeIgniter\Database\MySQLi\Connection->execute('SELECT `id_user...')
#2 C:\xampp\htdocs\system\Database\BaseConnection.php(669): CodeIgniter\Database\BaseConnection->simpleQuery('SELECT `id_user...')
#3 C:\xampp\htdocs\system\Database\BaseBuilder.php(1860): CodeIgniter\Database\BaseConnection->query('SELECT `id_user...', Array, false)
#4 C:\xampp\htdocs\system\Model.php(462): CodeIgniter\Database\BaseBuilder->get()
#5 C:\xampp\htdocs\app\Controllers\Web.php(237): CodeIgniter\Model->findAll()
#6 C:\xampp\htdocs\system\CodeIgniter.php(918): App\Controllers\Web->mysets()
#7 C:\xampp\htdocs\system\CodeIgniter.php(404): CodeIgniter\CodeIgniter->runController(Object(App\Controllers\Web))
#8 C:\xampp\htdocs\system\CodeIgniter.php(312): CodeIgniter\CodeIgniter->handleRequest(NULL, Object(Config\Cache), false)
#9 C:\xampp\htdocs\index.php(45): CodeIgniter\CodeIgniter->run()
#10 {main}
CRITICAL - 2021-09-06 18:08:20 --> Unknown column 'tye' in 'field list'
#0 C:\xampp\htdocs\system\Database\MySQLi\Connection.php(331): mysqli->query('SELECT `id_user...')
#1 C:\xampp\htdocs\system\Database\BaseConnection.php(741): CodeIgniter\Database\MySQLi\Connection->execute('SELECT `id_user...')
#2 C:\xampp\htdocs\system\Database\BaseConnection.php(669): CodeIgniter\Database\BaseConnection->simpleQuery('SELECT `id_user...')
#3 C:\xampp\htdocs\system\Database\BaseBuilder.php(1860): CodeIgniter\Database\BaseConnection->query('SELECT `id_user...', Array, false)
#4 C:\xampp\htdocs\system\Model.php(462): CodeIgniter\Database\BaseBuilder->get()
#5 C:\xampp\htdocs\app\Controllers\Web.php(237): CodeIgniter\Model->findAll()
#6 C:\xampp\htdocs\system\CodeIgniter.php(918): App\Controllers\Web->mysets()
#7 C:\xampp\htdocs\system\CodeIgniter.php(404): CodeIgniter\CodeIgniter->runController(Object(App\Controllers\Web))
#8 C:\xampp\htdocs\system\CodeIgniter.php(312): CodeIgniter\CodeIgniter->handleRequest(NULL, Object(Config\Cache), false)
#9 C:\xampp\htdocs\index.php(45): CodeIgniter\CodeIgniter->run()
#10 {main}
CRITICAL - 2021-09-06 18:08:26 --> Unknown column 'tye' in 'field list'
#0 C:\xampp\htdocs\system\Database\MySQLi\Connection.php(331): mysqli->query('SELECT `id_user...')
#1 C:\xampp\htdocs\system\Database\BaseConnection.php(741): CodeIgniter\Database\MySQLi\Connection->execute('SELECT `id_user...')
#2 C:\xampp\htdocs\system\Database\BaseConnection.php(669): CodeIgniter\Database\BaseConnection->simpleQuery('SELECT `id_user...')
#3 C:\xampp\htdocs\system\Database\BaseBuilder.php(1860): CodeIgniter\Database\BaseConnection->query('SELECT `id_user...', Array, false)
#4 C:\xampp\htdocs\system\Model.php(462): CodeIgniter\Database\BaseBuilder->get()
#5 C:\xampp\htdocs\app\Controllers\Web.php(237): CodeIgniter\Model->findAll()
#6 C:\xampp\htdocs\system\CodeIgniter.php(918): App\Controllers\Web->mysets()
#7 C:\xampp\htdocs\system\CodeIgniter.php(404): CodeIgniter\CodeIgniter->runController(Object(App\Controllers\Web))
#8 C:\xampp\htdocs\system\CodeIgniter.php(312): CodeIgniter\CodeIgniter->handleRequest(NULL, Object(Config\Cache), false)
#9 C:\xampp\htdocs\index.php(45): CodeIgniter\CodeIgniter->run()
#10 {main}
CRITICAL - 2021-09-06 18:08:34 --> Unknown column 'tye' in 'field list'
#0 C:\xampp\htdocs\system\Database\MySQLi\Connection.php(331): mysqli->query('SELECT `id_user...')
#1 C:\xampp\htdocs\system\Database\BaseConnection.php(741): CodeIgniter\Database\MySQLi\Connection->execute('SELECT `id_user...')
#2 C:\xampp\htdocs\system\Database\BaseConnection.php(669): CodeIgniter\Database\BaseConnection->simpleQuery('SELECT `id_user...')
#3 C:\xampp\htdocs\system\Database\BaseBuilder.php(1860): CodeIgniter\Database\BaseConnection->query('SELECT `id_user...', Array, false)
#4 C:\xampp\htdocs\system\Model.php(462): CodeIgniter\Database\BaseBuilder->get()
#5 C:\xampp\htdocs\app\Controllers\Web.php(237): CodeIgniter\Model->findAll()
#6 C:\xampp\htdocs\system\CodeIgniter.php(918): App\Controllers\Web->mysets()
#7 C:\xampp\htdocs\system\CodeIgniter.php(404): CodeIgniter\CodeIgniter->runController(Object(App\Controllers\Web))
#8 C:\xampp\htdocs\system\CodeIgniter.php(312): CodeIgniter\CodeIgniter->handleRequest(NULL, Object(Config\Cache), false)
#9 C:\xampp\htdocs\index.php(45): CodeIgniter\CodeIgniter->run()
#10 {main}
CRITICAL - 2021-09-06 18:08:44 --> Unknown column 'tye' in 'field list'
#0 C:\xampp\htdocs\system\Database\MySQLi\Connection.php(331): mysqli->query('SELECT `id_user...')
#1 C:\xampp\htdocs\system\Database\BaseConnection.php(741): CodeIgniter\Database\MySQLi\Connection->execute('SELECT `id_user...')
#2 C:\xampp\htdocs\system\Database\BaseConnection.php(669): CodeIgniter\Database\BaseConnection->simpleQuery('SELECT `id_user...')
#3 C:\xampp\htdocs\system\Database\BaseBuilder.php(1860): CodeIgniter\Database\BaseConnection->query('SELECT `id_user...', Array, false)
#4 C:\xampp\htdocs\system\Model.php(462): CodeIgniter\Database\BaseBuilder->get()
#5 C:\xampp\htdocs\app\Controllers\Web.php(237): CodeIgniter\Model->findAll()
#6 C:\xampp\htdocs\system\CodeIgniter.php(918): App\Controllers\Web->mysets()
#7 C:\xampp\htdocs\system\CodeIgniter.php(404): CodeIgniter\CodeIgniter->runController(Object(App\Controllers\Web))
#8 C:\xampp\htdocs\system\CodeIgniter.php(312): CodeIgniter\CodeIgniter->handleRequest(NULL, Object(Config\Cache), false)
#9 C:\xampp\htdocs\index.php(45): CodeIgniter\CodeIgniter->run()
#10 {main}
CRITICAL - 2021-09-06 18:08:45 --> Unknown column 'tye' in 'field list'
#0 C:\xampp\htdocs\system\Database\MySQLi\Connection.php(331): mysqli->query('SELECT `id_user...')
#1 C:\xampp\htdocs\system\Database\BaseConnection.php(741): CodeIgniter\Database\MySQLi\Connection->execute('SELECT `id_user...')
#2 C:\xampp\htdocs\system\Database\BaseConnection.php(669): CodeIgniter\Database\BaseConnection->simpleQuery('SELECT `id_user...')
#3 C:\xampp\htdocs\system\Database\BaseBuilder.php(1860): CodeIgniter\Database\BaseConnection->query('SELECT `id_user...', Array, false)
#4 C:\xampp\htdocs\system\Model.php(462): CodeIgniter\Database\BaseBuilder->get()
#5 C:\xampp\htdocs\app\Controllers\Web.php(237): CodeIgniter\Model->findAll()
#6 C:\xampp\htdocs\system\CodeIgniter.php(918): App\Controllers\Web->mysets()
#7 C:\xampp\htdocs\system\CodeIgniter.php(404): CodeIgniter\CodeIgniter->runController(Object(App\Controllers\Web))
#8 C:\xampp\htdocs\system\CodeIgniter.php(312): CodeIgniter\CodeIgniter->handleRequest(NULL, Object(Config\Cache), false)
#9 C:\xampp\htdocs\index.php(45): CodeIgniter\CodeIgniter->run()
#10 {main}
CRITICAL - 2021-09-06 18:08:45 --> Unknown column 'tye' in 'field list'
#0 C:\xampp\htdocs\system\Database\MySQLi\Connection.php(331): mysqli->query('SELECT `id_user...')
#1 C:\xampp\htdocs\system\Database\BaseConnection.php(741): CodeIgniter\Database\MySQLi\Connection->execute('SELECT `id_user...')
#2 C:\xampp\htdocs\system\Database\BaseConnection.php(669): CodeIgniter\Database\BaseConnection->simpleQuery('SELECT `id_user...')
#3 C:\xampp\htdocs\system\Database\BaseBuilder.php(1860): CodeIgniter\Database\BaseConnection->query('SELECT `id_user...', Array, false)
#4 C:\xampp\htdocs\system\Model.php(462): CodeIgniter\Database\BaseBuilder->get()
#5 C:\xampp\htdocs\app\Controllers\Web.php(237): CodeIgniter\Model->findAll()
#6 C:\xampp\htdocs\system\CodeIgniter.php(918): App\Controllers\Web->mysets()
#7 C:\xampp\htdocs\system\CodeIgniter.php(404): CodeIgniter\CodeIgniter->runController(Object(App\Controllers\Web))
#8 C:\xampp\htdocs\system\CodeIgniter.php(312): CodeIgniter\CodeIgniter->handleRequest(NULL, Object(Config\Cache), false)
#9 C:\xampp\htdocs\index.php(45): CodeIgniter\CodeIgniter->run()
#10 {main}
CRITICAL - 2021-09-06 18:08:46 --> Unknown column 'tye' in 'field list'
#0 C:\xampp\htdocs\system\Database\MySQLi\Connection.php(331): mysqli->query('SELECT `id_user...')
#1 C:\xampp\htdocs\system\Database\BaseConnection.php(741): CodeIgniter\Database\MySQLi\Connection->execute('SELECT `id_user...')
#2 C:\xampp\htdocs\system\Database\BaseConnection.php(669): CodeIgniter\Database\BaseConnection->simpleQuery('SELECT `id_user...')
#3 C:\xampp\htdocs\system\Database\BaseBuilder.php(1860): CodeIgniter\Database\BaseConnection->query('SELECT `id_user...', Array, false)
#4 C:\xampp\htdocs\system\Model.php(462): CodeIgniter\Database\BaseBuilder->get()
#5 C:\xampp\htdocs\app\Controllers\Web.php(237): CodeIgniter\Model->findAll()
#6 C:\xampp\htdocs\system\CodeIgniter.php(918): App\Controllers\Web->mysets()
#7 C:\xampp\htdocs\system\CodeIgniter.php(404): CodeIgniter\CodeIgniter->runController(Object(App\Controllers\Web))
#8 C:\xampp\htdocs\system\CodeIgniter.php(312): CodeIgniter\CodeIgniter->handleRequest(NULL, Object(Config\Cache), false)
#9 C:\xampp\htdocs\index.php(45): CodeIgniter\CodeIgniter->run()
#10 {main}
CRITICAL - 2021-09-06 18:08:46 --> Unknown column 'tye' in 'field list'
#0 C:\xampp\htdocs\system\Database\MySQLi\Connection.php(331): mysqli->query('SELECT `id_user...')
#1 C:\xampp\htdocs\system\Database\BaseConnection.php(741): CodeIgniter\Database\MySQLi\Connection->execute('SELECT `id_user...')
#2 C:\xampp\htdocs\system\Database\BaseConnection.php(669): CodeIgniter\Database\BaseConnection->simpleQuery('SELECT `id_user...')
#3 C:\xampp\htdocs\system\Database\BaseBuilder.php(1860): CodeIgniter\Database\BaseConnection->query('SELECT `id_user...', Array, false)
#4 C:\xampp\htdocs\system\Model.php(462): CodeIgniter\Database\BaseBuilder->get()
#5 C:\xampp\htdocs\app\Controllers\Web.php(237): CodeIgniter\Model->findAll()
#6 C:\xampp\htdocs\system\CodeIgniter.php(918): App\Controllers\Web->mysets()
#7 C:\xampp\htdocs\system\CodeIgniter.php(404): CodeIgniter\CodeIgniter->runController(Object(App\Controllers\Web))
#8 C:\xampp\htdocs\system\CodeIgniter.php(312): CodeIgniter\CodeIgniter->handleRequest(NULL, Object(Config\Cache), false)
#9 C:\xampp\htdocs\index.php(45): CodeIgniter\CodeIgniter->run()
#10 {main}
CRITICAL - 2021-09-06 18:08:46 --> Unknown column 'tye' in 'field list'
#0 C:\xampp\htdocs\system\Database\MySQLi\Connection.php(331): mysqli->query('SELECT `id_user...')
#1 C:\xampp\htdocs\system\Database\BaseConnection.php(741): CodeIgniter\Database\MySQLi\Connection->execute('SELECT `id_user...')
#2 C:\xampp\htdocs\system\Database\BaseConnection.php(669): CodeIgniter\Database\BaseConnection->simpleQuery('SELECT `id_user...')
#3 C:\xampp\htdocs\system\Database\BaseBuilder.php(1860): CodeIgniter\Database\BaseConnection->query('SELECT `id_user...', Array, false)
#4 C:\xampp\htdocs\system\Model.php(462): CodeIgniter\Database\BaseBuilder->get()
#5 C:\xampp\htdocs\app\Controllers\Web.php(237): CodeIgniter\Model->findAll()
#6 C:\xampp\htdocs\system\CodeIgniter.php(918): App\Controllers\Web->mysets()
#7 C:\xampp\htdocs\system\CodeIgniter.php(404): CodeIgniter\CodeIgniter->runController(Object(App\Controllers\Web))
#8 C:\xampp\htdocs\system\CodeIgniter.php(312): CodeIgniter\CodeIgniter->handleRequest(NULL, Object(Config\Cache), false)
#9 C:\xampp\htdocs\index.php(45): CodeIgniter\CodeIgniter->run()
#10 {main}
CRITICAL - 2021-09-06 18:08:46 --> Unknown column 'tye' in 'field list'
#0 C:\xampp\htdocs\system\Database\MySQLi\Connection.php(331): mysqli->query('SELECT `id_user...')
#1 C:\xampp\htdocs\system\Database\BaseConnection.php(741): CodeIgniter\Database\MySQLi\Connection->execute('SELECT `id_user...')
#2 C:\xampp\htdocs\system\Database\BaseConnection.php(669): CodeIgniter\Database\BaseConnection->simpleQuery('SELECT `id_user...')
#3 C:\xampp\htdocs\system\Database\BaseBuilder.php(1860): CodeIgniter\Database\BaseConnection->query('SELECT `id_user...', Array, false)
#4 C:\xampp\htdocs\system\Model.php(462): CodeIgniter\Database\BaseBuilder->get()
#5 C:\xampp\htdocs\app\Controllers\Web.php(237): CodeIgniter\Model->findAll()
#6 C:\xampp\htdocs\system\CodeIgniter.php(918): App\Controllers\Web->mysets()
#7 C:\xampp\htdocs\system\CodeIgniter.php(404): CodeIgniter\CodeIgniter->runController(Object(App\Controllers\Web))
#8 C:\xampp\htdocs\system\CodeIgniter.php(312): CodeIgniter\CodeIgniter->handleRequest(NULL, Object(Config\Cache), false)
#9 C:\xampp\htdocs\index.php(45): CodeIgniter\CodeIgniter->run()
#10 {main}
CRITICAL - 2021-09-06 18:09:10 --> Unknown column 'tye' in 'field list'
#0 C:\xampp\htdocs\system\Database\MySQLi\Connection.php(331): mysqli->query('SELECT `id_user...')
#1 C:\xampp\htdocs\system\Database\BaseConnection.php(741): CodeIgniter\Database\MySQLi\Connection->execute('SELECT `id_user...')
#2 C:\xampp\htdocs\system\Database\BaseConnection.php(669): CodeIgniter\Database\BaseConnection->simpleQuery('SELECT `id_user...')
#3 C:\xampp\htdocs\system\Database\BaseBuilder.php(1860): CodeIgniter\Database\BaseConnection->query('SELECT `id_user...', Array, false)
#4 C:\xampp\htdocs\system\Model.php(462): CodeIgniter\Database\BaseBuilder->get()
#5 C:\xampp\htdocs\app\Controllers\Web.php(237): CodeIgniter\Model->findAll()
#6 C:\xampp\htdocs\system\CodeIgniter.php(918): App\Controllers\Web->mysets()
#7 C:\xampp\htdocs\system\CodeIgniter.php(404): CodeIgniter\CodeIgniter->runController(Object(App\Controllers\Web))
#8 C:\xampp\htdocs\system\CodeIgniter.php(312): CodeIgniter\CodeIgniter->handleRequest(NULL, Object(Config\Cache), false)
#9 C:\xampp\htdocs\index.php(45): CodeIgniter\CodeIgniter->run()
#10 {main}
CRITICAL - 2021-09-06 18:09:12 --> Unknown column 'tye' in 'field list'
#0 C:\xampp\htdocs\system\Database\MySQLi\Connection.php(331): mysqli->query('SELECT `id_user...')
#1 C:\xampp\htdocs\system\Database\BaseConnection.php(741): CodeIgniter\Database\MySQLi\Connection->execute('SELECT `id_user...')
#2 C:\xampp\htdocs\system\Database\BaseConnection.php(669): CodeIgniter\Database\BaseConnection->simpleQuery('SELECT `id_user...')
#3 C:\xampp\htdocs\system\Database\BaseBuilder.php(1860): CodeIgniter\Database\BaseConnection->query('SELECT `id_user...', Array, false)
#4 C:\xampp\htdocs\system\Model.php(462): CodeIgniter\Database\BaseBuilder->get()
#5 C:\xampp\htdocs\app\Controllers\Web.php(237): CodeIgniter\Model->findAll()
#6 C:\xampp\htdocs\system\CodeIgniter.php(918): App\Controllers\Web->mysets()
#7 C:\xampp\htdocs\system\CodeIgniter.php(404): CodeIgniter\CodeIgniter->runController(Object(App\Controllers\Web))
#8 C:\xampp\htdocs\system\CodeIgniter.php(312): CodeIgniter\CodeIgniter->handleRequest(NULL, Object(Config\Cache), false)
#9 C:\xampp\htdocs\index.php(45): CodeIgniter\CodeIgniter->run()
#10 {main}
CRITICAL - 2021-09-06 18:09:15 --> Unknown column 'tye' in 'field list'
#0 C:\xampp\htdocs\system\Database\MySQLi\Connection.php(331): mysqli->query('SELECT `id_user...')
#1 C:\xampp\htdocs\system\Database\BaseConnection.php(741): CodeIgniter\Database\MySQLi\Connection->execute('SELECT `id_user...')
#2 C:\xampp\htdocs\system\Database\BaseConnection.php(669): CodeIgniter\Database\BaseConnection->simpleQuery('SELECT `id_user...')
#3 C:\xampp\htdocs\system\Database\BaseBuilder.php(1860): CodeIgniter\Database\BaseConnection->query('SELECT `id_user...', Array, false)
#4 C:\xampp\htdocs\system\Model.php(462): CodeIgniter\Database\BaseBuilder->get()
#5 C:\xampp\htdocs\app\Controllers\Web.php(237): CodeIgniter\Model->findAll()
#6 C:\xampp\htdocs\system\CodeIgniter.php(918): App\Controllers\Web->mysets()
#7 C:\xampp\htdocs\system\CodeIgniter.php(404): CodeIgniter\CodeIgniter->runController(Object(App\Controllers\Web))
#8 C:\xampp\htdocs\system\CodeIgniter.php(312): CodeIgniter\CodeIgniter->handleRequest(NULL, Object(Config\Cache), false)
#9 C:\xampp\htdocs\index.php(45): CodeIgniter\CodeIgniter->run()
#10 {main}
CRITICAL - 2021-09-06 18:09:15 --> Unknown column 'tye' in 'field list'
#0 C:\xampp\htdocs\system\Database\MySQLi\Connection.php(331): mysqli->query('SELECT `id_user...')
#1 C:\xampp\htdocs\system\Database\BaseConnection.php(741): CodeIgniter\Database\MySQLi\Connection->execute('SELECT `id_user...')
#2 C:\xampp\htdocs\system\Database\BaseConnection.php(669): CodeIgniter\Database\BaseConnection->simpleQuery('SELECT `id_user...')
#3 C:\xampp\htdocs\system\Database\BaseBuilder.php(1860): CodeIgniter\Database\BaseConnection->query('SELECT `id_user...', Array, false)
#4 C:\xampp\htdocs\system\Model.php(462): CodeIgniter\Database\BaseBuilder->get()
#5 C:\xampp\htdocs\app\Controllers\Web.php(237): CodeIgniter\Model->findAll()
#6 C:\xampp\htdocs\system\CodeIgniter.php(918): App\Controllers\Web->mysets()
#7 C:\xampp\htdocs\system\CodeIgniter.php(404): CodeIgniter\CodeIgniter->runController(Object(App\Controllers\Web))
#8 C:\xampp\htdocs\system\CodeIgniter.php(312): CodeIgniter\CodeIgniter->handleRequest(NULL, Object(Config\Cache), false)
#9 C:\xampp\htdocs\index.php(45): CodeIgniter\CodeIgniter->run()
#10 {main}
CRITICAL - 2021-09-06 18:09:15 --> Unknown column 'tye' in 'field list'
#0 C:\xampp\htdocs\system\Database\MySQLi\Connection.php(331): mysqli->query('SELECT `id_user...')
#1 C:\xampp\htdocs\system\Database\BaseConnection.php(741): CodeIgniter\Database\MySQLi\Connection->execute('SELECT `id_user...')
#2 C:\xampp\htdocs\system\Database\BaseConnection.php(669): CodeIgniter\Database\BaseConnection->simpleQuery('SELECT `id_user...')
#3 C:\xampp\htdocs\system\Database\BaseBuilder.php(1860): CodeIgniter\Database\BaseConnection->query('SELECT `id_user...', Array, false)
#4 C:\xampp\htdocs\system\Model.php(462): CodeIgniter\Database\BaseBuilder->get()
#5 C:\xampp\htdocs\app\Controllers\Web.php(237): CodeIgniter\Model->findAll()
#6 C:\xampp\htdocs\system\CodeIgniter.php(918): App\Controllers\Web->mysets()
#7 C:\xampp\htdocs\system\CodeIgniter.php(404): CodeIgniter\CodeIgniter->runController(Object(App\Controllers\Web))
#8 C:\xampp\htdocs\system\CodeIgniter.php(312): CodeIgniter\CodeIgniter->handleRequest(NULL, Object(Config\Cache), false)
#9 C:\xampp\htdocs\index.php(45): CodeIgniter\CodeIgniter->run()
#10 {main}
CRITICAL - 2021-09-06 18:09:15 --> Unknown column 'tye' in 'field list'
#0 C:\xampp\htdocs\system\Database\MySQLi\Connection.php(331): mysqli->query('SELECT `id_user...')
#1 C:\xampp\htdocs\system\Database\BaseConnection.php(741): CodeIgniter\Database\MySQLi\Connection->execute('SELECT `id_user...')
#2 C:\xampp\htdocs\system\Database\BaseConnection.php(669): CodeIgniter\Database\BaseConnection->simpleQuery('SELECT `id_user...')
#3 C:\xampp\htdocs\system\Database\BaseBuilder.php(1860): CodeIgniter\Database\BaseConnection->query('SELECT `id_user...', Array, false)
#4 C:\xampp\htdocs\system\Model.php(462): CodeIgniter\Database\BaseBuilder->get()
#5 C:\xampp\htdocs\app\Controllers\Web.php(237): CodeIgniter\Model->findAll()
#6 C:\xampp\htdocs\system\CodeIgniter.php(918): App\Controllers\Web->mysets()
#7 C:\xampp\htdocs\system\CodeIgniter.php(404): CodeIgniter\CodeIgniter->runController(Object(App\Controllers\Web))
#8 C:\xampp\htdocs\system\CodeIgniter.php(312): CodeIgniter\CodeIgniter->handleRequest(NULL, Object(Config\Cache), false)
#9 C:\xampp\htdocs\index.php(45): CodeIgniter\CodeIgniter->run()
#10 {main}
CRITICAL - 2021-09-06 18:09:18 --> Unknown column 'tye' in 'field list'
#0 C:\xampp\htdocs\system\Database\MySQLi\Connection.php(331): mysqli->query('SELECT `id_user...')
#1 C:\xampp\htdocs\system\Database\BaseConnection.php(741): CodeIgniter\Database\MySQLi\Connection->execute('SELECT `id_user...')
#2 C:\xampp\htdocs\system\Database\BaseConnection.php(669): CodeIgniter\Database\BaseConnection->simpleQuery('SELECT `id_user...')
#3 C:\xampp\htdocs\system\Database\BaseBuilder.php(1860): CodeIgniter\Database\BaseConnection->query('SELECT `id_user...', Array, false)
#4 C:\xampp\htdocs\system\Model.php(462): CodeIgniter\Database\BaseBuilder->get()
#5 C:\xampp\htdocs\app\Controllers\Web.php(237): CodeIgniter\Model->findAll()
#6 C:\xampp\htdocs\system\CodeIgniter.php(918): App\Controllers\Web->mysets()
#7 C:\xampp\htdocs\system\CodeIgniter.php(404): CodeIgniter\CodeIgniter->runController(Object(App\Controllers\Web))
#8 C:\xampp\htdocs\system\CodeIgniter.php(312): CodeIgniter\CodeIgniter->handleRequest(NULL, Object(Config\Cache), false)
#9 C:\xampp\htdocs\index.php(45): CodeIgniter\CodeIgniter->run()
#10 {main}
CRITICAL - 2021-09-06 18:09:19 --> Unknown column 'tye' in 'field list'
#0 C:\xampp\htdocs\system\Database\MySQLi\Connection.php(331): mysqli->query('SELECT `id_user...')
#1 C:\xampp\htdocs\system\Database\BaseConnection.php(741): CodeIgniter\Database\MySQLi\Connection->execute('SELECT `id_user...')
#2 C:\xampp\htdocs\system\Database\BaseConnection.php(669): CodeIgniter\Database\BaseConnection->simpleQuery('SELECT `id_user...')
#3 C:\xampp\htdocs\system\Database\BaseBuilder.php(1860): CodeIgniter\Database\BaseConnection->query('SELECT `id_user...', Array, false)
#4 C:\xampp\htdocs\system\Model.php(462): CodeIgniter\Database\BaseBuilder->get()
#5 C:\xampp\htdocs\app\Controllers\Web.php(237): CodeIgniter\Model->findAll()
#6 C:\xampp\htdocs\system\CodeIgniter.php(918): App\Controllers\Web->mysets()
#7 C:\xampp\htdocs\system\CodeIgniter.php(404): CodeIgniter\CodeIgniter->runController(Object(App\Controllers\Web))
#8 C:\xampp\htdocs\system\CodeIgniter.php(312): CodeIgniter\CodeIgniter->handleRequest(NULL, Object(Config\Cache), false)
#9 C:\xampp\htdocs\index.php(45): CodeIgniter\CodeIgniter->run()
#10 {main}
CRITICAL - 2021-09-06 18:09:20 --> Unknown column 'tye' in 'field list'
#0 C:\xampp\htdocs\system\Database\MySQLi\Connection.php(331): mysqli->query('SELECT `id_user...')
#1 C:\xampp\htdocs\system\Database\BaseConnection.php(741): CodeIgniter\Database\MySQLi\Connection->execute('SELECT `id_user...')
#2 C:\xampp\htdocs\system\Database\BaseConnection.php(669): CodeIgniter\Database\BaseConnection->simpleQuery('SELECT `id_user...')
#3 C:\xampp\htdocs\system\Database\BaseBuilder.php(1860): CodeIgniter\Database\BaseConnection->query('SELECT `id_user...', Array, false)
#4 C:\xampp\htdocs\system\Model.php(462): CodeIgniter\Database\BaseBuilder->get()
#5 C:\xampp\htdocs\app\Controllers\Web.php(237): CodeIgniter\Model->findAll()
#6 C:\xampp\htdocs\system\CodeIgniter.php(918): App\Controllers\Web->mysets()
#7 C:\xampp\htdocs\system\CodeIgniter.php(404): CodeIgniter\CodeIgniter->runController(Object(App\Controllers\Web))
#8 C:\xampp\htdocs\system\CodeIgniter.php(312): CodeIgniter\CodeIgniter->handleRequest(NULL, Object(Config\Cache), false)
#9 C:\xampp\htdocs\index.php(45): CodeIgniter\CodeIgniter->run()
#10 {main}
CRITICAL - 2021-09-06 18:09:20 --> Unknown column 'tye' in 'field list'
#0 C:\xampp\htdocs\system\Database\MySQLi\Connection.php(331): mysqli->query('SELECT `id_user...')
#1 C:\xampp\htdocs\system\Database\BaseConnection.php(741): CodeIgniter\Database\MySQLi\Connection->execute('SELECT `id_user...')
#2 C:\xampp\htdocs\system\Database\BaseConnection.php(669): CodeIgniter\Database\BaseConnection->simpleQuery('SELECT `id_user...')
#3 C:\xampp\htdocs\system\Database\BaseBuilder.php(1860): CodeIgniter\Database\BaseConnection->query('SELECT `id_user...', Array, false)
#4 C:\xampp\htdocs\system\Model.php(462): CodeIgniter\Database\BaseBuilder->get()
#5 C:\xampp\htdocs\app\Controllers\Web.php(237): CodeIgniter\Model->findAll()
#6 C:\xampp\htdocs\system\CodeIgniter.php(918): App\Controllers\Web->mysets()
#7 C:\xampp\htdocs\system\CodeIgniter.php(404): CodeIgniter\CodeIgniter->runController(Object(App\Controllers\Web))
#8 C:\xampp\htdocs\system\CodeIgniter.php(312): CodeIgniter\CodeIgniter->handleRequest(NULL, Object(Config\Cache), false)
#9 C:\xampp\htdocs\index.php(45): CodeIgniter\CodeIgniter->run()
#10 {main}
CRITICAL - 2021-09-06 18:10:03 --> Unknown column 'tye' in 'field list'
#0 C:\xampp\htdocs\system\Database\MySQLi\Connection.php(331): mysqli->query('SELECT `id_user...')
#1 C:\xampp\htdocs\system\Database\BaseConnection.php(741): CodeIgniter\Database\MySQLi\Connection->execute('SELECT `id_user...')
#2 C:\xampp\htdocs\system\Database\BaseConnection.php(669): CodeIgniter\Database\BaseConnection->simpleQuery('SELECT `id_user...')
#3 C:\xampp\htdocs\system\Database\BaseBuilder.php(1860): CodeIgniter\Database\BaseConnection->query('SELECT `id_user...', Array, false)
#4 C:\xampp\htdocs\system\Model.php(462): CodeIgniter\Database\BaseBuilder->get()
#5 C:\xampp\htdocs\app\Controllers\Web.php(237): CodeIgniter\Model->findAll()
#6 C:\xampp\htdocs\system\CodeIgniter.php(918): App\Controllers\Web->mysets()
#7 C:\xampp\htdocs\system\CodeIgniter.php(404): CodeIgniter\CodeIgniter->runController(Object(App\Controllers\Web))
#8 C:\xampp\htdocs\system\CodeIgniter.php(312): CodeIgniter\CodeIgniter->handleRequest(NULL, Object(Config\Cache), false)
#9 C:\xampp\htdocs\index.php(45): CodeIgniter\CodeIgniter->run()
#10 {main}
CRITICAL - 2021-09-06 18:10:23 --> Undefined index: image
#0 C:\xampp\htdocs\app\Views\pages\mysets.php(6): CodeIgniter\Debug\Exceptions->errorHandler(8, 'Undefined index...', 'C:\\xampp\\htdocs...', 6, Array)
#1 C:\xampp\htdocs\system\View\View.php(246): include('C:\\xampp\\htdocs...')
#2 C:\xampp\htdocs\system\Common.php(1119): CodeIgniter\View\View->render('pages/mysets', Array, true)
#3 C:\xampp\htdocs\app\Controllers\Web.php(238): view('pages/mysets', Array)
#4 C:\xampp\htdocs\system\CodeIgniter.php(918): App\Controllers\Web->mysets()
#5 C:\xampp\htdocs\system\CodeIgniter.php(404): CodeIgniter\CodeIgniter->runController(Object(App\Controllers\Web))
#6 C:\xampp\htdocs\system\CodeIgniter.php(312): CodeIgniter\CodeIgniter->handleRequest(NULL, Object(Config\Cache), false)
#7 C:\xampp\htdocs\index.php(45): CodeIgniter\CodeIgniter->run()
#8 {main}
CRITICAL - 2021-09-06 18:10:26 --> Undefined index: image
#0 C:\xampp\htdocs\app\Views\pages\mysets.php(6): CodeIgniter\Debug\Exceptions->errorHandler(8, 'Undefined index...', 'C:\\xampp\\htdocs...', 6, Array)
#1 C:\xampp\htdocs\system\View\View.php(246): include('C:\\xampp\\htdocs...')
#2 C:\xampp\htdocs\system\Common.php(1119): CodeIgniter\View\View->render('pages/mysets', Array, true)
#3 C:\xampp\htdocs\app\Controllers\Web.php(238): view('pages/mysets', Array)
#4 C:\xampp\htdocs\system\CodeIgniter.php(918): App\Controllers\Web->mysets()
#5 C:\xampp\htdocs\system\CodeIgniter.php(404): CodeIgniter\CodeIgniter->runController(Object(App\Controllers\Web))
#6 C:\xampp\htdocs\system\CodeIgniter.php(312): CodeIgniter\CodeIgniter->handleRequest(NULL, Object(Config\Cache), false)
#7 C:\xampp\htdocs\index.php(45): CodeIgniter\CodeIgniter->run()
#8 {main}
CRITICAL - 2021-09-06 18:11:19 --> Column 'id_user' in field list is ambiguous
#0 C:\xampp\htdocs\system\Database\MySQLi\Connection.php(331): mysqli->query('SELECT `id_user...')
#1 C:\xampp\htdocs\system\Database\BaseConnection.php(741): CodeIgniter\Database\MySQLi\Connection->execute('SELECT `id_user...')
#2 C:\xampp\htdocs\system\Database\BaseConnection.php(669): CodeIgniter\Database\BaseConnection->simpleQuery('SELECT `id_user...')
#3 C:\xampp\htdocs\system\Database\BaseBuilder.php(1860): CodeIgniter\Database\BaseConnection->query('SELECT `id_user...', Array, false)
#4 C:\xampp\htdocs\system\Model.php(462): CodeIgniter\Database\BaseBuilder->get()
#5 C:\xampp\htdocs\app\Controllers\Web.php(237): CodeIgniter\Model->findAll()
#6 C:\xampp\htdocs\system\CodeIgniter.php(918): App\Controllers\Web->mysets()
#7 C:\xampp\htdocs\system\CodeIgniter.php(404): CodeIgniter\CodeIgniter->runController(Object(App\Controllers\Web))
#8 C:\xampp\htdocs\system\CodeIgniter.php(312): CodeIgniter\CodeIgniter->handleRequest(NULL, Object(Config\Cache), false)
#9 C:\xampp\htdocs\index.php(45): CodeIgniter\CodeIgniter->run()
#10 {main}
CRITICAL - 2021-09-06 18:12:28 --> Column 'id_user' in field list is ambiguous
#0 C:\xampp\htdocs\system\Database\MySQLi\Connection.php(331): mysqli->query('SELECT `id_user...')
#1 C:\xampp\htdocs\system\Database\BaseConnection.php(741): CodeIgniter\Database\MySQLi\Connection->execute('SELECT `id_user...')
#2 C:\xampp\htdocs\system\Database\BaseConnection.php(669): CodeIgniter\Database\BaseConnection->simpleQuery('SELECT `id_user...')
#3 C:\xampp\htdocs\system\Database\BaseBuilder.php(1860): CodeIgniter\Database\BaseConnection->query('SELECT `id_user...', Array, false)
#4 C:\xampp\htdocs\system\Model.php(462): CodeIgniter\Database\BaseBuilder->get()
#5 C:\xampp\htdocs\app\Controllers\Web.php(237): CodeIgniter\Model->findAll()
#6 C:\xampp\htdocs\system\CodeIgniter.php(918): App\Controllers\Web->mysets()
#7 C:\xampp\htdocs\system\CodeIgniter.php(404): CodeIgniter\CodeIgniter->runController(Object(App\Controllers\Web))
#8 C:\xampp\htdocs\system\CodeIgniter.php(312): CodeIgniter\CodeIgniter->handleRequest(NULL, Object(Config\Cache), false)
#9 C:\xampp\htdocs\index.php(45): CodeIgniter\CodeIgniter->run()
#10 {main}
CRITICAL - 2021-09-06 18:12:54 --> Column 'id_user' in field list is ambiguous
#0 C:\xampp\htdocs\system\Database\MySQLi\Connection.php(331): mysqli->query('SELECT `id_user...')
#1 C:\xampp\htdocs\system\Database\BaseConnection.php(741): CodeIgniter\Database\MySQLi\Connection->execute('SELECT `id_user...')
#2 C:\xampp\htdocs\system\Database\BaseConnection.php(669): CodeIgniter\Database\BaseConnection->simpleQuery('SELECT `id_user...')
#3 C:\xampp\htdocs\system\Database\BaseBuilder.php(1860): CodeIgniter\Database\BaseConnection->query('SELECT `id_user...', Array, false)
#4 C:\xampp\htdocs\system\Model.php(462): CodeIgniter\Database\BaseBuilder->get()
#5 C:\xampp\htdocs\app\Controllers\Web.php(237): CodeIgniter\Model->findAll()
#6 C:\xampp\htdocs\system\CodeIgniter.php(918): App\Controllers\Web->mysets()
#7 C:\xampp\htdocs\system\CodeIgniter.php(404): CodeIgniter\CodeIgniter->runController(Object(App\Controllers\Web))
#8 C:\xampp\htdocs\system\CodeIgniter.php(312): CodeIgniter\CodeIgniter->handleRequest(NULL, Object(Config\Cache), false)
#9 C:\xampp\htdocs\index.php(45): CodeIgniter\CodeIgniter->run()
#10 {main}
CRITICAL - 2021-09-06 18:13:09 --> Column 'type' in field list is ambiguous
#0 C:\xampp\htdocs\system\Database\MySQLi\Connection.php(331): mysqli->query('SELECT `type`, ...')
#1 C:\xampp\htdocs\system\Database\BaseConnection.php(741): CodeIgniter\Database\MySQLi\Connection->execute('SELECT `type`, ...')
#2 C:\xampp\htdocs\system\Database\BaseConnection.php(669): CodeIgniter\Database\BaseConnection->simpleQuery('SELECT `type`, ...')
#3 C:\xampp\htdocs\system\Database\BaseBuilder.php(1860): CodeIgniter\Database\BaseConnection->query('SELECT `type`, ...', Array, false)
#4 C:\xampp\htdocs\system\Model.php(462): CodeIgniter\Database\BaseBuilder->get()
#5 C:\xampp\htdocs\app\Controllers\Web.php(237): CodeIgniter\Model->findAll()
#6 C:\xampp\htdocs\system\CodeIgniter.php(918): App\Controllers\Web->mysets()
#7 C:\xampp\htdocs\system\CodeIgniter.php(404): CodeIgniter\CodeIgniter->runController(Object(App\Controllers\Web))
#8 C:\xampp\htdocs\system\CodeIgniter.php(312): CodeIgniter\CodeIgniter->handleRequest(NULL, Object(Config\Cache), false)
#9 C:\xampp\htdocs\index.php(45): CodeIgniter\CodeIgniter->run()
#10 {main}
CRITICAL - 2021-09-06 18:14:20 --> Column 'type' in where clause is ambiguous
#0 C:\xampp\htdocs\system\Database\MySQLi\Connection.php(331): mysqli->query('SELECT *\nFROM `...')
#1 C:\xampp\htdocs\system\Database\BaseConnection.php(741): CodeIgniter\Database\MySQLi\Connection->execute('SELECT *\nFROM `...')
#2 C:\xampp\htdocs\system\Database\BaseConnection.php(669): CodeIgniter\Database\BaseConnection->simpleQuery('SELECT *\nFROM `...')
#3 C:\xampp\htdocs\system\Database\BaseBuilder.php(1860): CodeIgniter\Database\BaseConnection->query('SELECT *\nFROM `...', Array, false)
#4 C:\xampp\htdocs\system\Model.php(462): CodeIgniter\Database\BaseBuilder->get()
#5 C:\xampp\htdocs\app\Controllers\Web.php(237): CodeIgniter\Model->findAll()
#6 C:\xampp\htdocs\system\CodeIgniter.php(918): App\Controllers\Web->mysets()
#7 C:\xampp\htdocs\system\CodeIgniter.php(404): CodeIgniter\CodeIgniter->runController(Object(App\Controllers\Web))
#8 C:\xampp\htdocs\system\CodeIgniter.php(312): CodeIgniter\CodeIgniter->handleRequest(NULL, Object(Config\Cache), false)
#9 C:\xampp\htdocs\index.php(45): CodeIgniter\CodeIgniter->run()
#10 {main}
CRITICAL - 2021-09-06 18:15:36 --> Column 'type' in where clause is ambiguous
#0 C:\xampp\htdocs\system\Database\MySQLi\Connection.php(331): mysqli->query('SELECT `favorit...')
#1 C:\xampp\htdocs\system\Database\BaseConnection.php(741): CodeIgniter\Database\MySQLi\Connection->execute('SELECT `favorit...')
#2 C:\xampp\htdocs\system\Database\BaseConnection.php(669): CodeIgniter\Database\BaseConnection->simpleQuery('SELECT `favorit...')
#3 C:\xampp\htdocs\system\Database\BaseBuilder.php(1860): CodeIgniter\Database\BaseConnection->query('SELECT `favorit...', Array, false)
#4 C:\xampp\htdocs\system\Model.php(462): CodeIgniter\Database\BaseBuilder->get()
#5 C:\xampp\htdocs\app\Controllers\Web.php(237): CodeIgniter\Model->findAll()
#6 C:\xampp\htdocs\system\CodeIgniter.php(918): App\Controllers\Web->mysets()
#7 C:\xampp\htdocs\system\CodeIgniter.php(404): CodeIgniter\CodeIgniter->runController(Object(App\Controllers\Web))
#8 C:\xampp\htdocs\system\CodeIgniter.php(312): CodeIgniter\CodeIgniter->handleRequest(NULL, Object(Config\Cache), false)
#9 C:\xampp\htdocs\index.php(45): CodeIgniter\CodeIgniter->run()
#10 {main}
CRITICAL - 2021-09-06 19:02:05 --> Undefined index: id_file
#0 C:\xampp\htdocs\app\Views\pages\search.php(26): CodeIgniter\Debug\Exceptions->errorHandler(8, 'Undefined index...', 'C:\\xampp\\htdocs...', 26, Array)
#1 C:\xampp\htdocs\system\View\View.php(246): include('C:\\xampp\\htdocs...')
#2 C:\xampp\htdocs\system\Common.php(1119): CodeIgniter\View\View->render('pages/search', Array, true)
#3 C:\xampp\htdocs\app\Controllers\Web.php(438): view('pages/search', Array)
#4 C:\xampp\htdocs\system\CodeIgniter.php(918): App\Controllers\Web->search('15142074_Torres...')
#5 C:\xampp\htdocs\system\CodeIgniter.php(404): CodeIgniter\CodeIgniter->runController(Object(App\Controllers\Web))
#6 C:\xampp\htdocs\system\CodeIgniter.php(312): CodeIgniter\CodeIgniter->handleRequest(NULL, Object(Config\Cache), false)
#7 C:\xampp\htdocs\index.php(45): CodeIgniter\CodeIgniter->run()
#8 {main}
CRITICAL - 2021-09-06 19:02:11 --> Undefined index: id_file
#0 C:\xampp\htdocs\app\Views\pages\search.php(26): CodeIgniter\Debug\Exceptions->errorHandler(8, 'Undefined index...', 'C:\\xampp\\htdocs...', 26, Array)
#1 C:\xampp\htdocs\system\View\View.php(246): include('C:\\xampp\\htdocs...')
#2 C:\xampp\htdocs\system\Common.php(1119): CodeIgniter\View\View->render('pages/search', Array, true)
#3 C:\xampp\htdocs\app\Controllers\Web.php(438): view('pages/search', Array)
#4 C:\xampp\htdocs\system\CodeIgniter.php(918): App\Controllers\Web->search('15142074_Torres...')
#5 C:\xampp\htdocs\system\CodeIgniter.php(404): CodeIgniter\CodeIgniter->runController(Object(App\Controllers\Web))
#6 C:\xampp\htdocs\system\CodeIgniter.php(312): CodeIgniter\CodeIgniter->handleRequest(NULL, Object(Config\Cache), false)
#7 C:\xampp\htdocs\index.php(45): CodeIgniter\CodeIgniter->run()
#8 {main}
CRITICAL - 2021-09-06 19:02:19 --> Undefined index: id_file
#0 C:\xampp\htdocs\app\Views\pages\search.php(26): CodeIgniter\Debug\Exceptions->errorHandler(8, 'Undefined index...', 'C:\\xampp\\htdocs...', 26, Array)
#1 C:\xampp\htdocs\system\View\View.php(246): include('C:\\xampp\\htdocs...')
#2 C:\xampp\htdocs\system\Common.php(1119): CodeIgniter\View\View->render('pages/search', Array, true)
#3 C:\xampp\htdocs\app\Controllers\Web.php(438): view('pages/search', Array)
#4 C:\xampp\htdocs\system\CodeIgniter.php(918): App\Controllers\Web->search('15142074_Torres...')
#5 C:\xampp\htdocs\system\CodeIgniter.php(404): CodeIgniter\CodeIgniter->runController(Object(App\Controllers\Web))
#6 C:\xampp\htdocs\system\CodeIgniter.php(312): CodeIgniter\CodeIgniter->handleRequest(NULL, Object(Config\Cache), false)
#7 C:\xampp\htdocs\index.php(45): CodeIgniter\CodeIgniter->run()
#8 {main}
CRITICAL - 2021-09-06 19:02:25 --> Undefined index: id_file
#0 C:\xampp\htdocs\app\Views\pages\search.php(26): CodeIgniter\Debug\Exceptions->errorHandler(8, 'Undefined index...', 'C:\\xampp\\htdocs...', 26, Array)
#1 C:\xampp\htdocs\system\View\View.php(246): include('C:\\xampp\\htdocs...')
#2 C:\xampp\htdocs\system\Common.php(1119): CodeIgniter\View\View->render('pages/search', Array, true)
#3 C:\xampp\htdocs\app\Controllers\Web.php(438): view('pages/search', Array)
#4 C:\xampp\htdocs\system\CodeIgniter.php(918): App\Controllers\Web->search('15142074_Torres...')
#5 C:\xampp\htdocs\system\CodeIgniter.php(404): CodeIgniter\CodeIgniter->runController(Object(App\Controllers\Web))
#6 C:\xampp\htdocs\system\CodeIgniter.php(312): CodeIgniter\CodeIgniter->handleRequest(NULL, Object(Config\Cache), false)
#7 C:\xampp\htdocs\index.php(45): CodeIgniter\CodeIgniter->run()
#8 {main}
CRITICAL - 2021-09-06 19:02:38 --> Undefined index: id_file
#0 C:\xampp\htdocs\app\Views\pages\search.php(26): CodeIgniter\Debug\Exceptions->errorHandler(8, 'Undefined index...', 'C:\\xampp\\htdocs...', 26, Array)
#1 C:\xampp\htdocs\system\View\View.php(246): include('C:\\xampp\\htdocs...')
#2 C:\xampp\htdocs\system\Common.php(1119): CodeIgniter\View\View->render('pages/search', Array, true)
#3 C:\xampp\htdocs\app\Controllers\Web.php(438): view('pages/search', Array)
#4 C:\xampp\htdocs\system\CodeIgniter.php(918): App\Controllers\Web->search('15142074_Torres...')
#5 C:\xampp\htdocs\system\CodeIgniter.php(404): CodeIgniter\CodeIgniter->runController(Object(App\Controllers\Web))
#6 C:\xampp\htdocs\system\CodeIgniter.php(312): CodeIgniter\CodeIgniter->handleRequest(NULL, Object(Config\Cache), false)
#7 C:\xampp\htdocs\index.php(45): CodeIgniter\CodeIgniter->run()
#8 {main}
CRITICAL - 2021-09-06 19:02:58 --> Undefined index: id_file
#0 C:\xampp\htdocs\app\Views\pages\search.php(26): CodeIgniter\Debug\Exceptions->errorHandler(8, 'Undefined index...', 'C:\\xampp\\htdocs...', 26, Array)
#1 C:\xampp\htdocs\system\View\View.php(246): include('C:\\xampp\\htdocs...')
#2 C:\xampp\htdocs\system\Common.php(1119): CodeIgniter\View\View->render('pages/search', Array, true)
#3 C:\xampp\htdocs\app\Controllers\Web.php(438): view('pages/search', Array)
#4 C:\xampp\htdocs\system\CodeIgniter.php(918): App\Controllers\Web->search('15142074_Torres...')
#5 C:\xampp\htdocs\system\CodeIgniter.php(404): CodeIgniter\CodeIgniter->runController(Object(App\Controllers\Web))
#6 C:\xampp\htdocs\system\CodeIgniter.php(312): CodeIgniter\CodeIgniter->handleRequest(NULL, Object(Config\Cache), false)
#7 C:\xampp\htdocs\index.php(45): CodeIgniter\CodeIgniter->run()
#8 {main}
CRITICAL - 2021-09-06 19:05:47 --> Undefined index: path
#0 C:\xampp\htdocs\app\Views\pages\search.php(27): CodeIgniter\Debug\Exceptions->errorHandler(8, 'Undefined index...', 'C:\\xampp\\htdocs...', 27, Array)
#1 C:\xampp\htdocs\system\View\View.php(246): include('C:\\xampp\\htdocs...')
#2 C:\xampp\htdocs\system\Common.php(1119): CodeIgniter\View\View->render('pages/search', Array, true)
#3 C:\xampp\htdocs\app\Controllers\Web.php(438): view('pages/search', Array)
#4 C:\xampp\htdocs\system\CodeIgniter.php(918): App\Controllers\Web->search('15142074_Torres...')
#5 C:\xampp\htdocs\system\CodeIgniter.php(404): CodeIgniter\CodeIgniter->runController(Object(App\Controllers\Web))
#6 C:\xampp\htdocs\system\CodeIgniter.php(312): CodeIgniter\CodeIgniter->handleRequest(NULL, Object(Config\Cache), false)
#7 C:\xampp\htdocs\index.php(45): CodeIgniter\CodeIgniter->run()
#8 {main}
CRITICAL - 2021-09-06 19:06:48 --> Undefined index: path
#0 C:\xampp\htdocs\app\Views\pages\search.php(27): CodeIgniter\Debug\Exceptions->errorHandler(8, 'Undefined index...', 'C:\\xampp\\htdocs...', 27, Array)
#1 C:\xampp\htdocs\system\View\View.php(246): include('C:\\xampp\\htdocs...')
#2 C:\xampp\htdocs\system\Common.php(1119): CodeIgniter\View\View->render('pages/search', Array, true)
#3 C:\xampp\htdocs\app\Controllers\Web.php(438): view('pages/search', Array)
#4 C:\xampp\htdocs\system\CodeIgniter.php(918): App\Controllers\Web->search('15142074_Torres...')
#5 C:\xampp\htdocs\system\CodeIgniter.php(404): CodeIgniter\CodeIgniter->runController(Object(App\Controllers\Web))
#6 C:\xampp\htdocs\system\CodeIgniter.php(312): CodeIgniter\CodeIgniter->handleRequest(NULL, Object(Config\Cache), false)
#7 C:\xampp\htdocs\index.php(45): CodeIgniter\CodeIgniter->run()
#8 {main}
CRITICAL - 2021-09-06 19:07:11 --> Undefined index: path
#0 C:\xampp\htdocs\app\Views\pages\search.php(27): CodeIgniter\Debug\Exceptions->errorHandler(8, 'Undefined index...', 'C:\\xampp\\htdocs...', 27, Array)
#1 C:\xampp\htdocs\system\View\View.php(246): include('C:\\xampp\\htdocs...')
#2 C:\xampp\htdocs\system\Common.php(1119): CodeIgniter\View\View->render('pages/search', Array, true)
#3 C:\xampp\htdocs\app\Controllers\Web.php(438): view('pages/search', Array)
#4 C:\xampp\htdocs\system\CodeIgniter.php(918): App\Controllers\Web->search('15142074_Torres...')
#5 C:\xampp\htdocs\system\CodeIgniter.php(404): CodeIgniter\CodeIgniter->runController(Object(App\Controllers\Web))
#6 C:\xampp\htdocs\system\CodeIgniter.php(312): CodeIgniter\CodeIgniter->handleRequest(NULL, Object(Config\Cache), false)
#7 C:\xampp\htdocs\index.php(45): CodeIgniter\CodeIgniter->run()
#8 {main}
CRITICAL - 2021-09-06 19:10:42 --> Undefined index: path
#0 C:\xampp\htdocs\app\Views\pages\search.php(27): CodeIgniter\Debug\Exceptions->errorHandler(8, 'Undefined index...', 'C:\\xampp\\htdocs...', 27, Array)
#1 C:\xampp\htdocs\system\View\View.php(246): include('C:\\xampp\\htdocs...')
#2 C:\xampp\htdocs\system\Common.php(1119): CodeIgniter\View\View->render('pages/search', Array, true)
#3 C:\xampp\htdocs\app\Controllers\Web.php(438): view('pages/search', Array)
#4 C:\xampp\htdocs\system\CodeIgniter.php(918): App\Controllers\Web->search('15142074_Torres...')
#5 C:\xampp\htdocs\system\CodeIgniter.php(404): CodeIgniter\CodeIgniter->runController(Object(App\Controllers\Web))
#6 C:\xampp\htdocs\system\CodeIgniter.php(312): CodeIgniter\CodeIgniter->handleRequest(NULL, Object(Config\Cache), false)
#7 C:\xampp\htdocs\index.php(45): CodeIgniter\CodeIgniter->run()
#8 {main}
CRITICAL - 2021-09-06 19:13:42 --> Undefined variable: user
#0 C:\xampp\htdocs\app\Views\pages\search.php(46): CodeIgniter\Debug\Exceptions->errorHandler(8, 'Undefined varia...', 'C:\\xampp\\htdocs...', 46, Array)
#1 C:\xampp\htdocs\system\View\View.php(246): include('C:\\xampp\\htdocs...')
#2 C:\xampp\htdocs\system\Common.php(1119): CodeIgniter\View\View->render('pages/search', Array, true)
#3 C:\xampp\htdocs\app\Controllers\Web.php(438): view('pages/search', Array)
#4 C:\xampp\htdocs\system\CodeIgniter.php(918): App\Controllers\Web->search('15142074_Torres...')
#5 C:\xampp\htdocs\system\CodeIgniter.php(404): CodeIgniter\CodeIgniter->runController(Object(App\Controllers\Web))
#6 C:\xampp\htdocs\system\CodeIgniter.php(312): CodeIgniter\CodeIgniter->handleRequest(NULL, Object(Config\Cache), false)
#7 C:\xampp\htdocs\index.php(45): CodeIgniter\CodeIgniter->run()
#8 {main}
CRITICAL - 2021-09-06 19:22:13 --> Unknown column 'favorites.id_artist' in 'on clause'
#0 C:\xampp\htdocs\system\Database\MySQLi\Connection.php(331): mysqli->query('SELECT `files`....')
#1 C:\xampp\htdocs\system\Database\BaseConnection.php(741): CodeIgniter\Database\MySQLi\Connection->execute('SELECT `files`....')
#2 C:\xampp\htdocs\system\Database\BaseConnection.php(669): CodeIgniter\Database\BaseConnection->simpleQuery('SELECT `files`....')
#3 C:\xampp\htdocs\system\Database\BaseBuilder.php(1860): CodeIgniter\Database\BaseConnection->query('SELECT `files`....', Array, false)
#4 C:\xampp\htdocs\system\Model.php(462): CodeIgniter\Database\BaseBuilder->get()
#5 C:\xampp\htdocs\app\Controllers\Web.php(435): CodeIgniter\Model->findAll()
#6 C:\xampp\htdocs\system\CodeIgniter.php(918): App\Controllers\Web->search('15142074_Torres...')
#7 C:\xampp\htdocs\system\CodeIgniter.php(404): CodeIgniter\CodeIgniter->runController(Object(App\Controllers\Web))
#8 C:\xampp\htdocs\system\CodeIgniter.php(312): CodeIgniter\CodeIgniter->handleRequest(NULL, Object(Config\Cache), false)
#9 C:\xampp\htdocs\index.php(45): CodeIgniter\CodeIgniter->run()
#10 {main}
CRITICAL - 2021-09-06 19:22:38 --> Unknown column 'favorites.id_artist' in 'on clause'
#0 C:\xampp\htdocs\system\Database\MySQLi\Connection.php(331): mysqli->query('SELECT `files`....')
#1 C:\xampp\htdocs\system\Database\BaseConnection.php(741): CodeIgniter\Database\MySQLi\Connection->execute('SELECT `files`....')
#2 C:\xampp\htdocs\system\Database\BaseConnection.php(669): CodeIgniter\Database\BaseConnection->simpleQuery('SELECT `files`....')
#3 C:\xampp\htdocs\system\Database\BaseBuilder.php(1860): CodeIgniter\Database\BaseConnection->query('SELECT `files`....', Array, false)
#4 C:\xampp\htdocs\system\Model.php(462): CodeIgniter\Database\BaseBuilder->get()
#5 C:\xampp\htdocs\app\Controllers\Web.php(435): CodeIgniter\Model->findAll()
#6 C:\xampp\htdocs\system\CodeIgniter.php(918): App\Controllers\Web->search('15142074_Torres...')
#7 C:\xampp\htdocs\system\CodeIgniter.php(404): CodeIgniter\CodeIgniter->runController(Object(App\Controllers\Web))
#8 C:\xampp\htdocs\system\CodeIgniter.php(312): CodeIgniter\CodeIgniter->handleRequest(NULL, Object(Config\Cache), false)
#9 C:\xampp\htdocs\index.php(45): CodeIgniter\CodeIgniter->run()
#10 {main}
CRITICAL - 2021-09-06 19:22:51 --> Unknown column 'favorites.id_artist' in 'on clause'
#0 C:\xampp\htdocs\system\Database\MySQLi\Connection.php(331): mysqli->query('SELECT `files`....')
#1 C:\xampp\htdocs\system\Database\BaseConnection.php(741): CodeIgniter\Database\MySQLi\Connection->execute('SELECT `files`....')
#2 C:\xampp\htdocs\system\Database\BaseConnection.php(669): CodeIgniter\Database\BaseConnection->simpleQuery('SELECT `files`....')
#3 C:\xampp\htdocs\system\Database\BaseBuilder.php(1860): CodeIgniter\Database\BaseConnection->query('SELECT `files`....', Array, false)
#4 C:\xampp\htdocs\system\Model.php(462): CodeIgniter\Database\BaseBuilder->get()
#5 C:\xampp\htdocs\app\Controllers\Web.php(435): CodeIgniter\Model->findAll()
#6 C:\xampp\htdocs\system\CodeIgniter.php(918): App\Controllers\Web->search('15142074_Torres...')
#7 C:\xampp\htdocs\system\CodeIgniter.php(404): CodeIgniter\CodeIgniter->runController(Object(App\Controllers\Web))
#8 C:\xampp\htdocs\system\CodeIgniter.php(312): CodeIgniter\CodeIgniter->handleRequest(NULL, Object(Config\Cache), false)
#9 C:\xampp\htdocs\index.php(45): CodeIgniter\CodeIgniter->run()
#10 {main}
CRITICAL - 2021-09-06 19:23:22 --> Undefined index: id
#0 C:\xampp\htdocs\app\Views\pages\search.php(24): CodeIgniter\Debug\Exceptions->errorHandler(8, 'Undefined index...', 'C:\\xampp\\htdocs...', 24, Array)
#1 C:\xampp\htdocs\system\View\View.php(246): include('C:\\xampp\\htdocs...')
#2 C:\xampp\htdocs\system\Common.php(1119): CodeIgniter\View\View->render('pages/search', Array, true)
#3 C:\xampp\htdocs\app\Controllers\Web.php(438): view('pages/search', Array)
#4 C:\xampp\htdocs\system\CodeIgniter.php(918): App\Controllers\Web->search('15142074_Torres...')
#5 C:\xampp\htdocs\system\CodeIgniter.php(404): CodeIgniter\CodeIgniter->runController(Object(App\Controllers\Web))
#6 C:\xampp\htdocs\system\CodeIgniter.php(312): CodeIgniter\CodeIgniter->handleRequest(NULL, Object(Config\Cache), false)
#7 C:\xampp\htdocs\index.php(45): CodeIgniter\CodeIgniter->run()
#8 {main}
