CRITICAL - 2021-07-31 00:00:09 --> syntax error, unexpected 'else' (T_ELSE)
#0 C:\xampp\htdocs\system\Autoloader\Autoloader.php(296): CodeIgniter\Autoloader\Autoloader->requireFile('C:\\xampp\\htdocs...')
#1 C:\xampp\htdocs\system\Autoloader\Autoloader.php(258): CodeIgniter\Autoloader\Autoloader->loadInNamespace('App\\Controllers...')
#2 [internal function]: CodeIgniter\Autoloader\Autoloader->loadClass('App\\Controllers...')
#3 [internal function]: spl_autoload_call('App\\Controllers...')
#4 C:\xampp\htdocs\system\CodeIgniter.php(869): class_exists('\\App\\Controller...', true)
#5 C:\xampp\htdocs\system\CodeIgniter.php(394): CodeIgniter\CodeIgniter->startController()
#6 C:\xampp\htdocs\system\CodeIgniter.php(312): CodeIgniter\CodeIgniter->handleRequest(NULL, Object(Config\Cache), false)
#7 C:\xampp\htdocs\index.php(45): CodeIgniter\CodeIgniter->run()
#8 {main}
CRITICAL - 2021-07-31 00:01:52 --> Undefined offset: 1
#0 C:\xampp\htdocs\app\Controllers\Web.php(387): CodeIgniter\Debug\Exceptions->errorHandler(8, 'Undefined offse...', 'C:\\xampp\\htdocs...', 387, Array)
#1 C:\xampp\htdocs\system\CodeIgniter.php(918): App\Controllers\Web->sendrecovery()
#2 C:\xampp\htdocs\system\CodeIgniter.php(404): CodeIgniter\CodeIgniter->runController(Object(App\Controllers\Web))
#3 C:\xampp\htdocs\system\CodeIgniter.php(312): CodeIgniter\CodeIgniter->handleRequest(NULL, Object(Config\Cache), false)
#4 C:\xampp\htdocs\index.php(45): CodeIgniter\CodeIgniter->run()
#5 {main}
CRITICAL - 2021-07-31 00:01:53 --> Undefined offset: 1
#0 C:\xampp\htdocs\app\Controllers\Web.php(387): CodeIgniter\Debug\Exceptions->errorHandler(8, 'Undefined offse...', 'C:\\xampp\\htdocs...', 387, Array)
#1 C:\xampp\htdocs\system\CodeIgniter.php(918): App\Controllers\Web->sendrecovery()
#2 C:\xampp\htdocs\system\CodeIgniter.php(404): CodeIgniter\CodeIgniter->runController(Object(App\Controllers\Web))
#3 C:\xampp\htdocs\system\CodeIgniter.php(312): CodeIgniter\CodeIgniter->handleRequest(NULL, Object(Config\Cache), false)
#4 C:\xampp\htdocs\index.php(45): CodeIgniter\CodeIgniter->run()
#5 {main}
CRITICAL - 2021-07-31 22:09:47 --> Undefined offset: 1
#0 C:\xampp\htdocs\app\Controllers\Web.php(387): CodeIgniter\Debug\Exceptions->errorHandler(8, 'Undefined offse...', 'C:\\xampp\\htdocs...', 387, Array)
#1 C:\xampp\htdocs\system\CodeIgniter.php(918): App\Controllers\Web->sendrecovery()
#2 C:\xampp\htdocs\system\CodeIgniter.php(404): CodeIgniter\CodeIgniter->runController(Object(App\Controllers\Web))
#3 C:\xampp\htdocs\system\CodeIgniter.php(312): CodeIgniter\CodeIgniter->handleRequest(NULL, Object(Config\Cache), false)
#4 C:\xampp\htdocs\index.php(45): CodeIgniter\CodeIgniter->run()
#5 {main}
CRITICAL - 2021-07-31 22:10:25 --> Undefined offset: 1
#0 C:\xampp\htdocs\app\Controllers\Web.php(387): CodeIgniter\Debug\Exceptions->errorHandler(8, 'Undefined offse...', 'C:\\xampp\\htdocs...', 387, Array)
#1 C:\xampp\htdocs\system\CodeIgniter.php(918): App\Controllers\Web->sendrecovery()
#2 C:\xampp\htdocs\system\CodeIgniter.php(404): CodeIgniter\CodeIgniter->runController(Object(App\Controllers\Web))
#3 C:\xampp\htdocs\system\CodeIgniter.php(312): CodeIgniter\CodeIgniter->handleRequest(NULL, Object(Config\Cache), false)
#4 C:\xampp\htdocs\index.php(45): CodeIgniter\CodeIgniter->run()
#5 {main}
CRITICAL - 2021-07-31 22:12:02 --> Undefined offset: 1
#0 C:\xampp\htdocs\app\Controllers\Web.php(387): CodeIgniter\Debug\Exceptions->errorHandler(8, 'Undefined offse...', 'C:\\xampp\\htdocs...', 387, Array)
#1 C:\xampp\htdocs\system\CodeIgniter.php(918): App\Controllers\Web->sendrecovery()
#2 C:\xampp\htdocs\system\CodeIgniter.php(404): CodeIgniter\CodeIgniter->runController(Object(App\Controllers\Web))
#3 C:\xampp\htdocs\system\CodeIgniter.php(312): CodeIgniter\CodeIgniter->handleRequest(NULL, Object(Config\Cache), false)
#4 C:\xampp\htdocs\index.php(45): CodeIgniter\CodeIgniter->run()
#5 {main}
CRITICAL - 2021-07-31 22:13:37 --> Undefined offset: 1
#0 C:\xampp\htdocs\app\Controllers\Web.php(387): CodeIgniter\Debug\Exceptions->errorHandler(8, 'Undefined offse...', 'C:\\xampp\\htdocs...', 387, Array)
#1 C:\xampp\htdocs\system\CodeIgniter.php(918): App\Controllers\Web->sendrecovery()
#2 C:\xampp\htdocs\system\CodeIgniter.php(404): CodeIgniter\CodeIgniter->runController(Object(App\Controllers\Web))
#3 C:\xampp\htdocs\system\CodeIgniter.php(312): CodeIgniter\CodeIgniter->handleRequest(NULL, Object(Config\Cache), false)
#4 C:\xampp\htdocs\index.php(45): CodeIgniter\CodeIgniter->run()
#5 {main}
CRITICAL - 2021-07-31 22:16:53 --> Undefined offset: 1
#0 C:\xampp\htdocs\app\Controllers\Web.php(387): CodeIgniter\Debug\Exceptions->errorHandler(8, 'Undefined offse...', 'C:\\xampp\\htdocs...', 387, Array)
#1 C:\xampp\htdocs\system\CodeIgniter.php(918): App\Controllers\Web->sendrecovery()
#2 C:\xampp\htdocs\system\CodeIgniter.php(404): CodeIgniter\CodeIgniter->runController(Object(App\Controllers\Web))
#3 C:\xampp\htdocs\system\CodeIgniter.php(312): CodeIgniter\CodeIgniter->handleRequest(NULL, Object(Config\Cache), false)
#4 C:\xampp\htdocs\index.php(45): CodeIgniter\CodeIgniter->run()
#5 {main}
CRITICAL - 2021-07-31 22:17:39 --> Undefined offset: 1
#0 C:\xampp\htdocs\app\Controllers\Web.php(387): CodeIgniter\Debug\Exceptions->errorHandler(8, 'Undefined offse...', 'C:\\xampp\\htdocs...', 387, Array)
#1 C:\xampp\htdocs\system\CodeIgniter.php(918): App\Controllers\Web->sendrecovery()
#2 C:\xampp\htdocs\system\CodeIgniter.php(404): CodeIgniter\CodeIgniter->runController(Object(App\Controllers\Web))
#3 C:\xampp\htdocs\system\CodeIgniter.php(312): CodeIgniter\CodeIgniter->handleRequest(NULL, Object(Config\Cache), false)
#4 C:\xampp\htdocs\index.php(45): CodeIgniter\CodeIgniter->run()
#5 {main}
CRITICAL - 2021-07-31 22:20:18 --> Undefined offset: 1
#0 C:\xampp\htdocs\app\Controllers\Web.php(387): CodeIgniter\Debug\Exceptions->errorHandler(8, 'Undefined offse...', 'C:\\xampp\\htdocs...', 387, Array)
#1 C:\xampp\htdocs\system\CodeIgniter.php(918): App\Controllers\Web->sendrecovery()
#2 C:\xampp\htdocs\system\CodeIgniter.php(404): CodeIgniter\CodeIgniter->runController(Object(App\Controllers\Web))
#3 C:\xampp\htdocs\system\CodeIgniter.php(312): CodeIgniter\CodeIgniter->handleRequest(NULL, Object(Config\Cache), false)
#4 C:\xampp\htdocs\index.php(45): CodeIgniter\CodeIgniter->run()
#5 {main}
CRITICAL - 2021-07-31 23:29:42 --> Unknown column 'image' in 'field list'
#0 C:\xampp\htdocs\system\Database\MySQLi\Connection.php(331): mysqli->query('SELECT `id`, `u...')
#1 C:\xampp\htdocs\system\Database\BaseConnection.php(741): CodeIgniter\Database\MySQLi\Connection->execute('SELECT `id`, `u...')
#2 C:\xampp\htdocs\system\Database\BaseConnection.php(669): CodeIgniter\Database\BaseConnection->simpleQuery('SELECT `id`, `u...')
#3 C:\xampp\htdocs\system\Database\BaseBuilder.php(1860): CodeIgniter\Database\BaseConnection->query('SELECT `id`, `u...', Array, false)
#4 C:\xampp\htdocs\system\Model.php(462): CodeIgniter\Database\BaseBuilder->get()
#5 C:\xampp\htdocs\app\Controllers\Web.php(68): CodeIgniter\Model->findAll()
#6 C:\xampp\htdocs\system\CodeIgniter.php(918): App\Controllers\Web->artist('ron')
#7 C:\xampp\htdocs\system\CodeIgniter.php(404): CodeIgniter\CodeIgniter->runController(Object(App\Controllers\Web))
#8 C:\xampp\htdocs\system\CodeIgniter.php(312): CodeIgniter\CodeIgniter->handleRequest(NULL, Object(Config\Cache), false)
#9 C:\xampp\htdocs\index.php(45): CodeIgniter\CodeIgniter->run()
#10 {main}
CRITICAL - 2021-07-31 23:29:45 --> Unknown column 'image' in 'field list'
#0 C:\xampp\htdocs\system\Database\MySQLi\Connection.php(331): mysqli->query('SELECT `id`, `u...')
#1 C:\xampp\htdocs\system\Database\BaseConnection.php(741): CodeIgniter\Database\MySQLi\Connection->execute('SELECT `id`, `u...')
#2 C:\xampp\htdocs\system\Database\BaseConnection.php(669): CodeIgniter\Database\BaseConnection->simpleQuery('SELECT `id`, `u...')
#3 C:\xampp\htdocs\system\Database\BaseBuilder.php(1860): CodeIgniter\Database\BaseConnection->query('SELECT `id`, `u...', Array, false)
#4 C:\xampp\htdocs\system\Model.php(462): CodeIgniter\Database\BaseBuilder->get()
#5 C:\xampp\htdocs\app\Controllers\Web.php(68): CodeIgniter\Model->findAll()
#6 C:\xampp\htdocs\system\CodeIgniter.php(918): App\Controllers\Web->artist('ron')
#7 C:\xampp\htdocs\system\CodeIgniter.php(404): CodeIgniter\CodeIgniter->runController(Object(App\Controllers\Web))
#8 C:\xampp\htdocs\system\CodeIgniter.php(312): CodeIgniter\CodeIgniter->handleRequest(NULL, Object(Config\Cache), false)
#9 C:\xampp\htdocs\index.php(45): CodeIgniter\CodeIgniter->run()
#10 {main}
CRITICAL - 2021-07-31 23:29:47 --> Unknown column 'image' in 'field list'
#0 C:\xampp\htdocs\system\Database\MySQLi\Connection.php(331): mysqli->query('SELECT `id`, `u...')
#1 C:\xampp\htdocs\system\Database\BaseConnection.php(741): CodeIgniter\Database\MySQLi\Connection->execute('SELECT `id`, `u...')
#2 C:\xampp\htdocs\system\Database\BaseConnection.php(669): CodeIgniter\Database\BaseConnection->simpleQuery('SELECT `id`, `u...')
#3 C:\xampp\htdocs\system\Database\BaseBuilder.php(1860): CodeIgniter\Database\BaseConnection->query('SELECT `id`, `u...', Array, false)
#4 C:\xampp\htdocs\system\Model.php(462): CodeIgniter\Database\BaseBuilder->get()
#5 C:\xampp\htdocs\app\Controllers\Web.php(68): CodeIgniter\Model->findAll()
#6 C:\xampp\htdocs\system\CodeIgniter.php(918): App\Controllers\Web->artist('ron')
#7 C:\xampp\htdocs\system\CodeIgniter.php(404): CodeIgniter\CodeIgniter->runController(Object(App\Controllers\Web))
#8 C:\xampp\htdocs\system\CodeIgniter.php(312): CodeIgniter\CodeIgniter->handleRequest(NULL, Object(Config\Cache), false)
#9 C:\xampp\htdocs\index.php(45): CodeIgniter\CodeIgniter->run()
#10 {main}
CRITICAL - 2021-07-31 23:29:49 --> Unknown column 'image' in 'field list'
#0 C:\xampp\htdocs\system\Database\MySQLi\Connection.php(331): mysqli->query('SELECT `id`, `u...')
#1 C:\xampp\htdocs\system\Database\BaseConnection.php(741): CodeIgniter\Database\MySQLi\Connection->execute('SELECT `id`, `u...')
#2 C:\xampp\htdocs\system\Database\BaseConnection.php(669): CodeIgniter\Database\BaseConnection->simpleQuery('SELECT `id`, `u...')
#3 C:\xampp\htdocs\system\Database\BaseBuilder.php(1860): CodeIgniter\Database\BaseConnection->query('SELECT `id`, `u...', Array, false)
#4 C:\xampp\htdocs\system\Model.php(462): CodeIgniter\Database\BaseBuilder->get()
#5 C:\xampp\htdocs\app\Controllers\Web.php(68): CodeIgniter\Model->findAll()
#6 C:\xampp\htdocs\system\CodeIgniter.php(918): App\Controllers\Web->artist('ron')
#7 C:\xampp\htdocs\system\CodeIgniter.php(404): CodeIgniter\CodeIgniter->runController(Object(App\Controllers\Web))
#8 C:\xampp\htdocs\system\CodeIgniter.php(312): CodeIgniter\CodeIgniter->handleRequest(NULL, Object(Config\Cache), false)
#9 C:\xampp\htdocs\index.php(45): CodeIgniter\CodeIgniter->run()
#10 {main}
CRITICAL - 2021-07-31 23:29:49 --> Unknown column 'image' in 'field list'
#0 C:\xampp\htdocs\system\Database\MySQLi\Connection.php(331): mysqli->query('SELECT `id`, `u...')
#1 C:\xampp\htdocs\system\Database\BaseConnection.php(741): CodeIgniter\Database\MySQLi\Connection->execute('SELECT `id`, `u...')
#2 C:\xampp\htdocs\system\Database\BaseConnection.php(669): CodeIgniter\Database\BaseConnection->simpleQuery('SELECT `id`, `u...')
#3 C:\xampp\htdocs\system\Database\BaseBuilder.php(1860): CodeIgniter\Database\BaseConnection->query('SELECT `id`, `u...', Array, false)
#4 C:\xampp\htdocs\system\Model.php(462): CodeIgniter\Database\BaseBuilder->get()
#5 C:\xampp\htdocs\app\Controllers\Web.php(68): CodeIgniter\Model->findAll()
#6 C:\xampp\htdocs\system\CodeIgniter.php(918): App\Controllers\Web->artist('ron')
#7 C:\xampp\htdocs\system\CodeIgniter.php(404): CodeIgniter\CodeIgniter->runController(Object(App\Controllers\Web))
#8 C:\xampp\htdocs\system\CodeIgniter.php(312): CodeIgniter\CodeIgniter->handleRequest(NULL, Object(Config\Cache), false)
#9 C:\xampp\htdocs\index.php(45): CodeIgniter\CodeIgniter->run()
#10 {main}
CRITICAL - 2021-07-31 23:29:49 --> Unknown column 'image' in 'field list'
#0 C:\xampp\htdocs\system\Database\MySQLi\Connection.php(331): mysqli->query('SELECT `id`, `u...')
#1 C:\xampp\htdocs\system\Database\BaseConnection.php(741): CodeIgniter\Database\MySQLi\Connection->execute('SELECT `id`, `u...')
#2 C:\xampp\htdocs\system\Database\BaseConnection.php(669): CodeIgniter\Database\BaseConnection->simpleQuery('SELECT `id`, `u...')
#3 C:\xampp\htdocs\system\Database\BaseBuilder.php(1860): CodeIgniter\Database\BaseConnection->query('SELECT `id`, `u...', Array, false)
#4 C:\xampp\htdocs\system\Model.php(462): CodeIgniter\Database\BaseBuilder->get()
#5 C:\xampp\htdocs\app\Controllers\Web.php(68): CodeIgniter\Model->findAll()
#6 C:\xampp\htdocs\system\CodeIgniter.php(918): App\Controllers\Web->artist('ron')
#7 C:\xampp\htdocs\system\CodeIgniter.php(404): CodeIgniter\CodeIgniter->runController(Object(App\Controllers\Web))
#8 C:\xampp\htdocs\system\CodeIgniter.php(312): CodeIgniter\CodeIgniter->handleRequest(NULL, Object(Config\Cache), false)
#9 C:\xampp\htdocs\index.php(45): CodeIgniter\CodeIgniter->run()
#10 {main}
CRITICAL - 2021-07-31 23:29:50 --> Unknown column 'image' in 'field list'
#0 C:\xampp\htdocs\system\Database\MySQLi\Connection.php(331): mysqli->query('SELECT `id`, `u...')
#1 C:\xampp\htdocs\system\Database\BaseConnection.php(741): CodeIgniter\Database\MySQLi\Connection->execute('SELECT `id`, `u...')
#2 C:\xampp\htdocs\system\Database\BaseConnection.php(669): CodeIgniter\Database\BaseConnection->simpleQuery('SELECT `id`, `u...')
#3 C:\xampp\htdocs\system\Database\BaseBuilder.php(1860): CodeIgniter\Database\BaseConnection->query('SELECT `id`, `u...', Array, false)
#4 C:\xampp\htdocs\system\Model.php(462): CodeIgniter\Database\BaseBuilder->get()
#5 C:\xampp\htdocs\app\Controllers\Web.php(68): CodeIgniter\Model->findAll()
#6 C:\xampp\htdocs\system\CodeIgniter.php(918): App\Controllers\Web->artist('ron')
#7 C:\xampp\htdocs\system\CodeIgniter.php(404): CodeIgniter\CodeIgniter->runController(Object(App\Controllers\Web))
#8 C:\xampp\htdocs\system\CodeIgniter.php(312): CodeIgniter\CodeIgniter->handleRequest(NULL, Object(Config\Cache), false)
#9 C:\xampp\htdocs\index.php(45): CodeIgniter\CodeIgniter->run()
#10 {main}
CRITICAL - 2021-07-31 23:29:50 --> Unknown column 'image' in 'field list'
#0 C:\xampp\htdocs\system\Database\MySQLi\Connection.php(331): mysqli->query('SELECT `id`, `u...')
#1 C:\xampp\htdocs\system\Database\BaseConnection.php(741): CodeIgniter\Database\MySQLi\Connection->execute('SELECT `id`, `u...')
#2 C:\xampp\htdocs\system\Database\BaseConnection.php(669): CodeIgniter\Database\BaseConnection->simpleQuery('SELECT `id`, `u...')
#3 C:\xampp\htdocs\system\Database\BaseBuilder.php(1860): CodeIgniter\Database\BaseConnection->query('SELECT `id`, `u...', Array, false)
#4 C:\xampp\htdocs\system\Model.php(462): CodeIgniter\Database\BaseBuilder->get()
#5 C:\xampp\htdocs\app\Controllers\Web.php(68): CodeIgniter\Model->findAll()
#6 C:\xampp\htdocs\system\CodeIgniter.php(918): App\Controllers\Web->artist('ron')
#7 C:\xampp\htdocs\system\CodeIgniter.php(404): CodeIgniter\CodeIgniter->runController(Object(App\Controllers\Web))
#8 C:\xampp\htdocs\system\CodeIgniter.php(312): CodeIgniter\CodeIgniter->handleRequest(NULL, Object(Config\Cache), false)
#9 C:\xampp\htdocs\index.php(45): CodeIgniter\CodeIgniter->run()
#10 {main}
